11.7s 1 0.00s - Debugger warning: It seems that frozen modules are being used, which may
11.7s 2 0.00s - make the debugger miss breakpoints. Please pass -Xfrozen_modules=off
11.7s 3 0.00s - to python to disable frozen modules.
11.7s 4 0.00s - Note: Debugging will proceed. Set PYDEVD_DISABLE_FILE_VALIDATION=1 to disable this validation.
12.5s 5 0.00s - Debugger warning: It seems that frozen modules are being used, which may
12.5s 6 0.00s - make the debugger miss breakpoints. Please pass -Xfrozen_modules=off
12.5s 7 0.00s - to python to disable frozen modules.
12.5s 8 0.00s - Note: Debugging will proceed. Set PYDEVD_DISABLE_FILE_VALIDATION=1 to disable this validation.
25.7s 9 Device: cuda
25.9s 10 /kaggle/input/datasets/chetannarware/pemsbay/pemsbaay/pemsbay_10percent_missing.csv
27.5s 11 
27.5s 12 ========== 0% Missing ==========
27.5s 13 
27.5s 14 ==============================
27.5s 15 BASELINE: CONVLSTM | 0% MISSING
27.5s 16 ==============================
30.9s 17 /usr/local/lib/python3.12/dist-packages/numpy/lib/_nanfunctions_impl.py:1233: RuntimeWarning: All-NaN slice encountered
30.9s 18 return fnb._ureduce(a, func=_nanmedian, keepdims=keepdims,
30.9s 19 
30.9s 20 /usr/local/lib/python3.12/dist-packages/numpy/lib/_nanfunctions_impl.py:1233: RuntimeWarning: All-NaN slice encountered
30.9s 21 return fnb._ureduce(a, func=_nanmedian, keepdims=keepdims,
32.3s 22 Model: CONVLSTM
32.3s 23 Parameters: 148,801
110.7s 24 Epoch 01 | Train: 0.1656 | Val: 0.1318 | LR: 1.00e-03
110.7s 25 ✓ Saved best model
186.0s 26 Epoch 02 | Train: 0.1310 | Val: 0.1324 | LR: 1.00e-03
261.3s 27 Epoch 03 | Train: 0.1300 | Val: 0.1308 | LR: 1.00e-03
261.3s 28 ✓ Saved best model
336.6s 29 Epoch 04 | Train: 0.1294 | Val: 0.1293 | LR: 1.00e-03
336.6s 30 ✓ Saved best model
411.7s 31 Epoch 05 | Train: 0.1288 | Val: 0.1291 | LR: 1.00e-03
411.7s 32 ✓ Saved best model
486.9s 33 Epoch 06 | Train: 0.1284 | Val: 0.1297 | LR: 1.00e-03
562.1s 34 Epoch 07 | Train: 0.1280 | Val: 0.1294 | LR: 1.00e-03
637.2s 35 Epoch 08 | Train: 0.1278 | Val: 0.1284 | LR: 1.00e-03
637.2s 36 ✓ Saved best model
712.5s 37 Epoch 09 | Train: 0.1275 | Val: 0.1287 | LR: 1.00e-03
787.8s 38 Epoch 10 | Train: 0.1273 | Val: 0.1283 | LR: 1.00e-03
787.8s 39 ✓ Saved best model
863.1s 40 Epoch 11 | Train: 0.1272 | Val: 0.1277 | LR: 1.00e-03
863.1s 41 ✓ Saved best model
938.3s 42 Epoch 12 | Train: 0.1270 | Val: 0.1284 | LR: 1.00e-03
1013.7s 43 Epoch 13 | Train: 0.1268 | Val: 0.1292 | LR: 1.00e-03
1088.8s 44 Epoch 14 | Train: 0.1267 | Val: 0.1287 | LR: 1.00e-03
1164.1s 45 Epoch 15 | Train: 0.1267 | Val: 0.1272 | LR: 1.00e-03
1164.1s 46 ✓ Saved best model
1239.0s 47 Epoch 16 | Train: 0.1264 | Val: 0.1277 | LR: 1.00e-03
1314.0s 48 Epoch 17 | Train: 0.1263 | Val: 0.1267 | LR: 1.00e-03
1314.0s 49 ✓ Saved best model
1389.1s 50 Epoch 18 | Train: 0.1263 | Val: 0.1288 | LR: 1.00e-03
1464.0s 51 Epoch 19 | Train: 0.1261 | Val: 0.1267 | LR: 1.00e-03
1539.2s 52 Epoch 20 | Train: 0.1260 | Val: 0.1262 | LR: 1.00e-03
1539.2s 53 ✓ Saved best model
1614.5s 54 Epoch 21 | Train: 0.1260 | Val: 0.1265 | LR: 1.00e-03
1690.1s 55 Epoch 22 | Train: 0.1259 | Val: 0.1265 | LR: 1.00e-03
1765.9s 56 Epoch 23 | Train: 0.1258 | Val: 0.1262 | LR: 1.00e-03
1765.9s 57 ✓ Saved best model
1841.3s 58 Epoch 24 | Train: 0.1258 | Val: 0.1261 | LR: 1.00e-03
1841.3s 59 ✓ Saved best model
1916.4s 60 Epoch 25 | Train: 0.1257 | Val: 0.1264 | LR: 1.00e-03
1991.4s 61 Epoch 26 | Train: 0.1256 | Val: 0.1279 | LR: 1.00e-03
2066.4s 62 Epoch 27 | Train: 0.1258 | Val: 0.1263 | LR: 1.00e-03
2141.4s 63 Epoch 28 | Train: 0.1256 | Val: 0.1260 | LR: 1.00e-03
2141.4s 64 ✓ Saved best model
2216.4s 65 Epoch 29 | Train: 0.1255 | Val: 0.1261 | LR: 1.00e-03
2291.5s 66 Epoch 30 | Train: 0.1255 | Val: 0.1263 | LR: 1.00e-03
2366.5s 67 Epoch 31 | Train: 0.1254 | Val: 0.1264 | LR: 1.00e-03
2441.5s 68 Epoch 32 | Train: 0.1254 | Val: 0.1255 | LR: 1.00e-03
2441.5s 69 ✓ Saved best model
2516.4s 70 Epoch 33 | Train: 0.1254 | Val: 0.1269 | LR: 1.00e-03
2591.2s 71 Epoch 34 | Train: 0.1254 | Val: 0.1261 | LR: 1.00e-03
2666.0s 72 Epoch 35 | Train: 0.1253 | Val: 0.1271 | LR: 1.00e-03
2740.7s 73 Epoch 36 | Train: 0.1254 | Val: 0.1256 | LR: 1.00e-03
2815.5s 74 Epoch 37 | Train: 0.1253 | Val: 0.1259 | LR: 1.00e-03
2890.3s 75 Epoch 38 | Train: 0.1253 | Val: 0.1261 | LR: 1.00e-03  → LR dropped to 5.00e-04
2965.1s 76 Epoch 39 | Train: 0.1249 | Val: 0.1252 | LR: 5.00e-04
2965.1s 77 ✓ Saved best model
3040.1s 78 Epoch 40 | Train: 0.1249 | Val: 0.1255 | LR: 5.00e-04
3115.2s 79 Epoch 41 | Train: 0.1248 | Val: 0.1260 | LR: 5.00e-04
3190.3s 80 Epoch 42 | Train: 0.1249 | Val: 0.1257 | LR: 5.00e-04
3265.2s 81 Epoch 43 | Train: 0.1249 | Val: 0.1260 | LR: 5.00e-04
3340.0s 82 Epoch 44 | Train: 0.1249 | Val: 0.1253 | LR: 5.00e-04
3414.7s 83 Epoch 45 | Train: 0.1249 | Val: 0.1253 | LR: 5.00e-04  → LR dropped to 2.50e-04
3489.4s 84 Epoch 46 | Train: 0.1246 | Val: 0.1249 | LR: 2.50e-04
3489.4s 85 ✓ Saved best model
3564.2s 86 Epoch 47 | Train: 0.1247 | Val: 0.1250 | LR: 2.50e-04
3639.0s 87 Epoch 48 | Train: 0.1246 | Val: 0.1250 | LR: 2.50e-04
3713.8s 88 Epoch 49 | Train: 0.1246 | Val: 0.1252 | LR: 2.50e-04
3788.5s 89 Epoch 50 | Train: 0.1246 | Val: 0.1249 | LR: 2.50e-04
3788.5s 90 ✓ Saved best model
3863.2s 91 Epoch 51 | Train: 0.1246 | Val: 0.1249 | LR: 2.50e-04
3863.2s 92 ✓ Saved best model
3938.1s 93 Epoch 52 | Train: 0.1246 | Val: 0.1249 | LR: 2.50e-04
3938.1s 94 ✓ Saved best model
4013.0s 95 Epoch 53 | Train: 0.1246 | Val: 0.1253 | LR: 2.50e-04
4088.0s 96 Epoch 54 | Train: 0.1246 | Val: 0.1251 | LR: 2.50e-04
4163.1s 97 Epoch 55 | Train: 0.1245 | Val: 0.1251 | LR: 2.50e-04
4238.2s 98 Epoch 56 | Train: 0.1246 | Val: 0.1250 | LR: 2.50e-04
4313.4s 99 Epoch 57 | Train: 0.1245 | Val: 0.1249 | LR: 2.50e-04
4313.4s 100 ✓ Saved best model
4388.5s 101 Epoch 58 | Train: 0.1245 | Val: 0.1253 | LR: 2.50e-04
4463.6s 102 Epoch 59 | Train: 0.1245 | Val: 0.1250 | LR: 2.50e-04
4538.7s 103 Epoch 60 | Train: 0.1246 | Val: 0.1250 | LR: 2.50e-04
4613.9s 104 Epoch 61 | Train: 0.1245 | Val: 0.1249 | LR: 2.50e-04
4689.1s 105 Epoch 62 | Train: 0.1245 | Val: 0.1250 | LR: 2.50e-04
4764.2s 106 Epoch 63 | Train: 0.1245 | Val: 0.1250 | LR: 2.50e-04  → LR dropped to 1.25e-04
4839.1s 107 Epoch 64 | Train: 0.1244 | Val: 0.1250 | LR: 1.25e-04
4914.0s 108 Epoch 65 | Train: 0.1244 | Val: 0.1254 | LR: 1.25e-04
4988.9s 109 Epoch 66 | Train: 0.1244 | Val: 0.1249 | LR: 1.25e-04
4988.9s 110 ✓ Saved best model
5063.8s 111 Epoch 67 | Train: 0.1244 | Val: 0.1248 | LR: 1.25e-04
5063.8s 112 ✓ Saved best model
5138.9s 113 Epoch 68 | Train: 0.1244 | Val: 0.1249 | LR: 1.25e-04
5214.1s 114 Epoch 69 | Train: 0.1244 | Val: 0.1249 | LR: 1.25e-04
5289.2s 115 Epoch 70 | Train: 0.1244 | Val: 0.1250 | LR: 1.25e-04
5364.4s 116 Epoch 71 | Train: 0.1244 | Val: 0.1248 | LR: 1.25e-04
5364.4s 117 ✓ Saved best model
5439.6s 118 Epoch 72 | Train: 0.1244 | Val: 0.1248 | LR: 1.25e-04
5514.8s 119 Epoch 73 | Train: 0.1244 | Val: 0.1248 | LR: 1.25e-04
5514.8s 120 ✓ Saved best model
5590.0s 121 Epoch 74 | Train: 0.1244 | Val: 0.1249 | LR: 1.25e-04
5665.0s 122 Epoch 75 | Train: 0.1243 | Val: 0.1247 | LR: 1.25e-04
5665.0s 123 ✓ Saved best model
5740.0s 124 Epoch 76 | Train: 0.1244 | Val: 0.1250 | LR: 1.25e-04
5814.9s 125 Epoch 77 | Train: 0.1243 | Val: 0.1249 | LR: 1.25e-04
5889.8s 126 Epoch 78 | Train: 0.1243 | Val: 0.1248 | LR: 1.25e-04
5964.7s 127 Epoch 79 | Train: 0.1244 | Val: 0.1248 | LR: 1.25e-04
6039.7s 128 Epoch 80 | Train: 0.1244 | Val: 0.1248 | LR: 1.25e-04
6039.7s 129 Saved: /kaggle/working/loopsea_base_convlstm_0.pt
6045.1s 130 MAE  : 0.8884
6045.1s 131 RMSE : 1.7064
6045.2s 132 R2   : 0.9722
6045.2s 133 MAPE : 1.71%
6045.2s 134 
6045.2s 135 FINAL RESULT 0%
6045.2s 136 MAE  : 0.8884
6045.2s 137 RMSE : 1.7064
6045.2s 138 R2   : 0.9722
6045.2s 139 MAPE : 1.71%
6045.2s 140 
6045.2s 141 ========== 10% Missing ==========
6045.2s 142 
6045.2s 143 ==============================
6045.2s 144 BASELINE: CONVLSTM | 10% MISSING
6045.2s 145 ==============================
6047.8s 146 /usr/local/lib/python3.12/dist-packages/numpy/lib/_nanfunctions_impl.py:1233: RuntimeWarning: All-NaN slice encountered
6047.8s 147 return fnb._ureduce(a, func=_nanmedian, keepdims=keepdims,
6047.8s 148 
6047.8s 149 /usr/local/lib/python3.12/dist-packages/numpy/lib/_nanfunctions_impl.py:1233: RuntimeWarning: All-NaN slice encountered
6047.8s 150 return fnb._ureduce(a, func=_nanmedian, keepdims=keepdims,
6048.7s 151 Model: CONVLSTM
6048.7s 152 Parameters: 148,801
6123.9s 153 Epoch 01 | Train: 0.2385 | Val: 0.2151 | LR: 1.00e-03
6123.9s 154 ✓ Saved best model
6199.1s 155 Epoch 02 | Train: 0.2074 | Val: 0.2075 | LR: 1.00e-03
6199.1s 156 ✓ Saved best model
6274.0s 157 Epoch 03 | Train: 0.2029 | Val: 0.2038 | LR: 1.00e-03
6274.0s 158 ✓ Saved best model
6348.9s 159 Epoch 04 | Train: 0.2001 | Val: 0.2023 | LR: 1.00e-03
6348.9s 160 ✓ Saved best model
6423.9s 161 Epoch 05 | Train: 0.1983 | Val: 0.1991 | LR: 1.00e-03
6423.9s 162 ✓ Saved best model
6498.9s 163 Epoch 06 | Train: 0.1965 | Val: 0.1978 | LR: 1.00e-03
6498.9s 164 ✓ Saved best model
6574.1s 165 Epoch 07 | Train: 0.1953 | Val: 0.1969 | LR: 1.00e-03
6574.1s 166 ✓ Saved best model
6649.2s 167 Epoch 08 | Train: 0.1944 | Val: 0.1972 | LR: 1.00e-03
6724.4s 168 Epoch 09 | Train: 0.1939 | Val: 0.1953 | LR: 1.00e-03
6724.4s 169 ✓ Saved best model
6799.6s 170 Epoch 10 | Train: 0.1933 | Val: 0.1961 | LR: 1.00e-03
6874.8s 171 Epoch 11 | Train: 0.1929 | Val: 0.1946 | LR: 1.00e-03
6874.8s 172 ✓ Saved best model
6950.0s 173 Epoch 12 | Train: 0.1925 | Val: 0.1944 | LR: 1.00e-03
6950.0s 174 ✓ Saved best model
7025.2s 175 Epoch 13 | Train: 0.1922 | Val: 0.1940 | LR: 1.00e-03
7025.2s 176 ✓ Saved best model
7100.4s 177 Epoch 14 | Train: 0.1918 | Val: 0.1938 | LR: 1.00e-03
7100.4s 178 ✓ Saved best model
7175.6s 179 Epoch 15 | Train: 0.1917 | Val: 0.1945 | LR: 1.00e-03
7250.6s 180 Epoch 16 | Train: 0.1914 | Val: 0.1939 | LR: 1.00e-03
7325.5s 181 Epoch 17 | Train: 0.1913 | Val: 0.1929 | LR: 1.00e-03
7325.5s 182 ✓ Saved best model
7400.5s 183 Epoch 18 | Train: 0.1911 | Val: 0.1929 | LR: 1.00e-03
7400.5s 184 ✓ Saved best model
7475.5s 185 Epoch 19 | Train: 0.1910 | Val: 0.1936 | LR: 1.00e-03
7550.6s 186 Epoch 20 | Train: 0.1909 | Val: 0.1931 | LR: 1.00e-03
7625.8s 187 Epoch 21 | Train: 0.1907 | Val: 0.1939 | LR: 1.00e-03
7701.1s 188 Epoch 22 | Train: 0.1907 | Val: 0.1930 | LR: 1.00e-03
7776.3s 189 Epoch 23 | Train: 0.1906 | Val: 0.1928 | LR: 1.00e-03
7776.3s 190 ✓ Saved best model
7851.6s 191 Epoch 24 | Train: 0.1905 | Val: 0.1932 | LR: 1.00e-03
7926.7s 192 Epoch 25 | Train: 0.1904 | Val: 0.1924 | LR: 1.00e-03
7926.7s 193 ✓ Saved best model
8001.6s 194 Epoch 26 | Train: 0.1904 | Val: 0.1939 | LR: 1.00e-03
8076.7s 195 Epoch 27 | Train: 0.1904 | Val: 0.1945 | LR: 1.00e-03
8151.7s 196 Epoch 28 | Train: 0.1903 | Val: 0.1930 | LR: 1.00e-03
8226.6s 197 Epoch 29 | Train: 0.1902 | Val: 0.1924 | LR: 1.00e-03
8301.6s 198 Epoch 30 | Train: 0.1902 | Val: 0.1922 | LR: 1.00e-03
8301.6s 199 ✓ Saved best model
8376.5s 200 Epoch 31 | Train: 0.1902 | Val: 0.1928 | LR: 1.00e-03
8451.4s 201 Epoch 32 | Train: 0.1901 | Val: 0.1944 | LR: 1.00e-03
8526.5s 202 Epoch 33 | Train: 0.1900 | Val: 0.1934 | LR: 1.00e-03
8601.3s 203 Epoch 34 | Train: 0.1901 | Val: 0.1923 | LR: 1.00e-03
8676.3s 204 Epoch 35 | Train: 0.1899 | Val: 0.1918 | LR: 1.00e-03
8676.3s 205 ✓ Saved best model
8751.1s 206 Epoch 36 | Train: 0.1901 | Val: 0.1947 | LR: 1.00e-03
8826.0s 207 Epoch 37 | Train: 0.1898 | Val: 0.1928 | LR: 1.00e-03
8900.8s 208 Epoch 38 | Train: 0.1899 | Val: 0.1932 | LR: 1.00e-03
8975.7s 209 Epoch 39 | Train: 0.1899 | Val: 0.1931 | LR: 1.00e-03
9050.6s 210 Epoch 40 | Train: 0.1898 | Val: 0.1929 | LR: 1.00e-03
9125.4s 211 Epoch 41 | Train: 0.1897 | Val: 0.1920 | LR: 1.00e-03  → LR dropped to 5.00e-04
9200.3s 212 Epoch 42 | Train: 0.1894 | Val: 0.1921 | LR: 5.00e-04
9275.2s 213 Epoch 43 | Train: 0.1893 | Val: 0.1915 | LR: 5.00e-04
9275.2s 214 ✓ Saved best model
9350.1s 215 Epoch 44 | Train: 0.1893 | Val: 0.1917 | LR: 5.00e-04
9425.0s 216 Epoch 45 | Train: 0.1893 | Val: 0.1921 | LR: 5.00e-04
9499.9s 217 Epoch 46 | Train: 0.1892 | Val: 0.1916 | LR: 5.00e-04
9574.8s 218 Epoch 47 | Train: 0.1893 | Val: 0.1919 | LR: 5.00e-04
9649.7s 219 Epoch 48 | Train: 0.1892 | Val: 0.1925 | LR: 5.00e-04
9724.6s 220 Epoch 49 | Train: 0.1892 | Val: 0.1917 | LR: 5.00e-04  → LR dropped to 2.50e-04
9799.5s 221 Epoch 50 | Train: 0.1890 | Val: 0.1916 | LR: 2.50e-04
9874.5s 222 Epoch 51 | Train: 0.1890 | Val: 0.1921 | LR: 2.50e-04
9949.4s 223 Epoch 52 | Train: 0.1889 | Val: 0.1915 | LR: 2.50e-04
9949.4s 224 ✓ Saved best model
10024.3s 225 Epoch 53 | Train: 0.1889 | Val: 0.1914 | LR: 2.50e-04
10024.3s 226 ✓ Saved best model
10099.3s 227 Epoch 54 | Train: 0.1890 | Val: 0.1915 | LR: 2.50e-04
10174.1s 228 Epoch 55 | Train: 0.1890 | Val: 0.1913 | LR: 2.50e-04
10174.1s 229 ✓ Saved best model
10249.0s 230 Epoch 56 | Train: 0.1889 | Val: 0.1914 | LR: 2.50e-04
10323.9s 231 Epoch 57 | Train: 0.1889 | Val: 0.1911 | LR: 2.50e-04
10323.9s 232 ✓ Saved best model
10398.8s 233 Epoch 58 | Train: 0.1889 | Val: 0.1915 | LR: 2.50e-04
10473.7s 234 Epoch 59 | Train: 0.1889 | Val: 0.1912 | LR: 2.50e-04
10548.6s 235 Epoch 60 | Train: 0.1889 | Val: 0.1911 | LR: 2.50e-04
10623.4s 236 Epoch 61 | Train: 0.1889 | Val: 0.1913 | LR: 2.50e-04
10698.4s 237 Epoch 62 | Train: 0.1889 | Val: 0.1912 | LR: 2.50e-04
10773.3s 238 Epoch 63 | Train: 0.1889 | Val: 0.1914 | LR: 2.50e-04  → LR dropped to 1.25e-04
10848.3s 239 Epoch 64 | Train: 0.1887 | Val: 0.1911 | LR: 1.25e-04
10923.3s 240 Epoch 65 | Train: 0.1887 | Val: 0.1910 | LR: 1.25e-04
10923.3s 241 ✓ Saved best model
10998.4s 242 Epoch 66 | Train: 0.1887 | Val: 0.1911 | LR: 1.25e-04
11073.4s 243 Epoch 67 | Train: 0.1887 | Val: 0.1912 | LR: 1.25e-04
11148.3s 244 Epoch 68 | Train: 0.1887 | Val: 0.1911 | LR: 1.25e-04
11223.2s 245 Epoch 69 | Train: 0.1887 | Val: 0.1911 | LR: 1.25e-04
11298.0s 246 Epoch 70 | Train: 0.1887 | Val: 0.1911 | LR: 1.25e-04
11372.9s 247 Epoch 71 | Train: 0.1886 | Val: 0.1912 | LR: 1.25e-04  → LR dropped to 6.25e-05
11447.7s 248 Epoch 72 | Train: 0.1886 | Val: 0.1911 | LR: 6.25e-05
11522.6s 249 Epoch 73 | Train: 0.1886 | Val: 0.1909 | LR: 6.25e-05
11522.6s 250 ✓ Saved best model
11597.4s 251 Epoch 74 | Train: 0.1886 | Val: 0.1911 | LR: 6.25e-05
11672.5s 252 Epoch 75 | Train: 0.1886 | Val: 0.1909 | LR: 6.25e-05
11672.5s 253 ✓ Saved best model
11747.1s 254 Epoch 76 | Train: 0.1886 | Val: 0.1910 | LR: 6.25e-05
11822.2s 255 Epoch 77 | Train: 0.1886 | Val: 0.1910 | LR: 6.25e-05
11897.2s 256 Epoch 78 | Train: 0.1886 | Val: 0.1910 | LR: 6.25e-05
11972.3s 257 Epoch 79 | Train: 0.1886 | Val: 0.1912 | LR: 6.25e-05
12047.6s 258 Epoch 80 | Train: 0.1886 | Val: 0.1911 | LR: 6.25e-05
12047.6s 259 Saved: /kaggle/working/loopsea_base_convlstm_10.pt
12052.9s 260 MAE  : 1.3731
12052.9s 261 RMSE : 3.3475
12052.9s 262 R2   : 0.8837
12052.9s 263 MAPE : 2.53%
12052.9s 264 
12052.9s 265 FINAL RESULT 10%
12052.9s 266 MAE  : 1.3731
12052.9s 267 RMSE : 3.3475
12052.9s 268 R2   : 0.8837
12052.9s 269 MAPE : 2.53%
12052.9s 270 
12052.9s 271 ========== 20% Missing ==========
12052.9s 272 
12052.9s 273 ==============================
12052.9s 274 BASELINE: CONVLSTM | 20% MISSING
12052.9s 275 ==============================
12055.8s 276 /usr/local/lib/python3.12/dist-packages/numpy/lib/_nanfunctions_impl.py:1233: RuntimeWarning: All-NaN slice encountered
12055.8s 277 return fnb._ureduce(a, func=_nanmedian, keepdims=keepdims,
12055.8s 278 
12055.8s 279 /usr/local/lib/python3.12/dist-packages/numpy/lib/_nanfunctions_impl.py:1233: RuntimeWarning: All-NaN slice encountered
12055.8s 280 return fnb._ureduce(a, func=_nanmedian, keepdims=keepdims,
12056.9s 281 Model: CONVLSTM
12056.9s 282 Parameters: 148,801
12132.0s 283 Epoch 01 | Train: 0.2962 | Val: 0.2780 | LR: 1.00e-03
12132.0s 284 ✓ Saved best model
12206.9s 285 Epoch 02 | Train: 0.2669 | Val: 0.2688 | LR: 1.00e-03
12206.9s 286 ✓ Saved best model
12282.0s 287 Epoch 03 | Train: 0.2613 | Val: 0.2653 | LR: 1.00e-03
12282.0s 288 ✓ Saved best model
12357.3s 289 Epoch 04 | Train: 0.2584 | Val: 0.2629 | LR: 1.00e-03
12357.3s 290 ✓ Saved best model
12432.7s 291 Epoch 05 | Train: 0.2567 | Val: 0.2605 | LR: 1.00e-03
12432.7s 292 ✓ Saved best model
12507.8s 293 Epoch 06 | Train: 0.2548 | Val: 0.2623 | LR: 1.00e-03
12582.9s 294 Epoch 07 | Train: 0.2535 | Val: 0.2584 | LR: 1.00e-03
12582.9s 295 ✓ Saved best model
12657.7s 296 Epoch 08 | Train: 0.2527 | Val: 0.2576 | LR: 1.00e-03
12657.7s 297 ✓ Saved best model
12732.8s 298 Epoch 09 | Train: 0.2520 | Val: 0.2567 | LR: 1.00e-03
12732.8s 299 ✓ Saved best model
12807.6s 300 Epoch 10 | Train: 0.2514 | Val: 0.2570 | LR: 1.00e-03
12882.6s 301 Epoch 11 | Train: 0.2511 | Val: 0.2569 | LR: 1.00e-03
12957.7s 302 Epoch 12 | Train: 0.2508 | Val: 0.2559 | LR: 1.00e-03
12957.7s 303 ✓ Saved best model
13032.7s 304 Epoch 13 | Train: 0.2505 | Val: 0.2554 | LR: 1.00e-03
13032.7s 305 ✓ Saved best model
13107.8s 306 Epoch 14 | Train: 0.2501 | Val: 0.2557 | LR: 1.00e-03
13182.9s 307 Epoch 15 | Train: 0.2500 | Val: 0.2566 | LR: 1.00e-03
13258.0s 308 Epoch 16 | Train: 0.2498 | Val: 0.2549 | LR: 1.00e-03
13258.0s 309 ✓ Saved best model
13333.0s 310 Epoch 17 | Train: 0.2498 | Val: 0.2575 | LR: 1.00e-03
13408.1s 311 Epoch 18 | Train: 0.2493 | Val: 0.2544 | LR: 1.00e-03
13408.1s 312 ✓ Saved best model
13483.2s 313 Epoch 19 | Train: 0.2491 | Val: 0.2543 | LR: 1.00e-03
13483.2s 314 ✓ Saved best model
13558.3s 315 Epoch 20 | Train: 0.2490 | Val: 0.2542 | LR: 1.00e-03
13558.3s 316 ✓ Saved best model
13633.4s 317 Epoch 21 | Train: 0.2488 | Val: 0.2542 | LR: 1.00e-03
13708.5s 318 Epoch 22 | Train: 0.2487 | Val: 0.2543 | LR: 1.00e-03
13783.6s 319 Epoch 23 | Train: 0.2486 | Val: 0.2538 | LR: 1.00e-03
13783.6s 320 ✓ Saved best model
13858.7s 321 Epoch 24 | Train: 0.2485 | Val: 0.2539 | LR: 1.00e-03
13933.8s 322 Epoch 25 | Train: 0.2484 | Val: 0.2547 | LR: 1.00e-03
14009.1s 323 Epoch 26 | Train: 0.2482 | Val: 0.2538 | LR: 1.00e-03
14009.1s 324 ✓ Saved best model
14084.6s 325 Epoch 27 | Train: 0.2482 | Val: 0.2533 | LR: 1.00e-03
14084.6s 326 ✓ Saved best model
14159.8s 327 Epoch 28 | Train: 0.2481 | Val: 0.2541 | LR: 1.00e-03
14235.1s 328 Epoch 29 | Train: 0.2481 | Val: 0.2535 | LR: 1.00e-03
14310.5s 329 Epoch 30 | Train: 0.2480 | Val: 0.2536 | LR: 1.00e-03
14385.7s 330 Epoch 31 | Train: 0.2479 | Val: 0.2535 | LR: 1.00e-03
14461.0s 331 Epoch 32 | Train: 0.2479 | Val: 0.2540 | LR: 1.00e-03
14536.2s 332 Epoch 33 | Train: 0.2478 | Val: 0.2542 | LR: 1.00e-03  → LR dropped to 5.00e-04
14611.6s 333 Epoch 34 | Train: 0.2474 | Val: 0.2540 | LR: 5.00e-04
14687.0s 334 Epoch 35 | Train: 0.2473 | Val: 0.2539 | LR: 5.00e-04
14762.4s 335 Epoch 36 | Train: 0.2473 | Val: 0.2529 | LR: 5.00e-04
14762.4s 336 ✓ Saved best model
14837.7s 337 Epoch 37 | Train: 0.2473 | Val: 0.2529 | LR: 5.00e-04
14837.7s 338 ✓ Saved best model
14913.1s 339 Epoch 38 | Train: 0.2473 | Val: 0.2531 | LR: 5.00e-04
14988.4s 340 Epoch 39 | Train: 0.2473 | Val: 0.2531 | LR: 5.00e-04
15063.6s 341 Epoch 40 | Train: 0.2472 | Val: 0.2528 | LR: 5.00e-04
15063.6s 342 ✓ Saved best model
15139.0s 343 Epoch 41 | Train: 0.2472 | Val: 0.2528 | LR: 5.00e-04
15214.5s 344 Epoch 42 | Train: 0.2472 | Val: 0.2527 | LR: 5.00e-04
15214.5s 345 ✓ Saved best model
15289.8s 346 Epoch 43 | Train: 0.2472 | Val: 0.2529 | LR: 5.00e-04
15365.0s 347 Epoch 44 | Train: 0.2471 | Val: 0.2529 | LR: 5.00e-04
15440.1s 348 Epoch 45 | Train: 0.2472 | Val: 0.2527 | LR: 5.00e-04
15515.2s 349 Epoch 46 | Train: 0.2472 | Val: 0.2527 | LR: 5.00e-04
15590.3s 350 Epoch 47 | Train: 0.2470 | Val: 0.2530 | LR: 5.00e-04
15665.4s 351 Epoch 48 | Train: 0.2470 | Val: 0.2526 | LR: 5.00e-04
15665.4s 352 ✓ Saved best model
15740.7s 353 Epoch 49 | Train: 0.2471 | Val: 0.2529 | LR: 5.00e-04
15815.9s 354 Epoch 50 | Train: 0.2474 | Val: 0.2525 | LR: 5.00e-04
15815.9s 355 ✓ Saved best model
15891.3s 356 Epoch 51 | Train: 0.2471 | Val: 0.2526 | LR: 5.00e-04
15966.6s 357 Epoch 52 | Train: 0.2471 | Val: 0.2526 | LR: 5.00e-04
16041.8s 358 Epoch 53 | Train: 0.2470 | Val: 0.2528 | LR: 5.00e-04
16116.9s 359 Epoch 54 | Train: 0.2470 | Val: 0.2527 | LR: 5.00e-04
16192.2s 360 Epoch 55 | Train: 0.2470 | Val: 0.2526 | LR: 5.00e-04
16267.7s 361 Epoch 56 | Train: 0.2470 | Val: 0.2527 | LR: 5.00e-04  → LR dropped to 2.50e-04
16343.3s 362 Epoch 57 | Train: 0.2468 | Val: 0.2524 | LR: 2.50e-04
16343.3s 363 ✓ Saved best model
16418.9s 364 Epoch 58 | Train: 0.2467 | Val: 0.2524 | LR: 2.50e-04
16494.4s 365 Epoch 59 | Train: 0.2466 | Val: 0.2530 | LR: 2.50e-04
16570.0s 366 Epoch 60 | Train: 0.2466 | Val: 0.2522 | LR: 2.50e-04
16570.0s 367 ✓ Saved best model
16645.4s 368 Epoch 61 | Train: 0.2466 | Val: 0.2525 | LR: 2.50e-04
16721.0s 369 Epoch 62 | Train: 0.2466 | Val: 0.2524 | LR: 2.50e-04
16796.3s 370 Epoch 63 | Train: 0.2467 | Val: 0.2526 | LR: 2.50e-04
16871.6s 371 Epoch 64 | Train: 0.2467 | Val: 0.2525 | LR: 2.50e-04
16947.1s 372 Epoch 65 | Train: 0.2467 | Val: 0.2523 | LR: 2.50e-04
17022.5s 373 Epoch 66 | Train: 0.2466 | Val: 0.2525 | LR: 2.50e-04  → LR dropped to 1.25e-04
17097.9s 374 Epoch 67 | Train: 0.2464 | Val: 0.2523 | LR: 1.25e-04
17173.3s 375 Epoch 68 | Train: 0.2465 | Val: 0.2523 | LR: 1.25e-04
17248.6s 376 Epoch 69 | Train: 0.2465 | Val: 0.2522 | LR: 1.25e-04
17323.9s 377 Epoch 70 | Train: 0.2465 | Val: 0.2522 | LR: 1.25e-04
17323.9s 378 ✓ Saved best model
17399.5s 379 Epoch 71 | Train: 0.2465 | Val: 0.2522 | LR: 1.25e-04
17399.5s 380 ✓ Saved best model
17474.9s 381 Epoch 72 | Train: 0.2464 | Val: 0.2522 | LR: 1.25e-04
17550.3s 382 Epoch 73 | Train: 0.2464 | Val: 0.2523 | LR: 1.25e-04
17625.7s 383 Epoch 74 | Train: 0.2464 | Val: 0.2522 | LR: 1.25e-04
17625.7s 384 ✓ Saved best model
17701.1s 385 Epoch 75 | Train: 0.2464 | Val: 0.2521 | LR: 1.25e-04
17701.1s 386 ✓ Saved best model
17776.7s 387 Epoch 76 | Train: 0.2464 | Val: 0.2522 | LR: 1.25e-04
17852.1s 388 Epoch 77 | Train: 0.2464 | Val: 0.2521 | LR: 1.25e-04
17927.3s 389 Epoch 78 | Train: 0.2464 | Val: 0.2522 | LR: 1.25e-04
18002.5s 390 Epoch 79 | Train: 0.2464 | Val: 0.2522 | LR: 1.25e-04
18078.0s 391 Epoch 80 | Train: 0.2463 | Val: 0.2522 | LR: 1.25e-04
18078.0s 392 Saved: /kaggle/working/loopsea_base_convlstm_20.pt
18083.2s 393 MAE  : 1.8301
18083.2s 394 RMSE : 4.2941
18083.2s 395 R2   : 0.7898
18083.2s 396 MAPE : 3.34%
18083.2s 397 
18083.2s 398 FINAL RESULT 20%
18083.2s 399 MAE  : 1.8301
18083.2s 400 RMSE : 4.2941
18083.2s 401 R2   : 0.7898
18083.2s 402 MAPE : 3.34%
18083.2s 403 
18083.2s 404 ========== 40% Missing ==========
18083.2s 405 
18083.2s 406 ==============================
18083.2s 407 BASELINE: CONVLSTM | 40% MISSING
18083.2s 408 ==============================
18085.8s 409 /usr/local/lib/python3.12/dist-packages/numpy/lib/_nanfunctions_impl.py:1233: RuntimeWarning: All-NaN slice encountered
18085.8s 410 return fnb._ureduce(a, func=_nanmedian, keepdims=keepdims,
18085.8s 411 
18085.8s 412 /usr/local/lib/python3.12/dist-packages/numpy/lib/_nanfunctions_impl.py:1233: RuntimeWarning: All-NaN slice encountered
18085.8s 413 return fnb._ureduce(a, func=_nanmedian, keepdims=keepdims,
18087.0s 414 Model: CONVLSTM
18087.0s 415 Parameters: 148,801
18162.4s 416 Epoch 01 | Train: 0.3592 | Val: 0.3605 | LR: 1.00e-03
18162.4s 417 ✓ Saved best model
18237.7s 418 Epoch 02 | Train: 0.3482 | Val: 0.3585 | LR: 1.00e-03
18237.7s 419 ✓ Saved best model
18312.9s 420 Epoch 03 | Train: 0.3470 | Val: 0.3567 | LR: 1.00e-03
18312.9s 421 ✓ Saved best model
18388.1s 422 Epoch 04 | Train: 0.3459 | Val: 0.3554 | LR: 1.00e-03
18388.1s 423 ✓ Saved best model
18463.3s 424 Epoch 05 | Train: 0.3446 | Val: 0.3538 | LR: 1.00e-03
18463.3s 425 ✓ Saved best model
18538.4s 426 Epoch 06 | Train: 0.3434 | Val: 0.3528 | LR: 1.00e-03
18538.4s 427 ✓ Saved best model
18613.8s 428 Epoch 07 | Train: 0.3424 | Val: 0.3516 | LR: 1.00e-03
18613.8s 429 ✓ Saved best model
18689.0s 430 Epoch 08 | Train: 0.3416 | Val: 0.3513 | LR: 1.00e-03
18689.0s 431 ✓ Saved best model
18764.3s 432 Epoch 09 | Train: 0.3412 | Val: 0.3507 | LR: 1.00e-03
18764.3s 433 ✓ Saved best model
18839.6s 434 Epoch 10 | Train: 0.3409 | Val: 0.3505 | LR: 1.00e-03
18839.6s 435 ✓ Saved best model
18914.8s 436 Epoch 11 | Train: 0.3406 | Val: 0.3502 | LR: 1.00e-03
18914.8s 437 ✓ Saved best model
18989.9s 438 Epoch 12 | Train: 0.3404 | Val: 0.3501 | LR: 1.00e-03
18989.9s 439 ✓ Saved best model
19065.1s 440 Epoch 13 | Train: 0.3403 | Val: 0.3498 | LR: 1.00e-03
19065.1s 441 ✓ Saved best model
19140.4s 442 Epoch 14 | Train: 0.3400 | Val: 0.3504 | LR: 1.00e-03
19215.7s 443 Epoch 15 | Train: 0.3398 | Val: 0.3496 | LR: 1.00e-03
19215.7s 444 ✓ Saved best model
19290.9s 445 Epoch 16 | Train: 0.3397 | Val: 0.3492 | LR: 1.00e-03
19290.9s 446 ✓ Saved best model
19366.2s 447 Epoch 17 | Train: 0.3396 | Val: 0.3492 | LR: 1.00e-03
19441.3s 448 Epoch 18 | Train: 0.3395 | Val: 0.3491 | LR: 1.00e-03
19441.3s 449 ✓ Saved best model
19516.6s 450 Epoch 19 | Train: 0.3393 | Val: 0.3492 | LR: 1.00e-03
19591.9s 451 Epoch 20 | Train: 0.3391 | Val: 0.3497 | LR: 1.00e-03
19667.0s 452 Epoch 21 | Train: 0.3390 | Val: 0.3490 | LR: 1.00e-03
19667.0s 453 ✓ Saved best model
19742.3s 454 Epoch 22 | Train: 0.3390 | Val: 0.3491 | LR: 1.00e-03
19817.5s 455 Epoch 23 | Train: 0.3390 | Val: 0.3487 | LR: 1.00e-03
19817.5s 456 ✓ Saved best model
19892.9s 457 Epoch 24 | Train: 0.3390 | Val: 0.3488 | LR: 1.00e-03
19968.2s 458 Epoch 25 | Train: 0.3388 | Val: 0.3484 | LR: 1.00e-03
19968.2s 459 ✓ Saved best model
20043.6s 460 Epoch 26 | Train: 0.3388 | Val: 0.3486 | LR: 1.00e-03
20118.9s 461 Epoch 27 | Train: 0.3387 | Val: 0.3486 | LR: 1.00e-03
20194.4s 462 Epoch 28 | Train: 0.3386 | Val: 0.3483 | LR: 1.00e-03
20194.4s 463 ✓ Saved best model
20269.6s 464 Epoch 29 | Train: 0.3386 | Val: 0.3483 | LR: 1.00e-03
20345.0s 465 Epoch 30 | Train: 0.3384 | Val: 0.3487 | LR: 1.00e-03
20420.2s 466 Epoch 31 | Train: 0.3385 | Val: 0.3488 | LR: 1.00e-03
20495.5s 467 Epoch 32 | Train: 0.3384 | Val: 0.3481 | LR: 1.00e-03
20495.5s 468 ✓ Saved best model
20570.8s 469 Epoch 33 | Train: 0.3383 | Val: 0.3485 | LR: 1.00e-03
20646.2s 470 Epoch 34 | Train: 0.3384 | Val: 0.3488 | LR: 1.00e-03
20721.5s 471 Epoch 35 | Train: 0.3383 | Val: 0.3479 | LR: 1.00e-03
20721.5s 472 ✓ Saved best model
20796.7s 473 Epoch 36 | Train: 0.3382 | Val: 0.3485 | LR: 1.00e-03
20871.9s 474 Epoch 37 | Train: 0.3382 | Val: 0.3481 | LR: 1.00e-03
20947.3s 475 Epoch 38 | Train: 0.3381 | Val: 0.3482 | LR: 1.00e-03
21022.6s 476 Epoch 39 | Train: 0.3381 | Val: 0.3482 | LR: 1.00e-03
21097.8s 477 Epoch 40 | Train: 0.3382 | Val: 0.3478 | LR: 1.00e-03
21097.8s 478 ✓ Saved best model
21173.4s 479 Epoch 41 | Train: 0.3381 | Val: 0.3479 | LR: 1.00e-03
21248.7s 480 Epoch 42 | Train: 0.3381 | Val: 0.3483 | LR: 1.00e-03
21324.0s 481 Epoch 43 | Train: 0.3380 | Val: 0.3479 | LR: 1.00e-03
21399.2s 482 Epoch 44 | Train: 0.3379 | Val: 0.3479 | LR: 1.00e-03
21474.6s 483 Epoch 45 | Train: 0.3380 | Val: 0.3479 | LR: 1.00e-03
21549.9s 484 Epoch 46 | Train: 0.3378 | Val: 0.3476 | LR: 1.00e-03
21549.9s 485 ✓ Saved best model
21625.2s 486 Epoch 47 | Train: 0.3379 | Val: 0.3485 | LR: 1.00e-03
21700.6s 487 Epoch 48 | Train: 0.3380 | Val: 0.3484 | LR: 1.00e-03
21776.0s 488 Epoch 49 | Train: 0.3380 | Val: 0.3477 | LR: 1.00e-03
21851.4s 489 Epoch 50 | Train: 0.3379 | Val: 0.3478 | LR: 1.00e-03
21926.7s 490 Epoch 51 | Train: 0.3379 | Val: 0.3475 | LR: 1.00e-03
21926.7s 491 ✓ Saved best model
22002.1s 492 Epoch 52 | Train: 0.3379 | Val: 0.3478 | LR: 1.00e-03
22077.5s 493 Epoch 53 | Train: 0.3379 | Val: 0.3478 | LR: 1.00e-03
22152.9s 494 Epoch 54 | Train: 0.3378 | Val: 0.3481 | LR: 1.00e-03
22228.1s 495 Epoch 55 | Train: 0.3379 | Val: 0.3477 | LR: 1.00e-03
22303.5s 496 Epoch 56 | Train: 0.3378 | Val: 0.3477 | LR: 1.00e-03
22378.7s 497 Epoch 57 | Train: 0.3378 | Val: 0.3476 | LR: 1.00e-03  → LR dropped to 5.00e-04
22454.0s 498 Epoch 58 | Train: 0.3373 | Val: 0.3472 | LR: 5.00e-04
22454.0s 499 ✓ Saved best model
22529.4s 500 Epoch 59 | Train: 0.3373 | Val: 0.3474 | LR: 5.00e-04
22604.7s 501 Epoch 60 | Train: 0.3372 | Val: 0.3473 | LR: 5.00e-04
22680.0s 502 Epoch 61 | Train: 0.3374 | Val: 0.3472 | LR: 5.00e-04
22755.3s 503 Epoch 62 | Train: 0.3373 | Val: 0.3473 | LR: 5.00e-04
22830.5s 504 Epoch 63 | Train: 0.3373 | Val: 0.3474 | LR: 5.00e-04
22905.8s 505 Epoch 64 | Train: 0.3372 | Val: 0.3473 | LR: 5.00e-04  → LR dropped to 2.50e-04
22981.1s 506 Epoch 65 | Train: 0.3370 | Val: 0.3471 | LR: 2.50e-04
22981.1s 507 ✓ Saved best model
23056.5s 508 Epoch 66 | Train: 0.3369 | Val: 0.3470 | LR: 2.50e-04
23056.5s 509 ✓ Saved best model
23131.9s 510 Epoch 67 | Train: 0.3370 | Val: 0.3471 | LR: 2.50e-04
23207.1s 511 Epoch 68 | Train: 0.3369 | Val: 0.3470 | LR: 2.50e-04
23282.5s 512 Epoch 69 | Train: 0.3371 | Val: 0.3470 | LR: 2.50e-04
23357.8s 513 Epoch 70 | Train: 0.3372 | Val: 0.3470 | LR: 2.50e-04
23433.2s 514 Epoch 71 | Train: 0.3368 | Val: 0.3469 | LR: 2.50e-04
23433.2s 515 ✓ Saved best model
23508.4s 516 Epoch 72 | Train: 0.3368 | Val: 0.3469 | LR: 2.50e-04
23508.4s 517 ✓ Saved best model
23584.0s 518 Epoch 73 | Train: 0.3369 | Val: 0.3470 | LR: 2.50e-04
23659.3s 519 Epoch 74 | Train: 0.3369 | Val: 0.3469 | LR: 2.50e-04
23734.7s 520 Epoch 75 | Train: 0.3368 | Val: 0.3470 | LR: 2.50e-04
23810.1s 521 Epoch 76 | Train: 0.3369 | Val: 0.3470 | LR: 2.50e-04
23885.5s 522 Epoch 77 | Train: 0.3368 | Val: 0.3471 | LR: 2.50e-04
23960.7s 523 Epoch 78 | Train: 0.3370 | Val: 0.3470 | LR: 2.50e-04  → LR dropped to 1.25e-04
24035.9s 524 Epoch 79 | Train: 0.3366 | Val: 0.3469 | LR: 1.25e-04
24035.9s 525 ✓ Saved best model
24111.4s 526 Epoch 80 | Train: 0.3367 | Val: 0.3469 | LR: 1.25e-04
24111.4s 527 ✓ Saved best model
24111.4s 528 Saved: /kaggle/working/loopsea_base_convlstm_40.pt
24116.7s 529 MAE  : 2.6065
24116.7s 530 RMSE : 5.0793
24116.7s 531 R2   : 0.6339
24116.7s 532 MAPE : 5.10%
24116.7s 533 
24116.7s 534 FINAL RESULT 40%
24116.7s 535 MAE  : 2.6065
24116.7s 536 RMSE : 5.0793
24116.7s 537 R2   : 0.6339
24116.7s 538 MAPE : 5.10%
24116.7s 539 
24116.7s 540 ========== 80% Missing ==========
24116.7s 541 
24116.7s 542 ==============================
24116.7s 543 BASELINE: CONVLSTM | 80% MISSING
24116.7s 544 ==============================
24118.2s 545 /usr/local/lib/python3.12/dist-packages/numpy/lib/_nanfunctions_impl.py:1233: RuntimeWarning: All-NaN slice encountered
24118.2s 546 return fnb._ureduce(a, func=_nanmedian, keepdims=keepdims,
24118.2s 547 
24118.2s 548 /usr/local/lib/python3.12/dist-packages/numpy/lib/_nanfunctions_impl.py:1233: RuntimeWarning: All-NaN slice encountered
24118.2s 549 return fnb._ureduce(a, func=_nanmedian, keepdims=keepdims,
24119.1s 550 Model: CONVLSTM
24119.1s 551 Parameters: 148,801
24194.3s 552 Epoch 01 | Train: 0.1478 | Val: 0.1520 | LR: 1.00e-03
24194.3s 553 ✓ Saved best model
24269.4s 554 Epoch 02 | Train: 0.1474 | Val: 0.1518 | LR: 1.00e-03
24269.4s 555 ✓ Saved best model
24344.2s 556 Epoch 03 | Train: 0.1474 | Val: 0.1519 | LR: 1.00e-03
24419.1s 557 Epoch 04 | Train: 0.1474 | Val: 0.1518 | LR: 1.00e-03
24494.2s 558 Epoch 05 | Train: 0.1474 | Val: 0.1519 | LR: 1.00e-03
24569.2s 559 Epoch 06 | Train: 0.1475 | Val: 0.1519 | LR: 1.00e-03
24644.1s 560 Epoch 07 | Train: 0.1473 | Val: 0.1519 | LR: 1.00e-03
24719.0s 561 Epoch 08 | Train: 0.1474 | Val: 0.1519 | LR: 1.00e-03  → LR dropped to 5.00e-04
24794.1s 562 Epoch 09 | Train: 0.1473 | Val: 0.1519 | LR: 5.00e-04
24869.0s 563 Epoch 10 | Train: 0.1473 | Val: 0.1518 | LR: 5.00e-04
24943.8s 564 Epoch 11 | Train: 0.1473 | Val: 0.1519 | LR: 5.00e-04
25018.7s 565 Epoch 12 | Train: 0.1473 | Val: 0.1518 | LR: 5.00e-04
25093.6s 566 Epoch 13 | Train: 0.1474 | Val: 0.1519 | LR: 5.00e-04
25168.6s 567 Epoch 14 | Train: 0.1474 | Val: 0.1519 | LR: 5.00e-04  → LR dropped to 2.50e-04
25243.5s 568 Epoch 15 | Train: 0.1473 | Val: 0.1518 | LR: 2.50e-04
25318.6s 569 Epoch 16 | Train: 0.1474 | Val: 0.1518 | LR: 2.50e-04
25393.9s 570 Epoch 17 | Train: 0.1473 | Val: 0.1518 | LR: 2.50e-04
25393.9s 571 Early stopping triggered
25393.9s 572 Saved: /kaggle/working/loopsea_base_convlstm_80.pt
25399.1s 573 MAE  : 1.0808
25399.1s 574 RMSE : 4.1798
25399.1s 575 R2   : 0.5152
25399.1s 576 MAPE : 2.79%
25399.1s 577 
25399.1s 578 FINAL RESULT 80%
25399.1s 579 MAE  : 1.0808
25399.1s 580 RMSE : 4.1798
25399.1s 581 R2   : 0.5152
25399.1s 582 MAPE : 2.79%
25399.1s 583 
25399.1s 584 =============== SUMMARY ===============
25399.1s 585 
25399.1s 586 0% Missing
25399.1s 587 MAE  : 0.8884
25399.1s 588 RMSE : 1.7064
25399.1s 589 R2   : 0.9722
25399.1s 590 MAPE : 1.71%
25399.1s 591 
25399.1s 592 10% Missing
25399.1s 593 MAE  : 1.3731
25399.1s 594 RMSE : 3.3475
25399.1s 595 R2   : 0.8837
25399.1s 596 MAPE : 2.53%
25399.1s 597 
25399.1s 598 20% Missing
25399.1s 599 MAE  : 1.8301
25399.1s 600 RMSE : 4.2941
25399.1s 601 R2   : 0.7898
25399.1s 602 MAPE : 3.34%
25399.1s 603 
25399.1s 604 40% Missing
25399.1s 605 MAE  : 2.6065
25399.1s 606 RMSE : 5.0793
25399.1s 607 R2   : 0.6339
25399.1s 608 MAPE : 5.10%
25399.1s 609 
25399.1s 610 80% Missing
25399.1s 611 MAE  : 1.0808
25399.1s 612 RMSE : 4.1798
25399.1s 613 R2   : 0.5152
25399.1s 614 MAPE : 2.79%
25406.0s 615 /usr/local/lib/python3.12/dist-packages/mistune.py:435: SyntaxWarning: invalid escape sequence '\|'
25406.0s 616 cells[i][c] = re.sub('\\\\\|', '|', cell)
25406.3s 617 /usr/local/lib/python3.12/dist-packages/nbconvert/filters/filter_links.py:36: SyntaxWarning: invalid escape sequence '\_'
25406.3s 618 text = re.sub(r'_', '\_', text) # Escape underscores in display text
25407.0s 619 [NbConvertApp] Converting notebook __notebook__.ipynb to notebook
25408.5s 620 [NbConvertApp] Writing 3999799 bytes to __notebook__.ipynb
25411.0s 621 [NbConvertApp] Converting notebook __notebook__.ipynb to html
25412.8s 622 [NbConvertApp] Writing 3547373 bytes to __results__.html