7.0s 1 0.00s - Debugger warning: It seems that frozen modules are being used, which may
7.0s 2 0.00s - make the debugger miss breakpoints. Please pass -Xfrozen_modules=off
7.0s 3 0.00s - to python to disable frozen modules.
7.0s 4 0.00s - Note: Debugging will proceed. Set PYDEVD_DISABLE_FILE_VALIDATION=1 to disable this validation.
7.6s 5 0.00s - Debugger warning: It seems that frozen modules are being used, which may
7.6s 6 0.00s - make the debugger miss breakpoints. Please pass -Xfrozen_modules=off
7.6s 7 0.00s - to python to disable frozen modules.
7.6s 8 0.00s - Note: Debugging will proceed. Set PYDEVD_DISABLE_FILE_VALIDATION=1 to disable this validation.
15.5s 9 Device: cuda
15.7s 10 /kaggle/input/datasets/chetannarware/loopsea/loop_sea_main/LOOPSEA_10percent_missing.csv
17.6s 11 
17.6s 12 =============== 0% Missing ===============
17.6s 13 
17.6s 14 --- Base LSTM ---
17.6s 15 
17.6s 16 ==============================
17.6s 17 BASELINE: LSTM | 0% MISSING
17.6s 18 ==============================
30.1s 19 /usr/local/lib/python3.12/dist-packages/numpy/lib/_nanfunctions_impl.py:1233: RuntimeWarning: All-NaN slice encountered
30.1s 20 return fnb._ureduce(a, func=_nanmedian, keepdims=keepdims,
30.1s 21 
30.1s 22 /usr/local/lib/python3.12/dist-packages/numpy/lib/_nanfunctions_impl.py:1233: RuntimeWarning: All-NaN slice encountered
30.1s 23 return fnb._ureduce(a, func=_nanmedian, keepdims=keepdims,
31.9s 24 Model: LSTM
31.9s 25 Parameters: 117,265
44.2s 26 Epoch 01 | Train: 0.3929 | Val: 0.4055 | LR: 1.00e-03
44.2s 27 ✓ Saved best model
50.9s 28 Epoch 02 | Train: 0.3475 | Val: 0.3821 | LR: 1.00e-03
50.9s 29 ✓ Saved best model
57.6s 30 Epoch 03 | Train: 0.3340 | Val: 0.3695 | LR: 1.00e-03
57.6s 31 ✓ Saved best model
64.3s 32 Epoch 04 | Train: 0.3261 | Val: 0.3624 | LR: 1.00e-03
64.3s 33 ✓ Saved best model
71.0s 34 Epoch 05 | Train: 0.3208 | Val: 0.3554 | LR: 1.00e-03
71.0s 35 ✓ Saved best model
77.8s 36 Epoch 06 | Train: 0.3169 | Val: 0.3529 | LR: 1.00e-03
77.8s 37 ✓ Saved best model
84.4s 38 Epoch 07 | Train: 0.3140 | Val: 0.3498 | LR: 1.00e-03
84.4s 39 ✓ Saved best model
91.1s 40 Epoch 08 | Train: 0.3117 | Val: 0.3475 | LR: 1.00e-03
91.1s 41 ✓ Saved best model
97.7s 42 Epoch 09 | Train: 0.3098 | Val: 0.3439 | LR: 1.00e-03
97.7s 43 ✓ Saved best model
104.4s 44 Epoch 10 | Train: 0.3084 | Val: 0.3430 | LR: 1.00e-03
104.4s 45 ✓ Saved best model
111.0s 46 Epoch 11 | Train: 0.3071 | Val: 0.3414 | LR: 1.00e-03
111.0s 47 ✓ Saved best model
117.7s 48 Epoch 12 | Train: 0.3062 | Val: 0.3412 | LR: 1.00e-03
117.7s 49 ✓ Saved best model
124.3s 50 Epoch 13 | Train: 0.3055 | Val: 0.3401 | LR: 1.00e-03
124.3s 51 ✓ Saved best model
130.9s 52 Epoch 14 | Train: 0.3047 | Val: 0.3392 | LR: 1.00e-03
130.9s 53 ✓ Saved best model
137.5s 54 Epoch 15 | Train: 0.3041 | Val: 0.3394 | LR: 1.00e-03
144.0s 55 Epoch 16 | Train: 0.3035 | Val: 0.3374 | LR: 1.00e-03
144.0s 56 ✓ Saved best model
150.6s 57 Epoch 17 | Train: 0.3031 | Val: 0.3375 | LR: 1.00e-03
157.2s 58 Epoch 18 | Train: 0.3027 | Val: 0.3375 | LR: 1.00e-03
163.8s 59 Epoch 19 | Train: 0.3022 | Val: 0.3383 | LR: 1.00e-03
170.3s 60 Epoch 20 | Train: 0.3019 | Val: 0.3370 | LR: 1.00e-03
170.3s 61 ✓ Saved best model
176.9s 62 Epoch 21 | Train: 0.3016 | Val: 0.3356 | LR: 1.00e-03
176.9s 63 ✓ Saved best model
183.4s 64 Epoch 22 | Train: 0.3012 | Val: 0.3368 | LR: 1.00e-03
190.3s 65 Epoch 23 | Train: 0.3009 | Val: 0.3369 | LR: 1.00e-03
197.1s 66 Epoch 24 | Train: 0.3006 | Val: 0.3361 | LR: 1.00e-03
204.2s 67 Epoch 25 | Train: 0.3003 | Val: 0.3349 | LR: 1.00e-03
204.2s 68 ✓ Saved best model
211.2s 69 Epoch 26 | Train: 0.3001 | Val: 0.3338 | LR: 1.00e-03
211.2s 70 ✓ Saved best model
218.2s 71 Epoch 27 | Train: 0.2998 | Val: 0.3346 | LR: 1.00e-03
225.2s 72 Epoch 28 | Train: 0.2997 | Val: 0.3348 | LR: 1.00e-03
232.1s 73 Epoch 29 | Train: 0.2993 | Val: 0.3335 | LR: 1.00e-03
232.1s 74 ✓ Saved best model
239.1s 75 Epoch 30 | Train: 0.2992 | Val: 0.3340 | LR: 1.00e-03
246.1s 76 Epoch 31 | Train: 0.2989 | Val: 0.3329 | LR: 1.00e-03
246.1s 77 ✓ Saved best model
253.0s 78 Epoch 32 | Train: 0.2987 | Val: 0.3341 | LR: 1.00e-03
259.9s 79 Epoch 33 | Train: 0.2986 | Val: 0.3323 | LR: 1.00e-03
259.9s 80 ✓ Saved best model
266.8s 81 Epoch 34 | Train: 0.2984 | Val: 0.3343 | LR: 1.00e-03
273.7s 82 Epoch 35 | Train: 0.2982 | Val: 0.3329 | LR: 1.00e-03
280.5s 83 Epoch 36 | Train: 0.2980 | Val: 0.3325 | LR: 1.00e-03
287.4s 84 Epoch 37 | Train: 0.2979 | Val: 0.3320 | LR: 1.00e-03
287.4s 85 ✓ Saved best model
294.3s 86 Epoch 38 | Train: 0.2977 | Val: 0.3338 | LR: 1.00e-03
301.3s 87 Epoch 39 | Train: 0.2976 | Val: 0.3314 | LR: 1.00e-03
301.3s 88 ✓ Saved best model
308.2s 89 Epoch 40 | Train: 0.2975 | Val: 0.3316 | LR: 1.00e-03
315.2s 90 Epoch 41 | Train: 0.2973 | Val: 0.3333 | LR: 1.00e-03
322.2s 91 Epoch 42 | Train: 0.2972 | Val: 0.3345 | LR: 1.00e-03
329.1s 92 Epoch 43 | Train: 0.2971 | Val: 0.3331 | LR: 1.00e-03
335.9s 93 Epoch 44 | Train: 0.2969 | Val: 0.3327 | LR: 1.00e-03
342.6s 94 Epoch 45 | Train: 0.2969 | Val: 0.3309 | LR: 1.00e-03
342.6s 95 ✓ Saved best model
349.5s 96 Epoch 46 | Train: 0.2967 | Val: 0.3320 | LR: 1.00e-03
356.1s 97 Epoch 47 | Train: 0.2966 | Val: 0.3314 | LR: 1.00e-03
362.8s 98 Epoch 48 | Train: 0.2965 | Val: 0.3314 | LR: 1.00e-03
369.7s 99 Epoch 49 | Train: 0.2964 | Val: 0.3312 | LR: 1.00e-03
376.5s 100 Epoch 50 | Train: 0.2964 | Val: 0.3322 | LR: 1.00e-03
383.4s 101 Epoch 51 | Train: 0.2963 | Val: 0.3314 | LR: 1.00e-03  → LR dropped to 5.00e-04
390.3s 102 Epoch 52 | Train: 0.2935 | Val: 0.3295 | LR: 5.00e-04
390.3s 103 ✓ Saved best model
397.2s 104 Epoch 53 | Train: 0.2933 | Val: 0.3283 | LR: 5.00e-04
397.2s 105 ✓ Saved best model
404.1s 106 Epoch 54 | Train: 0.2932 | Val: 0.3279 | LR: 5.00e-04
404.1s 107 ✓ Saved best model
410.9s 108 Epoch 55 | Train: 0.2931 | Val: 0.3281 | LR: 5.00e-04
417.8s 109 Epoch 56 | Train: 0.2930 | Val: 0.3280 | LR: 5.00e-04
424.7s 110 Epoch 57 | Train: 0.2930 | Val: 0.3284 | LR: 5.00e-04
431.7s 111 Epoch 58 | Train: 0.2929 | Val: 0.3277 | LR: 5.00e-04
431.7s 112 ✓ Saved best model
438.6s 113 Epoch 59 | Train: 0.2928 | Val: 0.3282 | LR: 5.00e-04
445.5s 114 Epoch 60 | Train: 0.2928 | Val: 0.3277 | LR: 5.00e-04
452.3s 115 Epoch 61 | Train: 0.2927 | Val: 0.3278 | LR: 5.00e-04
459.1s 116 Epoch 62 | Train: 0.2927 | Val: 0.3276 | LR: 5.00e-04
459.1s 117 ✓ Saved best model
466.0s 118 Epoch 63 | Train: 0.2927 | Val: 0.3284 | LR: 5.00e-04
472.9s 119 Epoch 64 | Train: 0.2927 | Val: 0.3287 | LR: 5.00e-04
479.8s 120 Epoch 65 | Train: 0.2926 | Val: 0.3284 | LR: 5.00e-04
486.7s 121 Epoch 66 | Train: 0.2925 | Val: 0.3281 | LR: 5.00e-04
493.6s 122 Epoch 67 | Train: 0.2925 | Val: 0.3279 | LR: 5.00e-04
500.4s 123 Epoch 68 | Train: 0.2925 | Val: 0.3278 | LR: 5.00e-04  → LR dropped to 2.50e-04
507.3s 124 Epoch 69 | Train: 0.2910 | Val: 0.3258 | LR: 2.50e-04
507.3s 125 ✓ Saved best model
514.1s 126 Epoch 70 | Train: 0.2909 | Val: 0.3258 | LR: 2.50e-04
514.1s 127 ✓ Saved best model
521.0s 128 Epoch 71 | Train: 0.2908 | Val: 0.3261 | LR: 2.50e-04
527.8s 129 Epoch 72 | Train: 0.2908 | Val: 0.3258 | LR: 2.50e-04
534.7s 130 Epoch 73 | Train: 0.2907 | Val: 0.3256 | LR: 2.50e-04
534.7s 131 ✓ Saved best model
541.3s 132 Epoch 74 | Train: 0.2907 | Val: 0.3258 | LR: 2.50e-04
548.0s 133 Epoch 75 | Train: 0.2907 | Val: 0.3259 | LR: 2.50e-04
554.7s 134 Epoch 76 | Train: 0.2907 | Val: 0.3261 | LR: 2.50e-04
561.8s 135 Epoch 77 | Train: 0.2906 | Val: 0.3250 | LR: 2.50e-04
561.8s 136 ✓ Saved best model
568.7s 137 Epoch 78 | Train: 0.2906 | Val: 0.3254 | LR: 2.50e-04
575.7s 138 Epoch 79 | Train: 0.2906 | Val: 0.3254 | LR: 2.50e-04
582.9s 139 Epoch 80 | Train: 0.2906 | Val: 0.3254 | LR: 2.50e-04
582.9s 140 Saved: /kaggle/working/loopsea_base_lstm_0.pt
583.5s 141 MAE  : 2.8897
583.5s 142 RMSE : 4.7292
583.5s 143 R2   : 0.8674
583.5s 144 MAPE : 7.90%
583.5s 145 
583.5s 146 --- Base RNN ---
583.5s 147 
583.5s 148 ==============================
583.5s 149 BASELINE: RNN | 0% MISSING
583.5s 150 ==============================
588.5s 151 /usr/local/lib/python3.12/dist-packages/numpy/lib/_nanfunctions_impl.py:1233: RuntimeWarning: All-NaN slice encountered
588.5s 152 return fnb._ureduce(a, func=_nanmedian, keepdims=keepdims,
588.5s 153 
588.5s 154 /usr/local/lib/python3.12/dist-packages/numpy/lib/_nanfunctions_impl.py:1233: RuntimeWarning: All-NaN slice encountered
588.5s 155 return fnb._ureduce(a, func=_nanmedian, keepdims=keepdims,
589.9s 156 Model: RNN
589.9s 157 Parameters: 39,505
596.2s 158 Epoch 01 | Train: 0.3955 | Val: 0.4036 | LR: 1.00e-03
596.2s 159 ✓ Saved best model
602.5s 160 Epoch 02 | Train: 0.3530 | Val: 0.3867 | LR: 1.00e-03
602.5s 161 ✓ Saved best model
608.8s 162 Epoch 03 | Train: 0.3426 | Val: 0.3755 | LR: 1.00e-03
608.8s 163 ✓ Saved best model
615.1s 164 Epoch 04 | Train: 0.3364 | Val: 0.3697 | LR: 1.00e-03
615.1s 165 ✓ Saved best model
621.5s 166 Epoch 05 | Train: 0.3320 | Val: 0.3637 | LR: 1.00e-03
621.5s 167 ✓ Saved best model
628.0s 168 Epoch 06 | Train: 0.3290 | Val: 0.3608 | LR: 1.00e-03
628.0s 169 ✓ Saved best model
634.3s 170 Epoch 07 | Train: 0.3268 | Val: 0.3559 | LR: 1.00e-03
634.3s 171 ✓ Saved best model
640.6s 172 Epoch 08 | Train: 0.3249 | Val: 0.3549 | LR: 1.00e-03
640.6s 173 ✓ Saved best model
646.8s 174 Epoch 09 | Train: 0.3236 | Val: 0.3530 | LR: 1.00e-03
646.8s 175 ✓ Saved best model
653.1s 176 Epoch 10 | Train: 0.3225 | Val: 0.3522 | LR: 1.00e-03
653.1s 177 ✓ Saved best model
659.3s 178 Epoch 11 | Train: 0.3216 | Val: 0.3513 | LR: 1.00e-03
659.3s 179 ✓ Saved best model
665.6s 180 Epoch 12 | Train: 0.3208 | Val: 0.3507 | LR: 1.00e-03
665.6s 181 ✓ Saved best model
671.9s 182 Epoch 13 | Train: 0.3204 | Val: 0.3479 | LR: 1.00e-03
671.9s 183 ✓ Saved best model
678.1s 184 Epoch 14 | Train: 0.3196 | Val: 0.3485 | LR: 1.00e-03
684.3s 185 Epoch 15 | Train: 0.3191 | Val: 0.3479 | LR: 1.00e-03
684.3s 186 ✓ Saved best model
690.5s 187 Epoch 16 | Train: 0.3187 | Val: 0.3472 | LR: 1.00e-03
690.5s 188 ✓ Saved best model
696.7s 189 Epoch 17 | Train: 0.3183 | Val: 0.3465 | LR: 1.00e-03
696.7s 190 ✓ Saved best model
703.0s 191 Epoch 18 | Train: 0.3180 | Val: 0.3469 | LR: 1.00e-03
709.3s 192 Epoch 19 | Train: 0.3178 | Val: 0.3476 | LR: 1.00e-03
715.6s 193 Epoch 20 | Train: 0.3174 | Val: 0.3463 | LR: 1.00e-03
715.6s 194 ✓ Saved best model
721.7s 195 Epoch 21 | Train: 0.3170 | Val: 0.3475 | LR: 1.00e-03
727.8s 196 Epoch 22 | Train: 0.3171 | Val: 0.3452 | LR: 1.00e-03
727.8s 197 ✓ Saved best model
734.0s 198 Epoch 23 | Train: 0.3165 | Val: 0.3453 | LR: 1.00e-03
740.2s 199 Epoch 24 | Train: 0.3163 | Val: 0.3465 | LR: 1.00e-03
746.4s 200 Epoch 25 | Train: 0.3161 | Val: 0.3450 | LR: 1.00e-03
746.4s 201 ✓ Saved best model
752.6s 202 Epoch 26 | Train: 0.3160 | Val: 0.3455 | LR: 1.00e-03
758.9s 203 Epoch 27 | Train: 0.3157 | Val: 0.3456 | LR: 1.00e-03
765.2s 204 Epoch 28 | Train: 0.3155 | Val: 0.3467 | LR: 1.00e-03
771.5s 205 Epoch 29 | Train: 0.3153 | Val: 0.3431 | LR: 1.00e-03
771.5s 206 ✓ Saved best model
777.8s 207 Epoch 30 | Train: 0.3152 | Val: 0.3457 | LR: 1.00e-03
784.2s 208 Epoch 31 | Train: 0.3152 | Val: 0.3455 | LR: 1.00e-03
790.6s 209 Epoch 32 | Train: 0.3151 | Val: 0.3434 | LR: 1.00e-03
796.9s 210 Epoch 33 | Train: 0.3146 | Val: 0.3431 | LR: 1.00e-03
803.2s 211 Epoch 34 | Train: 0.3145 | Val: 0.3438 | LR: 1.00e-03
809.5s 212 Epoch 35 | Train: 0.3145 | Val: 0.3463 | LR: 1.00e-03  → LR dropped to 5.00e-04
815.7s 213 Epoch 36 | Train: 0.3110 | Val: 0.3415 | LR: 5.00e-04
815.7s 214 ✓ Saved best model
822.0s 215 Epoch 37 | Train: 0.3107 | Val: 0.3405 | LR: 5.00e-04
822.0s 216 ✓ Saved best model
828.4s 217 Epoch 38 | Train: 0.3105 | Val: 0.3389 | LR: 5.00e-04
828.4s 218 ✓ Saved best model
834.8s 219 Epoch 39 | Train: 0.3104 | Val: 0.3386 | LR: 5.00e-04
834.8s 220 ✓ Saved best model
841.1s 221 Epoch 40 | Train: 0.3103 | Val: 0.3376 | LR: 5.00e-04
841.1s 222 ✓ Saved best model
847.4s 223 Epoch 41 | Train: 0.3101 | Val: 0.3398 | LR: 5.00e-04
853.8s 224 Epoch 42 | Train: 0.3100 | Val: 0.3387 | LR: 5.00e-04
860.0s 225 Epoch 43 | Train: 0.3099 | Val: 0.3388 | LR: 5.00e-04
866.4s 226 Epoch 44 | Train: 0.3097 | Val: 0.3385 | LR: 5.00e-04
872.7s 227 Epoch 45 | Train: 0.3098 | Val: 0.3390 | LR: 5.00e-04
878.9s 228 Epoch 46 | Train: 0.3097 | Val: 0.3387 | LR: 5.00e-04  → LR dropped to 2.50e-04
885.2s 229 Epoch 47 | Train: 0.3077 | Val: 0.3370 | LR: 2.50e-04
885.2s 230 ✓ Saved best model
891.5s 231 Epoch 48 | Train: 0.3076 | Val: 0.3365 | LR: 2.50e-04
891.5s 232 ✓ Saved best model
897.6s 233 Epoch 49 | Train: 0.3076 | Val: 0.3359 | LR: 2.50e-04
897.6s 234 ✓ Saved best model
903.7s 235 Epoch 50 | Train: 0.3074 | Val: 0.3363 | LR: 2.50e-04
909.9s 236 Epoch 51 | Train: 0.3074 | Val: 0.3359 | LR: 2.50e-04
916.0s 237 Epoch 52 | Train: 0.3073 | Val: 0.3362 | LR: 2.50e-04
922.1s 238 Epoch 53 | Train: 0.3072 | Val: 0.3356 | LR: 2.50e-04
922.1s 239 ✓ Saved best model
928.1s 240 Epoch 54 | Train: 0.3071 | Val: 0.3358 | LR: 2.50e-04
934.2s 241 Epoch 55 | Train: 0.3071 | Val: 0.3359 | LR: 2.50e-04
940.1s 242 Epoch 56 | Train: 0.3070 | Val: 0.3354 | LR: 2.50e-04
940.1s 243 ✓ Saved best model
945.9s 244 Epoch 57 | Train: 0.3070 | Val: 0.3348 | LR: 2.50e-04
945.9s 245 ✓ Saved best model
951.8s 246 Epoch 58 | Train: 0.3069 | Val: 0.3356 | LR: 2.50e-04
957.5s 247 Epoch 59 | Train: 0.3069 | Val: 0.3357 | LR: 2.50e-04
963.5s 248 Epoch 60 | Train: 0.3069 | Val: 0.3356 | LR: 2.50e-04
969.3s 249 Epoch 61 | Train: 0.3068 | Val: 0.3353 | LR: 2.50e-04
975.1s 250 Epoch 62 | Train: 0.3067 | Val: 0.3346 | LR: 2.50e-04
975.1s 251 ✓ Saved best model
981.0s 252 Epoch 63 | Train: 0.3067 | Val: 0.3352 | LR: 2.50e-04
986.9s 253 Epoch 64 | Train: 0.3067 | Val: 0.3358 | LR: 2.50e-04
992.7s 254 Epoch 65 | Train: 0.3066 | Val: 0.3342 | LR: 2.50e-04
992.7s 255 ✓ Saved best model
998.4s 256 Epoch 66 | Train: 0.3066 | Val: 0.3350 | LR: 2.50e-04
1004.2s 257 Epoch 67 | Train: 0.3066 | Val: 0.3347 | LR: 2.50e-04
1010.0s 258 Epoch 68 | Train: 0.3065 | Val: 0.3347 | LR: 2.50e-04
1015.8s 259 Epoch 69 | Train: 0.3065 | Val: 0.3345 | LR: 2.50e-04
1021.8s 260 Epoch 70 | Train: 0.3064 | Val: 0.3345 | LR: 2.50e-04
1027.5s 261 Epoch 71 | Train: 0.3065 | Val: 0.3343 | LR: 2.50e-04  → LR dropped to 1.25e-04
1033.2s 262 Epoch 72 | Train: 0.3054 | Val: 0.3333 | LR: 1.25e-04
1033.2s 263 ✓ Saved best model
1039.0s 264 Epoch 73 | Train: 0.3053 | Val: 0.3333 | LR: 1.25e-04
1044.7s 265 Epoch 74 | Train: 0.3052 | Val: 0.3337 | LR: 1.25e-04
1050.4s 266 Epoch 75 | Train: 0.3052 | Val: 0.3334 | LR: 1.25e-04
1056.2s 267 Epoch 76 | Train: 0.3052 | Val: 0.3330 | LR: 1.25e-04
1056.2s 268 ✓ Saved best model
1061.9s 269 Epoch 77 | Train: 0.3052 | Val: 0.3329 | LR: 1.25e-04
1061.9s 270 ✓ Saved best model
1067.8s 271 Epoch 78 | Train: 0.3051 | Val: 0.3335 | LR: 1.25e-04
1074.1s 272 Epoch 79 | Train: 0.3051 | Val: 0.3340 | LR: 1.25e-04
1080.6s 273 Epoch 80 | Train: 0.3050 | Val: 0.3330 | LR: 1.25e-04
1080.6s 274 Saved: /kaggle/working/loopsea_base_rnn_0.pt
1081.1s 275 MAE  : 2.9526
1081.1s 276 RMSE : 4.8393
1081.1s 277 R2   : 0.8612
1081.1s 278 MAPE : 8.27%
1081.1s 279 
1081.1s 280 =============== 10% Missing ===============
1081.1s 281 
1081.1s 282 --- Base LSTM ---
1081.1s 283 
1081.1s 284 ==============================
1081.1s 285 BASELINE: LSTM | 10% MISSING
1081.1s 286 ==============================
1089.1s 287 /usr/local/lib/python3.12/dist-packages/numpy/lib/_nanfunctions_impl.py:1233: RuntimeWarning: All-NaN slice encountered
1089.1s 288 return fnb._ureduce(a, func=_nanmedian, keepdims=keepdims,
1089.1s 289 
1089.1s 290 /usr/local/lib/python3.12/dist-packages/numpy/lib/_nanfunctions_impl.py:1233: RuntimeWarning: All-NaN slice encountered
1089.1s 291 return fnb._ureduce(a, func=_nanmedian, keepdims=keepdims,
1090.7s 292 Model: LSTM
1090.7s 293 Parameters: 117,265
1097.5s 294 Epoch 01 | Train: 0.4152 | Val: 0.4341 | LR: 1.00e-03
1097.5s 295 ✓ Saved best model
1104.0s 296 Epoch 02 | Train: 0.3798 | Val: 0.4164 | LR: 1.00e-03
1104.0s 297 ✓ Saved best model
1110.4s 298 Epoch 03 | Train: 0.3700 | Val: 0.4077 | LR: 1.00e-03
1110.4s 299 ✓ Saved best model
1116.7s 300 Epoch 04 | Train: 0.3640 | Val: 0.4017 | LR: 1.00e-03
1116.8s 301 ✓ Saved best model
1123.2s 302 Epoch 05 | Train: 0.3599 | Val: 0.3969 | LR: 1.00e-03
1123.2s 303 ✓ Saved best model
1129.8s 304 Epoch 06 | Train: 0.3570 | Val: 0.3937 | LR: 1.00e-03
1129.8s 305 ✓ Saved best model
1136.8s 306 Epoch 07 | Train: 0.3549 | Val: 0.3914 | LR: 1.00e-03
1136.8s 307 ✓ Saved best model
1143.5s 308 Epoch 08 | Train: 0.3532 | Val: 0.3904 | LR: 1.00e-03
1143.5s 309 ✓ Saved best model
1150.0s 310 Epoch 09 | Train: 0.3520 | Val: 0.3889 | LR: 1.00e-03
1150.0s 311 ✓ Saved best model
1156.7s 312 Epoch 10 | Train: 0.3507 | Val: 0.3876 | LR: 1.00e-03
1156.7s 313 ✓ Saved best model
1163.3s 314 Epoch 11 | Train: 0.3498 | Val: 0.3869 | LR: 1.00e-03
1163.3s 315 ✓ Saved best model
1169.8s 316 Epoch 12 | Train: 0.3490 | Val: 0.3865 | LR: 1.00e-03
1169.8s 317 ✓ Saved best model
1176.3s 318 Epoch 13 | Train: 0.3482 | Val: 0.3842 | LR: 1.00e-03
1176.3s 319 ✓ Saved best model
1182.8s 320 Epoch 14 | Train: 0.3477 | Val: 0.3844 | LR: 1.00e-03
1189.5s 321 Epoch 15 | Train: 0.3471 | Val: 0.3846 | LR: 1.00e-03
1196.1s 322 Epoch 16 | Train: 0.3467 | Val: 0.3836 | LR: 1.00e-03
1196.1s 323 ✓ Saved best model
1202.7s 324 Epoch 17 | Train: 0.3463 | Val: 0.3825 | LR: 1.00e-03
1202.7s 325 ✓ Saved best model
1209.3s 326 Epoch 18 | Train: 0.3459 | Val: 0.3833 | LR: 1.00e-03
1215.9s 327 Epoch 19 | Train: 0.3456 | Val: 0.3819 | LR: 1.00e-03
1215.9s 328 ✓ Saved best model
1222.6s 329 Epoch 20 | Train: 0.3453 | Val: 0.3823 | LR: 1.00e-03
1229.2s 330 Epoch 21 | Train: 0.3450 | Val: 0.3829 | LR: 1.00e-03
1235.8s 331 Epoch 22 | Train: 0.3448 | Val: 0.3827 | LR: 1.00e-03
1242.5s 332 Epoch 23 | Train: 0.3445 | Val: 0.3828 | LR: 1.00e-03
1249.2s 333 Epoch 24 | Train: 0.3443 | Val: 0.3816 | LR: 1.00e-03
1249.2s 334 ✓ Saved best model
1255.9s 335 Epoch 25 | Train: 0.3441 | Val: 0.3816 | LR: 1.00e-03
1262.4s 336 Epoch 26 | Train: 0.3439 | Val: 0.3820 | LR: 1.00e-03
1268.9s 337 Epoch 27 | Train: 0.3438 | Val: 0.3820 | LR: 1.00e-03
1275.4s 338 Epoch 28 | Train: 0.3435 | Val: 0.3818 | LR: 1.00e-03
1281.9s 339 Epoch 29 | Train: 0.3434 | Val: 0.3805 | LR: 1.00e-03
1281.9s 340 ✓ Saved best model
1288.4s 341 Epoch 30 | Train: 0.3432 | Val: 0.3816 | LR: 1.00e-03
1294.9s 342 Epoch 31 | Train: 0.3431 | Val: 0.3806 | LR: 1.00e-03
1301.4s 343 Epoch 32 | Train: 0.3429 | Val: 0.3813 | LR: 1.00e-03
1307.8s 344 Epoch 33 | Train: 0.3428 | Val: 0.3806 | LR: 1.00e-03
1314.3s 345 Epoch 34 | Train: 0.3427 | Val: 0.3801 | LR: 1.00e-03
1314.3s 346 ✓ Saved best model
1320.7s 347 Epoch 35 | Train: 0.3426 | Val: 0.3802 | LR: 1.00e-03
1327.1s 348 Epoch 36 | Train: 0.3425 | Val: 0.3803 | LR: 1.00e-03
1333.6s 349 Epoch 37 | Train: 0.3423 | Val: 0.3806 | LR: 1.00e-03
1340.2s 350 Epoch 38 | Train: 0.3422 | Val: 0.3800 | LR: 1.00e-03
1340.2s 351 ✓ Saved best model
1347.3s 352 Epoch 39 | Train: 0.3422 | Val: 0.3805 | LR: 1.00e-03
1354.0s 353 Epoch 40 | Train: 0.3421 | Val: 0.3799 | LR: 1.00e-03
1354.0s 354 ✓ Saved best model
1360.7s 355 Epoch 41 | Train: 0.3420 | Val: 0.3810 | LR: 1.00e-03
1367.4s 356 Epoch 42 | Train: 0.3418 | Val: 0.3803 | LR: 1.00e-03
1374.2s 357 Epoch 43 | Train: 0.3418 | Val: 0.3800 | LR: 1.00e-03
1380.7s 358 Epoch 44 | Train: 0.3417 | Val: 0.3808 | LR: 1.00e-03
1387.4s 359 Epoch 45 | Train: 0.3416 | Val: 0.3800 | LR: 1.00e-03
1394.1s 360 Epoch 46 | Train: 0.3415 | Val: 0.3796 | LR: 1.00e-03
1394.1s 361 ✓ Saved best model
1400.7s 362 Epoch 47 | Train: 0.3414 | Val: 0.3802 | LR: 1.00e-03
1407.4s 363 Epoch 48 | Train: 0.3413 | Val: 0.3794 | LR: 1.00e-03
1407.4s 364 ✓ Saved best model
1414.1s 365 Epoch 49 | Train: 0.3413 | Val: 0.3804 | LR: 1.00e-03
1420.7s 366 Epoch 50 | Train: 0.3412 | Val: 0.3794 | LR: 1.00e-03
1427.3s 367 Epoch 51 | Train: 0.3411 | Val: 0.3803 | LR: 1.00e-03
1434.0s 368 Epoch 52 | Train: 0.3411 | Val: 0.3791 | LR: 1.00e-03
1434.0s 369 ✓ Saved best model
1440.6s 370 Epoch 53 | Train: 0.3410 | Val: 0.3793 | LR: 1.00e-03
1447.3s 371 Epoch 54 | Train: 0.3409 | Val: 0.3804 | LR: 1.00e-03
1453.9s 372 Epoch 55 | Train: 0.3408 | Val: 0.3798 | LR: 1.00e-03
1460.6s 373 Epoch 56 | Train: 0.3408 | Val: 0.3791 | LR: 1.00e-03
1460.6s 374 ✓ Saved best model
1467.2s 375 Epoch 57 | Train: 0.3407 | Val: 0.3791 | LR: 1.00e-03
1467.2s 376 ✓ Saved best model
1473.9s 377 Epoch 58 | Train: 0.3406 | Val: 0.3800 | LR: 1.00e-03
1480.5s 378 Epoch 59 | Train: 0.3406 | Val: 0.3793 | LR: 1.00e-03
1487.2s 379 Epoch 60 | Train: 0.3406 | Val: 0.3783 | LR: 1.00e-03
1487.2s 380 ✓ Saved best model
1493.8s 381 Epoch 61 | Train: 0.3405 | Val: 0.3786 | LR: 1.00e-03
1500.5s 382 Epoch 62 | Train: 0.3404 | Val: 0.3788 | LR: 1.00e-03
1507.2s 383 Epoch 63 | Train: 0.3404 | Val: 0.3787 | LR: 1.00e-03
1513.8s 384 Epoch 64 | Train: 0.3403 | Val: 0.3789 | LR: 1.00e-03
1520.5s 385 Epoch 65 | Train: 0.3403 | Val: 0.3792 | LR: 1.00e-03
1527.1s 386 Epoch 66 | Train: 0.3402 | Val: 0.3788 | LR: 1.00e-03  → LR dropped to 5.00e-04
1533.8s 387 Epoch 67 | Train: 0.3379 | Val: 0.3763 | LR: 5.00e-04
1533.8s 388 ✓ Saved best model
1540.4s 389 Epoch 68 | Train: 0.3376 | Val: 0.3761 | LR: 5.00e-04
1540.4s 390 ✓ Saved best model
1547.1s 391 Epoch 69 | Train: 0.3375 | Val: 0.3769 | LR: 5.00e-04
1553.9s 392 Epoch 70 | Train: 0.3375 | Val: 0.3762 | LR: 5.00e-04
1560.7s 393 Epoch 71 | Train: 0.3375 | Val: 0.3761 | LR: 5.00e-04
1560.7s 394 ✓ Saved best model
1567.4s 395 Epoch 72 | Train: 0.3374 | Val: 0.3760 | LR: 5.00e-04
1567.4s 396 ✓ Saved best model
1574.0s 397 Epoch 73 | Train: 0.3374 | Val: 0.3761 | LR: 5.00e-04
1580.6s 398 Epoch 74 | Train: 0.3373 | Val: 0.3757 | LR: 5.00e-04
1580.6s 399 ✓ Saved best model
1587.4s 400 Epoch 75 | Train: 0.3373 | Val: 0.3760 | LR: 5.00e-04
1594.1s 401 Epoch 76 | Train: 0.3372 | Val: 0.3759 | LR: 5.00e-04
1600.8s 402 Epoch 77 | Train: 0.3372 | Val: 0.3756 | LR: 5.00e-04
1600.8s 403 ✓ Saved best model
1607.5s 404 Epoch 78 | Train: 0.3372 | Val: 0.3755 | LR: 5.00e-04
1607.5s 405 ✓ Saved best model
1614.2s 406 Epoch 79 | Train: 0.3372 | Val: 0.3763 | LR: 5.00e-04
1621.1s 407 Epoch 80 | Train: 0.3371 | Val: 0.3755 | LR: 5.00e-04
1621.1s 408 Saved: /kaggle/working/loopsea_base_lstm_10.pt
1621.7s 409 MAE  : 3.3851
1621.7s 410 RMSE : 5.7855
1621.7s 411 R2   : 0.7839
1621.7s 412 MAPE : 8.98%
1621.7s 413 
1621.7s 414 --- Base RNN ---
1621.7s 415 
1621.7s 416 ==============================
1621.7s 417 BASELINE: RNN | 10% MISSING
1621.7s 418 ==============================
1625.2s 419 /usr/local/lib/python3.12/dist-packages/numpy/lib/_nanfunctions_impl.py:1233: RuntimeWarning: All-NaN slice encountered
1625.2s 420 return fnb._ureduce(a, func=_nanmedian, keepdims=keepdims,
1625.2s 421 
1625.2s 422 /usr/local/lib/python3.12/dist-packages/numpy/lib/_nanfunctions_impl.py:1233: RuntimeWarning: All-NaN slice encountered
1625.2s 423 return fnb._ureduce(a, func=_nanmedian, keepdims=keepdims,
1626.6s 424 Model: RNN
1626.6s 425 Parameters: 39,505
1632.6s 426 Epoch 01 | Train: 0.4194 | Val: 0.4362 | LR: 1.00e-03
1632.6s 427 ✓ Saved best model
1638.7s 428 Epoch 02 | Train: 0.3861 | Val: 0.4204 | LR: 1.00e-03
1638.7s 429 ✓ Saved best model
1644.8s 430 Epoch 03 | Train: 0.3779 | Val: 0.4147 | LR: 1.00e-03
1644.8s 431 ✓ Saved best model
1650.9s 432 Epoch 04 | Train: 0.3733 | Val: 0.4090 | LR: 1.00e-03
1650.9s 433 ✓ Saved best model
1657.0s 434 Epoch 05 | Train: 0.3699 | Val: 0.4069 | LR: 1.00e-03
1657.0s 435 ✓ Saved best model
1663.2s 436 Epoch 06 | Train: 0.3675 | Val: 0.4031 | LR: 1.00e-03
1663.2s 437 ✓ Saved best model
1669.2s 438 Epoch 07 | Train: 0.3656 | Val: 0.4003 | LR: 1.00e-03
1669.2s 439 ✓ Saved best model
1675.3s 440 Epoch 08 | Train: 0.3640 | Val: 0.3994 | LR: 1.00e-03
1675.3s 441 ✓ Saved best model
1681.4s 442 Epoch 09 | Train: 0.3629 | Val: 0.3974 | LR: 1.00e-03
1681.4s 443 ✓ Saved best model
1687.5s 444 Epoch 10 | Train: 0.3619 | Val: 0.3968 | LR: 1.00e-03
1687.5s 445 ✓ Saved best model
1693.5s 446 Epoch 11 | Train: 0.3612 | Val: 0.3972 | LR: 1.00e-03
1699.5s 447 Epoch 12 | Train: 0.3605 | Val: 0.3964 | LR: 1.00e-03
1699.5s 448 ✓ Saved best model
1705.6s 449 Epoch 13 | Train: 0.3600 | Val: 0.3950 | LR: 1.00e-03
1705.6s 450 ✓ Saved best model
1711.7s 451 Epoch 14 | Train: 0.3595 | Val: 0.3949 | LR: 1.00e-03
1711.7s 452 ✓ Saved best model
1717.7s 453 Epoch 15 | Train: 0.3590 | Val: 0.3943 | LR: 1.00e-03
1717.7s 454 ✓ Saved best model
1723.7s 455 Epoch 16 | Train: 0.3587 | Val: 0.3945 | LR: 1.00e-03
1729.6s 456 Epoch 17 | Train: 0.3582 | Val: 0.3920 | LR: 1.00e-03
1729.6s 457 ✓ Saved best model
1735.6s 458 Epoch 18 | Train: 0.3579 | Val: 0.3906 | LR: 1.00e-03
1735.6s 459 ✓ Saved best model
1741.7s 460 Epoch 19 | Train: 0.3576 | Val: 0.3939 | LR: 1.00e-03
1747.6s 461 Epoch 20 | Train: 0.3573 | Val: 0.3935 | LR: 1.00e-03
1753.6s 462 Epoch 21 | Train: 0.3570 | Val: 0.3913 | LR: 1.00e-03
1759.6s 463 Epoch 22 | Train: 0.3568 | Val: 0.3910 | LR: 1.00e-03
1765.6s 464 Epoch 23 | Train: 0.3567 | Val: 0.3928 | LR: 1.00e-03
1771.6s 465 Epoch 24 | Train: 0.3565 | Val: 0.3921 | LR: 1.00e-03  → LR dropped to 5.00e-04
1777.6s 466 Epoch 25 | Train: 0.3534 | Val: 0.3880 | LR: 5.00e-04
1777.6s 467 ✓ Saved best model
1783.8s 468 Epoch 26 | Train: 0.3531 | Val: 0.3879 | LR: 5.00e-04
1783.8s 469 ✓ Saved best model
1789.8s 470 Epoch 27 | Train: 0.3528 | Val: 0.3879 | LR: 5.00e-04
1789.8s 471 ✓ Saved best model
1795.8s 472 Epoch 28 | Train: 0.3527 | Val: 0.3872 | LR: 5.00e-04
1795.8s 473 ✓ Saved best model
1801.9s 474 Epoch 29 | Train: 0.3526 | Val: 0.3877 | LR: 5.00e-04
1807.9s 475 Epoch 30 | Train: 0.3524 | Val: 0.3865 | LR: 5.00e-04
1807.9s 476 ✓ Saved best model
1813.9s 477 Epoch 31 | Train: 0.3523 | Val: 0.3869 | LR: 5.00e-04
1819.7s 478 Epoch 32 | Train: 0.3522 | Val: 0.3857 | LR: 5.00e-04
1819.7s 479 ✓ Saved best model
1825.7s 480 Epoch 33 | Train: 0.3521 | Val: 0.3871 | LR: 5.00e-04
1831.7s 481 Epoch 34 | Train: 0.3520 | Val: 0.3854 | LR: 5.00e-04
1831.7s 482 ✓ Saved best model
1837.6s 483 Epoch 35 | Train: 0.3520 | Val: 0.3859 | LR: 5.00e-04
1843.8s 484 Epoch 36 | Train: 0.3519 | Val: 0.3866 | LR: 5.00e-04
1849.7s 485 Epoch 37 | Train: 0.3518 | Val: 0.3857 | LR: 5.00e-04
1855.8s 486 Epoch 38 | Train: 0.3518 | Val: 0.3854 | LR: 5.00e-04
1862.0s 487 Epoch 39 | Train: 0.3517 | Val: 0.3859 | LR: 5.00e-04
1868.1s 488 Epoch 40 | Train: 0.3516 | Val: 0.3855 | LR: 5.00e-04  → LR dropped to 2.50e-04
1874.2s 489 Epoch 41 | Train: 0.3499 | Val: 0.3840 | LR: 2.50e-04
1874.2s 490 ✓ Saved best model
1880.2s 491 Epoch 42 | Train: 0.3498 | Val: 0.3836 | LR: 2.50e-04
1880.2s 492 ✓ Saved best model
1886.4s 493 Epoch 43 | Train: 0.3498 | Val: 0.3835 | LR: 2.50e-04
1886.4s 494 ✓ Saved best model
1892.4s 495 Epoch 44 | Train: 0.3496 | Val: 0.3834 | LR: 2.50e-04
1892.4s 496 ✓ Saved best model
1898.4s 497 Epoch 45 | Train: 0.3496 | Val: 0.3835 | LR: 2.50e-04
1904.4s 498 Epoch 46 | Train: 0.3495 | Val: 0.3833 | LR: 2.50e-04
1904.4s 499 ✓ Saved best model
1910.3s 500 Epoch 47 | Train: 0.3495 | Val: 0.3834 | LR: 2.50e-04
1916.4s 501 Epoch 48 | Train: 0.3495 | Val: 0.3832 | LR: 2.50e-04
1916.4s 502 ✓ Saved best model
1922.5s 503 Epoch 49 | Train: 0.3494 | Val: 0.3830 | LR: 2.50e-04
1922.5s 504 ✓ Saved best model
1928.5s 505 Epoch 50 | Train: 0.3493 | Val: 0.3828 | LR: 2.50e-04
1928.5s 506 ✓ Saved best model
1934.5s 507 Epoch 51 | Train: 0.3493 | Val: 0.3830 | LR: 2.50e-04
1940.5s 508 Epoch 52 | Train: 0.3493 | Val: 0.3829 | LR: 2.50e-04
1946.6s 509 Epoch 53 | Train: 0.3492 | Val: 0.3829 | LR: 2.50e-04
1952.6s 510 Epoch 54 | Train: 0.3492 | Val: 0.3827 | LR: 2.50e-04
1952.6s 511 ✓ Saved best model
1958.6s 512 Epoch 55 | Train: 0.3491 | Val: 0.3829 | LR: 2.50e-04
1964.7s 513 Epoch 56 | Train: 0.3491 | Val: 0.3820 | LR: 2.50e-04
1964.7s 514 ✓ Saved best model
1970.7s 515 Epoch 57 | Train: 0.3491 | Val: 0.3829 | LR: 2.50e-04
1976.8s 516 Epoch 58 | Train: 0.3490 | Val: 0.3823 | LR: 2.50e-04
1982.8s 517 Epoch 59 | Train: 0.3490 | Val: 0.3825 | LR: 2.50e-04
1988.9s 518 Epoch 60 | Train: 0.3490 | Val: 0.3828 | LR: 2.50e-04
1994.9s 519 Epoch 61 | Train: 0.3489 | Val: 0.3824 | LR: 2.50e-04
2000.9s 520 Epoch 62 | Train: 0.3489 | Val: 0.3822 | LR: 2.50e-04  → LR dropped to 1.25e-04
2007.0s 521 Epoch 63 | Train: 0.3480 | Val: 0.3816 | LR: 1.25e-04
2007.0s 522 ✓ Saved best model
2013.0s 523 Epoch 64 | Train: 0.3479 | Val: 0.3813 | LR: 1.25e-04
2013.0s 524 ✓ Saved best model
2019.0s 525 Epoch 65 | Train: 0.3478 | Val: 0.3809 | LR: 1.25e-04
2019.0s 526 ✓ Saved best model
2025.0s 527 Epoch 66 | Train: 0.3478 | Val: 0.3811 | LR: 1.25e-04
2030.9s 528 Epoch 67 | Train: 0.3478 | Val: 0.3807 | LR: 1.25e-04
2030.9s 529 ✓ Saved best model
2037.0s 530 Epoch 68 | Train: 0.3477 | Val: 0.3813 | LR: 1.25e-04
2043.1s 531 Epoch 69 | Train: 0.3477 | Val: 0.3809 | LR: 1.25e-04
2049.1s 532 Epoch 70 | Train: 0.3477 | Val: 0.3808 | LR: 1.25e-04
2055.1s 533 Epoch 71 | Train: 0.3477 | Val: 0.3810 | LR: 1.25e-04
2061.1s 534 Epoch 72 | Train: 0.3476 | Val: 0.3806 | LR: 1.25e-04
2061.1s 535 ✓ Saved best model
2067.0s 536 Epoch 73 | Train: 0.3476 | Val: 0.3813 | LR: 1.25e-04
2073.1s 537 Epoch 74 | Train: 0.3476 | Val: 0.3806 | LR: 1.25e-04
2073.1s 538 ✓ Saved best model
2079.1s 539 Epoch 75 | Train: 0.3476 | Val: 0.3806 | LR: 1.25e-04
2085.1s 540 Epoch 76 | Train: 0.3476 | Val: 0.3810 | LR: 1.25e-04
2091.0s 541 Epoch 77 | Train: 0.3475 | Val: 0.3806 | LR: 1.25e-04
2097.0s 542 Epoch 78 | Train: 0.3475 | Val: 0.3807 | LR: 1.25e-04
2103.1s 543 Epoch 79 | Train: 0.3475 | Val: 0.3807 | LR: 1.25e-04
2109.3s 544 Epoch 80 | Train: 0.3475 | Val: 0.3807 | LR: 1.25e-04  → LR dropped to 6.25e-05
2109.3s 545 Saved: /kaggle/working/loopsea_base_rnn_10.pt
2109.8s 546 MAE  : 3.4326
2109.8s 547 RMSE : 5.8594
2109.8s 548 R2   : 0.7784
2109.8s 549 MAPE : 9.28%
2109.8s 550 
2109.8s 551 =============== 20% Missing ===============
2109.8s 552 
2109.8s 553 --- Base LSTM ---
2109.8s 554 
2109.8s 555 ==============================
2109.8s 556 BASELINE: LSTM | 20% MISSING
2109.8s 557 ==============================
2115.0s 558 /usr/local/lib/python3.12/dist-packages/numpy/lib/_nanfunctions_impl.py:1233: RuntimeWarning: All-NaN slice encountered
2115.0s 559 return fnb._ureduce(a, func=_nanmedian, keepdims=keepdims,
2115.0s 560 
2115.0s 561 /usr/local/lib/python3.12/dist-packages/numpy/lib/_nanfunctions_impl.py:1233: RuntimeWarning: All-NaN slice encountered
2115.0s 562 return fnb._ureduce(a, func=_nanmedian, keepdims=keepdims,
2116.5s 563 Model: LSTM
2116.5s 564 Parameters: 117,265
2123.2s 565 Epoch 01 | Train: 0.4300 | Val: 0.4532 | LR: 1.00e-03
2123.2s 566 ✓ Saved best model
2129.8s 567 Epoch 02 | Train: 0.4041 | Val: 0.4415 | LR: 1.00e-03
2129.8s 568 ✓ Saved best model
2136.5s 569 Epoch 03 | Train: 0.3971 | Val: 0.4347 | LR: 1.00e-03
2136.5s 570 ✓ Saved best model
2143.1s 571 Epoch 04 | Train: 0.3926 | Val: 0.4303 | LR: 1.00e-03
2143.1s 572 ✓ Saved best model
2149.7s 573 Epoch 05 | Train: 0.3895 | Val: 0.4279 | LR: 1.00e-03
2149.7s 574 ✓ Saved best model
2156.4s 575 Epoch 06 | Train: 0.3873 | Val: 0.4248 | LR: 1.00e-03
2156.4s 576 ✓ Saved best model
2163.1s 577 Epoch 07 | Train: 0.3856 | Val: 0.4237 | LR: 1.00e-03
2163.1s 578 ✓ Saved best model
2169.7s 579 Epoch 08 | Train: 0.3843 | Val: 0.4224 | LR: 1.00e-03
2169.7s 580 ✓ Saved best model
2176.6s 581 Epoch 09 | Train: 0.3832 | Val: 0.4225 | LR: 1.00e-03
2183.3s 582 Epoch 10 | Train: 0.3823 | Val: 0.4198 | LR: 1.00e-03
2183.3s 583 ✓ Saved best model
2189.9s 584 Epoch 11 | Train: 0.3816 | Val: 0.4188 | LR: 1.00e-03
2189.9s 585 ✓ Saved best model
2196.5s 586 Epoch 12 | Train: 0.3810 | Val: 0.4201 | LR: 1.00e-03
2203.1s 587 Epoch 13 | Train: 0.3804 | Val: 0.4194 | LR: 1.00e-03
2209.7s 588 Epoch 14 | Train: 0.3800 | Val: 0.4182 | LR: 1.00e-03
2209.7s 589 ✓ Saved best model
2216.3s 590 Epoch 15 | Train: 0.3795 | Val: 0.4179 | LR: 1.00e-03
2216.3s 591 ✓ Saved best model
2222.9s 592 Epoch 16 | Train: 0.3792 | Val: 0.4188 | LR: 1.00e-03
2229.5s 593 Epoch 17 | Train: 0.3789 | Val: 0.4174 | LR: 1.00e-03
2229.5s 594 ✓ Saved best model
2236.1s 595 Epoch 18 | Train: 0.3786 | Val: 0.4183 | LR: 1.00e-03
2242.8s 596 Epoch 19 | Train: 0.3783 | Val: 0.4179 | LR: 1.00e-03
2249.4s 597 Epoch 20 | Train: 0.3781 | Val: 0.4168 | LR: 1.00e-03
2249.4s 598 ✓ Saved best model
2256.1s 599 Epoch 21 | Train: 0.3778 | Val: 0.4171 | LR: 1.00e-03
2262.7s 600 Epoch 22 | Train: 0.3776 | Val: 0.4168 | LR: 1.00e-03
2262.7s 601 ✓ Saved best model
2269.3s 602 Epoch 23 | Train: 0.3774 | Val: 0.4176 | LR: 1.00e-03
2276.0s 603 Epoch 24 | Train: 0.3772 | Val: 0.4161 | LR: 1.00e-03
2276.0s 604 ✓ Saved best model
2282.7s 605 Epoch 25 | Train: 0.3770 | Val: 0.4150 | LR: 1.00e-03
2282.7s 606 ✓ Saved best model
2289.4s 607 Epoch 26 | Train: 0.3769 | Val: 0.4159 | LR: 1.00e-03
2296.0s 608 Epoch 27 | Train: 0.3767 | Val: 0.4151 | LR: 1.00e-03
2302.6s 609 Epoch 28 | Train: 0.3765 | Val: 0.4152 | LR: 1.00e-03
2309.5s 610 Epoch 29 | Train: 0.3764 | Val: 0.4155 | LR: 1.00e-03
2316.0s 611 Epoch 30 | Train: 0.3762 | Val: 0.4145 | LR: 1.00e-03
2316.0s 612 ✓ Saved best model
2322.7s 613 Epoch 31 | Train: 0.3761 | Val: 0.4152 | LR: 1.00e-03
2329.3s 614 Epoch 32 | Train: 0.3759 | Val: 0.4156 | LR: 1.00e-03
2336.0s 615 Epoch 33 | Train: 0.3758 | Val: 0.4139 | LR: 1.00e-03
2336.0s 616 ✓ Saved best model
2342.7s 617 Epoch 34 | Train: 0.3756 | Val: 0.4138 | LR: 1.00e-03
2342.7s 618 ✓ Saved best model
2349.4s 619 Epoch 35 | Train: 0.3756 | Val: 0.4140 | LR: 1.00e-03
2356.1s 620 Epoch 36 | Train: 0.3755 | Val: 0.4143 | LR: 1.00e-03
2362.7s 621 Epoch 37 | Train: 0.3754 | Val: 0.4140 | LR: 1.00e-03
2369.4s 622 Epoch 38 | Train: 0.3753 | Val: 0.4147 | LR: 1.00e-03
2376.1s 623 Epoch 39 | Train: 0.3751 | Val: 0.4141 | LR: 1.00e-03
2382.9s 624 Epoch 40 | Train: 0.3750 | Val: 0.4140 | LR: 1.00e-03  → LR dropped to 5.00e-04
2389.5s 625 Epoch 41 | Train: 0.3729 | Val: 0.4121 | LR: 5.00e-04
2389.5s 626 ✓ Saved best model
2396.2s 627 Epoch 42 | Train: 0.3728 | Val: 0.4119 | LR: 5.00e-04
2396.2s 628 ✓ Saved best model
2402.9s 629 Epoch 43 | Train: 0.3726 | Val: 0.4119 | LR: 5.00e-04
2409.6s 630 Epoch 44 | Train: 0.3725 | Val: 0.4119 | LR: 5.00e-04
2409.6s 631 ✓ Saved best model
2416.3s 632 Epoch 45 | Train: 0.3724 | Val: 0.4116 | LR: 5.00e-04
2416.3s 633 ✓ Saved best model
2423.0s 634 Epoch 46 | Train: 0.3724 | Val: 0.4120 | LR: 5.00e-04
2429.7s 635 Epoch 47 | Train: 0.3723 | Val: 0.4119 | LR: 5.00e-04
2436.4s 636 Epoch 48 | Train: 0.3723 | Val: 0.4115 | LR: 5.00e-04
2436.4s 637 ✓ Saved best model
2443.0s 638 Epoch 49 | Train: 0.3722 | Val: 0.4116 | LR: 5.00e-04
2449.6s 639 Epoch 50 | Train: 0.3721 | Val: 0.4110 | LR: 5.00e-04
2449.6s 640 ✓ Saved best model
2456.3s 641 Epoch 51 | Train: 0.3721 | Val: 0.4117 | LR: 5.00e-04
2462.9s 642 Epoch 52 | Train: 0.3720 | Val: 0.4111 | LR: 5.00e-04
2469.4s 643 Epoch 53 | Train: 0.3720 | Val: 0.4114 | LR: 5.00e-04
2475.9s 644 Epoch 54 | Train: 0.3720 | Val: 0.4114 | LR: 5.00e-04
2482.6s 645 Epoch 55 | Train: 0.3719 | Val: 0.4109 | LR: 5.00e-04
2482.6s 646 ✓ Saved best model
2489.4s 647 Epoch 56 | Train: 0.3719 | Val: 0.4120 | LR: 5.00e-04
2496.1s 648 Epoch 57 | Train: 0.3718 | Val: 0.4109 | LR: 5.00e-04
2502.8s 649 Epoch 58 | Train: 0.3718 | Val: 0.4109 | LR: 5.00e-04
2502.8s 650 ✓ Saved best model
2509.4s 651 Epoch 59 | Train: 0.3717 | Val: 0.4111 | LR: 5.00e-04
2516.1s 652 Epoch 60 | Train: 0.3717 | Val: 0.4108 | LR: 5.00e-04
2516.1s 653 ✓ Saved best model
2522.8s 654 Epoch 61 | Train: 0.3717 | Val: 0.4111 | LR: 5.00e-04
2529.4s 655 Epoch 62 | Train: 0.3716 | Val: 0.4119 | LR: 5.00e-04
2536.0s 656 Epoch 63 | Train: 0.3716 | Val: 0.4102 | LR: 5.00e-04
2536.0s 657 ✓ Saved best model
2542.6s 658 Epoch 64 | Train: 0.3716 | Val: 0.4112 | LR: 5.00e-04
2549.2s 659 Epoch 65 | Train: 0.3715 | Val: 0.4109 | LR: 5.00e-04
2555.9s 660 Epoch 66 | Train: 0.3715 | Val: 0.4107 | LR: 5.00e-04
2562.6s 661 Epoch 67 | Train: 0.3714 | Val: 0.4114 | LR: 5.00e-04
2569.3s 662 Epoch 68 | Train: 0.3714 | Val: 0.4101 | LR: 5.00e-04
2569.3s 663 ✓ Saved best model
2575.9s 664 Epoch 69 | Train: 0.3714 | Val: 0.4107 | LR: 5.00e-04  → LR dropped to 2.50e-04
2582.6s 665 Epoch 70 | Train: 0.3702 | Val: 0.4099 | LR: 2.50e-04
2582.6s 666 ✓ Saved best model
2589.3s 667 Epoch 71 | Train: 0.3701 | Val: 0.4099 | LR: 2.50e-04
2595.9s 668 Epoch 72 | Train: 0.3700 | Val: 0.4096 | LR: 2.50e-04
2595.9s 669 ✓ Saved best model
2602.6s 670 Epoch 73 | Train: 0.3700 | Val: 0.4100 | LR: 2.50e-04
2609.3s 671 Epoch 74 | Train: 0.3700 | Val: 0.4098 | LR: 2.50e-04
2615.9s 672 Epoch 75 | Train: 0.3699 | Val: 0.4103 | LR: 2.50e-04
2622.6s 673 Epoch 76 | Train: 0.3699 | Val: 0.4096 | LR: 2.50e-04
2622.6s 674 ✓ Saved best model
2629.2s 675 Epoch 77 | Train: 0.3699 | Val: 0.4097 | LR: 2.50e-04
2635.9s 676 Epoch 78 | Train: 0.3699 | Val: 0.4095 | LR: 2.50e-04
2635.9s 677 ✓ Saved best model
2642.7s 678 Epoch 79 | Train: 0.3699 | Val: 0.4091 | LR: 2.50e-04
2642.7s 679 ✓ Saved best model
2649.6s 680 Epoch 80 | Train: 0.3698 | Val: 0.4096 | LR: 2.50e-04
2649.6s 681 Saved: /kaggle/working/loopsea_base_lstm_20.pt
2650.1s 682 MAE  : 3.7566
2650.1s 683 RMSE : 6.4320
2650.1s 684 R2   : 0.7069
2650.1s 685 MAPE : 9.83%
2650.1s 686 
2650.1s 687 --- Base RNN ---
2650.1s 688 
2650.1s 689 ==============================
2650.1s 690 BASELINE: RNN | 20% MISSING
2650.1s 691 ==============================
2653.1s 692 /usr/local/lib/python3.12/dist-packages/numpy/lib/_nanfunctions_impl.py:1233: RuntimeWarning: All-NaN slice encountered
2653.1s 693 return fnb._ureduce(a, func=_nanmedian, keepdims=keepdims,
2653.1s 694 
2653.1s 695 /usr/local/lib/python3.12/dist-packages/numpy/lib/_nanfunctions_impl.py:1233: RuntimeWarning: All-NaN slice encountered
2653.1s 696 return fnb._ureduce(a, func=_nanmedian, keepdims=keepdims,
2654.7s 697 Model: RNN
2654.7s 698 Parameters: 39,505
2660.8s 699 Epoch 01 | Train: 0.4359 | Val: 0.4579 | LR: 1.00e-03
2660.8s 700 ✓ Saved best model
2666.7s 701 Epoch 02 | Train: 0.4106 | Val: 0.4472 | LR: 1.00e-03
2666.7s 702 ✓ Saved best model
2672.8s 703 Epoch 03 | Train: 0.4044 | Val: 0.4405 | LR: 1.00e-03
2672.8s 704 ✓ Saved best model
2678.7s 705 Epoch 04 | Train: 0.4008 | Val: 0.4369 | LR: 1.00e-03
2678.7s 706 ✓ Saved best model
2684.7s 707 Epoch 05 | Train: 0.3982 | Val: 0.4352 | LR: 1.00e-03
2684.7s 708 ✓ Saved best model
2690.7s 709 Epoch 06 | Train: 0.3965 | Val: 0.4328 | LR: 1.00e-03
2690.7s 710 ✓ Saved best model
2696.7s 711 Epoch 07 | Train: 0.3951 | Val: 0.4316 | LR: 1.00e-03
2696.7s 712 ✓ Saved best model
2702.8s 713 Epoch 08 | Train: 0.3940 | Val: 0.4296 | LR: 1.00e-03
2702.8s 714 ✓ Saved best model
2708.8s 715 Epoch 09 | Train: 0.3931 | Val: 0.4279 | LR: 1.00e-03
2708.8s 716 ✓ Saved best model
2714.8s 717 Epoch 10 | Train: 0.3924 | Val: 0.4268 | LR: 1.00e-03
2714.8s 718 ✓ Saved best model
2720.9s 719 Epoch 11 | Train: 0.3918 | Val: 0.4254 | LR: 1.00e-03
2720.9s 720 ✓ Saved best model
2726.8s 721 Epoch 12 | Train: 0.3913 | Val: 0.4260 | LR: 1.00e-03
2732.8s 722 Epoch 13 | Train: 0.3909 | Val: 0.4247 | LR: 1.00e-03
2732.8s 723 ✓ Saved best model
2738.9s 724 Epoch 14 | Train: 0.3905 | Val: 0.4244 | LR: 1.00e-03
2738.9s 725 ✓ Saved best model
2744.8s 726 Epoch 15 | Train: 0.3901 | Val: 0.4250 | LR: 1.00e-03
2750.9s 727 Epoch 16 | Train: 0.3899 | Val: 0.4246 | LR: 1.00e-03
2756.9s 728 Epoch 17 | Train: 0.3896 | Val: 0.4250 | LR: 1.00e-03
2763.1s 729 Epoch 18 | Train: 0.3894 | Val: 0.4232 | LR: 1.00e-03
2763.1s 730 ✓ Saved best model
2769.1s 731 Epoch 19 | Train: 0.3892 | Val: 0.4239 | LR: 1.00e-03
2775.2s 732 Epoch 20 | Train: 0.3890 | Val: 0.4242 | LR: 1.00e-03
2781.2s 733 Epoch 21 | Train: 0.3889 | Val: 0.4227 | LR: 1.00e-03
2781.2s 734 ✓ Saved best model
2787.2s 735 Epoch 22 | Train: 0.3887 | Val: 0.4233 | LR: 1.00e-03
2793.3s 736 Epoch 23 | Train: 0.3885 | Val: 0.4230 | LR: 1.00e-03
2799.5s 737 Epoch 24 | Train: 0.3883 | Val: 0.4231 | LR: 1.00e-03
2805.6s 738 Epoch 25 | Train: 0.3882 | Val: 0.4225 | LR: 1.00e-03
2805.6s 739 ✓ Saved best model
2811.6s 740 Epoch 26 | Train: 0.3882 | Val: 0.4227 | LR: 1.00e-03
2817.6s 741 Epoch 27 | Train: 0.3880 | Val: 0.4218 | LR: 1.00e-03
2817.6s 742 ✓ Saved best model
2823.7s 743 Epoch 28 | Train: 0.3879 | Val: 0.4227 | LR: 1.00e-03
2829.7s 744 Epoch 29 | Train: 0.3878 | Val: 0.4215 | LR: 1.00e-03
2829.7s 745 ✓ Saved best model
2835.7s 746 Epoch 30 | Train: 0.3878 | Val: 0.4228 | LR: 1.00e-03
2841.7s 747 Epoch 31 | Train: 0.3876 | Val: 0.4213 | LR: 1.00e-03
2841.7s 748 ✓ Saved best model
2847.8s 749 Epoch 32 | Train: 0.3875 | Val: 0.4236 | LR: 1.00e-03
2853.7s 750 Epoch 33 | Train: 0.3875 | Val: 0.4238 | LR: 1.00e-03
2859.7s 751 Epoch 34 | Train: 0.3874 | Val: 0.4221 | LR: 1.00e-03
2865.7s 752 Epoch 35 | Train: 0.3872 | Val: 0.4227 | LR: 1.00e-03
2871.7s 753 Epoch 36 | Train: 0.3871 | Val: 0.4223 | LR: 1.00e-03
2877.6s 754 Epoch 37 | Train: 0.3871 | Val: 0.4214 | LR: 1.00e-03  → LR dropped to 5.00e-04
2883.6s 755 Epoch 38 | Train: 0.3845 | Val: 0.4195 | LR: 5.00e-04
2883.6s 756 ✓ Saved best model
2889.6s 757 Epoch 39 | Train: 0.3842 | Val: 0.4192 | LR: 5.00e-04
2889.6s 758 ✓ Saved best model
2895.6s 759 Epoch 40 | Train: 0.3841 | Val: 0.4198 | LR: 5.00e-04
2901.6s 760 Epoch 41 | Train: 0.3839 | Val: 0.4188 | LR: 5.00e-04
2901.6s 761 ✓ Saved best model
2907.5s 762 Epoch 42 | Train: 0.3839 | Val: 0.4189 | LR: 5.00e-04
2913.6s 763 Epoch 43 | Train: 0.3838 | Val: 0.4184 | LR: 5.00e-04
2913.6s 764 ✓ Saved best model
2919.5s 765 Epoch 44 | Train: 0.3837 | Val: 0.4184 | LR: 5.00e-04
2925.4s 766 Epoch 45 | Train: 0.3836 | Val: 0.4182 | LR: 5.00e-04
2925.4s 767 ✓ Saved best model
2931.5s 768 Epoch 46 | Train: 0.3835 | Val: 0.4186 | LR: 5.00e-04
2937.4s 769 Epoch 47 | Train: 0.3835 | Val: 0.4180 | LR: 5.00e-04
2937.4s 770 ✓ Saved best model
2943.5s 771 Epoch 48 | Train: 0.3834 | Val: 0.4181 | LR: 5.00e-04
2949.3s 772 Epoch 49 | Train: 0.3833 | Val: 0.4176 | LR: 5.00e-04
2949.3s 773 ✓ Saved best model
2955.4s 774 Epoch 50 | Train: 0.3833 | Val: 0.4181 | LR: 5.00e-04
2961.4s 775 Epoch 51 | Train: 0.3832 | Val: 0.4178 | LR: 5.00e-04
2967.4s 776 Epoch 52 | Train: 0.3832 | Val: 0.4176 | LR: 5.00e-04
2967.4s 777 ✓ Saved best model
2973.4s 778 Epoch 53 | Train: 0.3831 | Val: 0.4181 | LR: 5.00e-04
2979.4s 779 Epoch 54 | Train: 0.3831 | Val: 0.4181 | LR: 5.00e-04
2985.4s 780 Epoch 55 | Train: 0.3831 | Val: 0.4177 | LR: 5.00e-04  → LR dropped to 2.50e-04
2991.4s 781 Epoch 56 | Train: 0.3816 | Val: 0.4162 | LR: 2.50e-04
2991.4s 782 ✓ Saved best model
2997.3s 783 Epoch 57 | Train: 0.3815 | Val: 0.4163 | LR: 2.50e-04
3003.3s 784 Epoch 58 | Train: 0.3814 | Val: 0.4166 | LR: 2.50e-04
3009.3s 785 Epoch 59 | Train: 0.3814 | Val: 0.4162 | LR: 2.50e-04
3009.3s 786 ✓ Saved best model
3015.3s 787 Epoch 60 | Train: 0.3813 | Val: 0.4161 | LR: 2.50e-04
3015.3s 788 ✓ Saved best model
3021.3s 789 Epoch 61 | Train: 0.3812 | Val: 0.4161 | LR: 2.50e-04
3027.3s 790 Epoch 62 | Train: 0.3812 | Val: 0.4164 | LR: 2.50e-04
3033.4s 791 Epoch 63 | Train: 0.3812 | Val: 0.4154 | LR: 2.50e-04
3033.4s 792 ✓ Saved best model
3039.4s 793 Epoch 64 | Train: 0.3812 | Val: 0.4157 | LR: 2.50e-04
3045.4s 794 Epoch 65 | Train: 0.3811 | Val: 0.4160 | LR: 2.50e-04
3051.5s 795 Epoch 66 | Train: 0.3811 | Val: 0.4162 | LR: 2.50e-04
3057.5s 796 Epoch 67 | Train: 0.3811 | Val: 0.4156 | LR: 2.50e-04
3063.5s 797 Epoch 68 | Train: 0.3810 | Val: 0.4158 | LR: 2.50e-04
3069.6s 798 Epoch 69 | Train: 0.3810 | Val: 0.4154 | LR: 2.50e-04  → LR dropped to 1.25e-04
3075.7s 799 Epoch 70 | Train: 0.3801 | Val: 0.4149 | LR: 1.25e-04
3075.7s 800 ✓ Saved best model
3081.7s 801 Epoch 71 | Train: 0.3801 | Val: 0.4145 | LR: 1.25e-04
3081.7s 802 ✓ Saved best model
3087.6s 803 Epoch 72 | Train: 0.3800 | Val: 0.4145 | LR: 1.25e-04
3087.6s 804 ✓ Saved best model
3093.7s 805 Epoch 73 | Train: 0.3801 | Val: 0.4149 | LR: 1.25e-04
3099.8s 806 Epoch 74 | Train: 0.3800 | Val: 0.4149 | LR: 1.25e-04
3105.9s 807 Epoch 75 | Train: 0.3800 | Val: 0.4148 | LR: 1.25e-04
3112.0s 808 Epoch 76 | Train: 0.3800 | Val: 0.4146 | LR: 1.25e-04
3118.0s 809 Epoch 77 | Train: 0.3800 | Val: 0.4147 | LR: 1.25e-04
3124.2s 810 Epoch 78 | Train: 0.3799 | Val: 0.4145 | LR: 1.25e-04  → LR dropped to 6.25e-05
3130.2s 811 Epoch 79 | Train: 0.3795 | Val: 0.4141 | LR: 6.25e-05
3130.2s 812 ✓ Saved best model
3136.4s 813 Epoch 80 | Train: 0.3795 | Val: 0.4140 | LR: 6.25e-05
3136.4s 814 ✓ Saved best model
3136.4s 815 Saved: /kaggle/working/loopsea_base_rnn_20.pt
3136.9s 816 MAE  : 3.8011
3136.9s 817 RMSE : 6.5000
3136.9s 818 R2   : 0.7006
3136.9s 819 MAPE : 10.18%
3136.9s 820 
3136.9s 821 =============== 40% Missing ===============
3136.9s 822 
3136.9s 823 --- Base LSTM ---
3136.9s 824 
3136.9s 825 ==============================
3136.9s 826 BASELINE: LSTM | 40% MISSING
3136.9s 827 ==============================
3141.7s 828 /usr/local/lib/python3.12/dist-packages/numpy/lib/_nanfunctions_impl.py:1233: RuntimeWarning: All-NaN slice encountered
3141.7s 829 return fnb._ureduce(a, func=_nanmedian, keepdims=keepdims,
3141.7s 830 
3141.7s 831 /usr/local/lib/python3.12/dist-packages/numpy/lib/_nanfunctions_impl.py:1233: RuntimeWarning: All-NaN slice encountered
3141.7s 832 return fnb._ureduce(a, func=_nanmedian, keepdims=keepdims,
3143.5s 833 Model: LSTM
3143.5s 834 Parameters: 117,265
3150.1s 835 Epoch 01 | Train: 0.4275 | Val: 0.4524 | LR: 1.00e-03
3150.1s 836 ✓ Saved best model
3156.8s 837 Epoch 02 | Train: 0.4180 | Val: 0.4492 | LR: 1.00e-03
3156.8s 838 ✓ Saved best model
3163.5s 839 Epoch 03 | Train: 0.4153 | Val: 0.4469 | LR: 1.00e-03
3163.5s 840 ✓ Saved best model
3170.2s 841 Epoch 04 | Train: 0.4137 | Val: 0.4458 | LR: 1.00e-03
3170.2s 842 ✓ Saved best model
3176.9s 843 Epoch 05 | Train: 0.4126 | Val: 0.4444 | LR: 1.00e-03
3176.9s 844 ✓ Saved best model
3183.5s 845 Epoch 06 | Train: 0.4118 | Val: 0.4444 | LR: 1.00e-03
3190.2s 846 Epoch 07 | Train: 0.4112 | Val: 0.4429 | LR: 1.00e-03
3190.2s 847 ✓ Saved best model
3196.8s 848 Epoch 08 | Train: 0.4107 | Val: 0.4433 | LR: 1.00e-03
3203.5s 849 Epoch 09 | Train: 0.4103 | Val: 0.4426 | LR: 1.00e-03
3203.5s 850 ✓ Saved best model
3210.2s 851 Epoch 10 | Train: 0.4100 | Val: 0.4422 | LR: 1.00e-03
3210.2s 852 ✓ Saved best model
3216.9s 853 Epoch 11 | Train: 0.4097 | Val: 0.4420 | LR: 1.00e-03
3216.9s 854 ✓ Saved best model
3223.6s 855 Epoch 12 | Train: 0.4094 | Val: 0.4413 | LR: 1.00e-03
3223.6s 856 ✓ Saved best model
3230.2s 857 Epoch 13 | Train: 0.4092 | Val: 0.4416 | LR: 1.00e-03
3236.8s 858 Epoch 14 | Train: 0.4089 | Val: 0.4413 | LR: 1.00e-03
3243.5s 859 Epoch 15 | Train: 0.4087 | Val: 0.4414 | LR: 1.00e-03
3250.1s 860 Epoch 16 | Train: 0.4086 | Val: 0.4416 | LR: 1.00e-03
3256.7s 861 Epoch 17 | Train: 0.4084 | Val: 0.4407 | LR: 1.00e-03
3256.7s 862 ✓ Saved best model
3263.4s 863 Epoch 18 | Train: 0.4082 | Val: 0.4412 | LR: 1.00e-03
3270.0s 864 Epoch 19 | Train: 0.4081 | Val: 0.4412 | LR: 1.00e-03
3276.7s 865 Epoch 20 | Train: 0.4080 | Val: 0.4402 | LR: 1.00e-03
3276.7s 866 ✓ Saved best model
3283.4s 867 Epoch 21 | Train: 0.4079 | Val: 0.4406 | LR: 1.00e-03
3290.0s 868 Epoch 22 | Train: 0.4077 | Val: 0.4414 | LR: 1.00e-03
3296.8s 869 Epoch 23 | Train: 0.4076 | Val: 0.4409 | LR: 1.00e-03
3303.5s 870 Epoch 24 | Train: 0.4075 | Val: 0.4407 | LR: 1.00e-03
3310.1s 871 Epoch 25 | Train: 0.4074 | Val: 0.4406 | LR: 1.00e-03
3316.8s 872 Epoch 26 | Train: 0.4073 | Val: 0.4397 | LR: 1.00e-03
3316.8s 873 ✓ Saved best model
3323.4s 874 Epoch 27 | Train: 0.4073 | Val: 0.4404 | LR: 1.00e-03
3330.1s 875 Epoch 28 | Train: 0.4071 | Val: 0.4396 | LR: 1.00e-03
3330.1s 876 ✓ Saved best model
3336.7s 877 Epoch 29 | Train: 0.4070 | Val: 0.4395 | LR: 1.00e-03
3336.7s 878 ✓ Saved best model
3343.3s 879 Epoch 30 | Train: 0.4070 | Val: 0.4405 | LR: 1.00e-03
3350.0s 880 Epoch 31 | Train: 0.4069 | Val: 0.4393 | LR: 1.00e-03
3350.0s 881 ✓ Saved best model
3356.6s 882 Epoch 32 | Train: 0.4069 | Val: 0.4399 | LR: 1.00e-03
3363.1s 883 Epoch 33 | Train: 0.4068 | Val: 0.4399 | LR: 1.00e-03
3369.6s 884 Epoch 34 | Train: 0.4067 | Val: 0.4395 | LR: 1.00e-03
3376.2s 885 Epoch 35 | Train: 0.4067 | Val: 0.4399 | LR: 1.00e-03
3382.7s 886 Epoch 36 | Train: 0.4066 | Val: 0.4399 | LR: 1.00e-03
3389.3s 887 Epoch 37 | Train: 0.4066 | Val: 0.4394 | LR: 1.00e-03  → LR dropped to 5.00e-04
3395.9s 888 Epoch 38 | Train: 0.4052 | Val: 0.4391 | LR: 5.00e-04
3395.9s 889 ✓ Saved best model
3402.5s 890 Epoch 39 | Train: 0.4051 | Val: 0.4385 | LR: 5.00e-04
3402.5s 891 ✓ Saved best model
3409.0s 892 Epoch 40 | Train: 0.4050 | Val: 0.4387 | LR: 5.00e-04
3415.8s 893 Epoch 41 | Train: 0.4050 | Val: 0.4388 | LR: 5.00e-04
3422.4s 894 Epoch 42 | Train: 0.4049 | Val: 0.4391 | LR: 5.00e-04
3429.1s 895 Epoch 43 | Train: 0.4049 | Val: 0.4391 | LR: 5.00e-04
3435.7s 896 Epoch 44 | Train: 0.4048 | Val: 0.4386 | LR: 5.00e-04
3442.4s 897 Epoch 45 | Train: 0.4048 | Val: 0.4386 | LR: 5.00e-04  → LR dropped to 2.50e-04
3448.9s 898 Epoch 46 | Train: 0.4040 | Val: 0.4382 | LR: 2.50e-04
3448.9s 899 ✓ Saved best model
3455.6s 900 Epoch 47 | Train: 0.4039 | Val: 0.4382 | LR: 2.50e-04
3462.3s 901 Epoch 48 | Train: 0.4039 | Val: 0.4384 | LR: 2.50e-04
3468.8s 902 Epoch 49 | Train: 0.4038 | Val: 0.4383 | LR: 2.50e-04
3475.5s 903 Epoch 50 | Train: 0.4038 | Val: 0.4385 | LR: 2.50e-04
3482.1s 904 Epoch 51 | Train: 0.4038 | Val: 0.4381 | LR: 2.50e-04
3482.1s 905 ✓ Saved best model
3488.7s 906 Epoch 52 | Train: 0.4038 | Val: 0.4386 | LR: 2.50e-04
3495.4s 907 Epoch 53 | Train: 0.4038 | Val: 0.4385 | LR: 2.50e-04
3502.0s 908 Epoch 54 | Train: 0.4038 | Val: 0.4382 | LR: 2.50e-04
3508.6s 909 Epoch 55 | Train: 0.4037 | Val: 0.4386 | LR: 2.50e-04
3515.2s 910 Epoch 56 | Train: 0.4037 | Val: 0.4387 | LR: 2.50e-04
3521.9s 911 Epoch 57 | Train: 0.4037 | Val: 0.4383 | LR: 2.50e-04  → LR dropped to 1.25e-04
3528.6s 912 Epoch 58 | Train: 0.4033 | Val: 0.4381 | LR: 1.25e-04
3535.2s 913 Epoch 59 | Train: 0.4032 | Val: 0.4383 | LR: 1.25e-04
3541.8s 914 Epoch 60 | Train: 0.4032 | Val: 0.4381 | LR: 1.25e-04
3548.5s 915 Epoch 61 | Train: 0.4032 | Val: 0.4385 | LR: 1.25e-04
3555.1s 916 Epoch 62 | Train: 0.4032 | Val: 0.4382 | LR: 1.25e-04
3561.8s 917 Epoch 63 | Train: 0.4031 | Val: 0.4386 | LR: 1.25e-04  → LR dropped to 6.25e-05
3568.4s 918 Epoch 64 | Train: 0.4029 | Val: 0.4383 | LR: 6.25e-05
3575.1s 919 Epoch 65 | Train: 0.4029 | Val: 0.4383 | LR: 6.25e-05
3582.0s 920 Epoch 66 | Train: 0.4029 | Val: 0.4381 | LR: 6.25e-05
3582.0s 921 Early stopping triggered
3582.0s 922 Saved: /kaggle/working/loopsea_base_lstm_40.pt
3582.6s 923 MAE  : 4.1592
3582.6s 924 RMSE : 6.9933
3582.6s 925 R2   : 0.5685
3582.6s 926 MAPE : 11.25%
3582.6s 927 
3582.6s 928 --- Base RNN ---
3582.6s 929 
3582.6s 930 ==============================
3582.6s 931 BASELINE: RNN | 40% MISSING
3582.6s 932 ==============================
3585.1s 933 /usr/local/lib/python3.12/dist-packages/numpy/lib/_nanfunctions_impl.py:1233: RuntimeWarning: All-NaN slice encountered
3585.1s 934 return fnb._ureduce(a, func=_nanmedian, keepdims=keepdims,
3585.1s 935 
3585.1s 936 /usr/local/lib/python3.12/dist-packages/numpy/lib/_nanfunctions_impl.py:1233: RuntimeWarning: All-NaN slice encountered
3585.1s 937 return fnb._ureduce(a, func=_nanmedian, keepdims=keepdims,
3587.0s 938 Model: RNN
3587.0s 939 Parameters: 39,505
3593.0s 940 Epoch 01 | Train: 0.4329 | Val: 0.4550 | LR: 1.00e-03
3593.0s 941 ✓ Saved best model
3599.1s 942 Epoch 02 | Train: 0.4220 | Val: 0.4517 | LR: 1.00e-03
3599.1s 943 ✓ Saved best model
3605.1s 944 Epoch 03 | Train: 0.4197 | Val: 0.4498 | LR: 1.00e-03
3605.1s 945 ✓ Saved best model
3611.2s 946 Epoch 04 | Train: 0.4185 | Val: 0.4490 | LR: 1.00e-03
3611.2s 947 ✓ Saved best model
3617.2s 948 Epoch 05 | Train: 0.4175 | Val: 0.4483 | LR: 1.00e-03
3617.2s 949 ✓ Saved best model
3623.2s 950 Epoch 06 | Train: 0.4168 | Val: 0.4476 | LR: 1.00e-03
3623.2s 951 ✓ Saved best model
3629.2s 952 Epoch 07 | Train: 0.4162 | Val: 0.4474 | LR: 1.00e-03
3629.2s 953 ✓ Saved best model
3635.1s 954 Epoch 08 | Train: 0.4158 | Val: 0.4472 | LR: 1.00e-03
3635.1s 955 ✓ Saved best model
3641.1s 956 Epoch 09 | Train: 0.4154 | Val: 0.4468 | LR: 1.00e-03
3641.1s 957 ✓ Saved best model
3647.0s 958 Epoch 10 | Train: 0.4151 | Val: 0.4466 | LR: 1.00e-03
3647.0s 959 ✓ Saved best model
3653.1s 960 Epoch 11 | Train: 0.4148 | Val: 0.4465 | LR: 1.00e-03
3653.1s 961 ✓ Saved best model
3659.1s 962 Epoch 12 | Train: 0.4146 | Val: 0.4462 | LR: 1.00e-03
3659.1s 963 ✓ Saved best model
3665.1s 964 Epoch 13 | Train: 0.4143 | Val: 0.4456 | LR: 1.00e-03
3665.1s 965 ✓ Saved best model
3671.0s 966 Epoch 14 | Train: 0.4142 | Val: 0.4457 | LR: 1.00e-03
3677.0s 967 Epoch 15 | Train: 0.4140 | Val: 0.4453 | LR: 1.00e-03
3677.0s 968 ✓ Saved best model
3683.1s 969 Epoch 16 | Train: 0.4138 | Val: 0.4452 | LR: 1.00e-03
3683.1s 970 ✓ Saved best model
3689.1s 971 Epoch 17 | Train: 0.4137 | Val: 0.4449 | LR: 1.00e-03
3689.1s 972 ✓ Saved best model
3695.2s 973 Epoch 18 | Train: 0.4136 | Val: 0.4453 | LR: 1.00e-03
3701.3s 974 Epoch 19 | Train: 0.4135 | Val: 0.4452 | LR: 1.00e-03
3707.3s 975 Epoch 20 | Train: 0.4134 | Val: 0.4448 | LR: 1.00e-03
3707.3s 976 ✓ Saved best model
3713.4s 977 Epoch 21 | Train: 0.4133 | Val: 0.4451 | LR: 1.00e-03
3719.4s 978 Epoch 22 | Train: 0.4132 | Val: 0.4445 | LR: 1.00e-03
3719.4s 979 ✓ Saved best model
3725.5s 980 Epoch 23 | Train: 0.4130 | Val: 0.4447 | LR: 1.00e-03
3731.7s 981 Epoch 24 | Train: 0.4130 | Val: 0.4444 | LR: 1.00e-03
3731.7s 982 ✓ Saved best model
3737.8s 983 Epoch 25 | Train: 0.4129 | Val: 0.4442 | LR: 1.00e-03
3737.8s 984 ✓ Saved best model
3743.8s 985 Epoch 26 | Train: 0.4128 | Val: 0.4445 | LR: 1.00e-03
3749.8s 986 Epoch 27 | Train: 0.4128 | Val: 0.4444 | LR: 1.00e-03
3755.7s 987 Epoch 28 | Train: 0.4127 | Val: 0.4443 | LR: 1.00e-03
3761.7s 988 Epoch 29 | Train: 0.4127 | Val: 0.4443 | LR: 1.00e-03
3767.7s 989 Epoch 30 | Train: 0.4126 | Val: 0.4447 | LR: 1.00e-03
3773.7s 990 Epoch 31 | Train: 0.4126 | Val: 0.4440 | LR: 1.00e-03
3773.7s 991 ✓ Saved best model
3779.8s 992 Epoch 32 | Train: 0.4125 | Val: 0.4440 | LR: 1.00e-03
3785.8s 993 Epoch 33 | Train: 0.4125 | Val: 0.4443 | LR: 1.00e-03
3791.9s 994 Epoch 34 | Train: 0.4124 | Val: 0.4446 | LR: 1.00e-03
3797.8s 995 Epoch 35 | Train: 0.4124 | Val: 0.4436 | LR: 1.00e-03
3797.8s 996 ✓ Saved best model
3803.9s 997 Epoch 36 | Train: 0.4124 | Val: 0.4439 | LR: 1.00e-03
3809.9s 998 Epoch 37 | Train: 0.4123 | Val: 0.4436 | LR: 1.00e-03
3809.9s 999 ✓ Saved best model
3815.8s 1000 Epoch 38 | Train: 0.4123 | Val: 0.4436 | LR: 1.00e-03
3815.8s 1001 ✓ Saved best model
3821.9s 1002 Epoch 39 | Train: 0.4122 | Val: 0.4436 | LR: 1.00e-03
3821.9s 1003 ✓ Saved best model
3827.8s 1004 Epoch 40 | Train: 0.4122 | Val: 0.4441 | LR: 1.00e-03
3833.9s 1005 Epoch 41 | Train: 0.4122 | Val: 0.4437 | LR: 1.00e-03
3839.9s 1006 Epoch 42 | Train: 0.4122 | Val: 0.4439 | LR: 1.00e-03
3845.9s 1007 Epoch 43 | Train: 0.4121 | Val: 0.4438 | LR: 1.00e-03
3852.0s 1008 Epoch 44 | Train: 0.4121 | Val: 0.4435 | LR: 1.00e-03
3852.0s 1009 ✓ Saved best model
3858.0s 1010 Epoch 45 | Train: 0.4121 | Val: 0.4439 | LR: 1.00e-03
3864.0s 1011 Epoch 46 | Train: 0.4120 | Val: 0.4443 | LR: 1.00e-03
3870.0s 1012 Epoch 47 | Train: 0.4120 | Val: 0.4435 | LR: 1.00e-03
3876.0s 1013 Epoch 48 | Train: 0.4120 | Val: 0.4438 | LR: 1.00e-03
3882.0s 1014 Epoch 49 | Train: 0.4119 | Val: 0.4435 | LR: 1.00e-03
3888.0s 1015 Epoch 50 | Train: 0.4119 | Val: 0.4436 | LR: 1.00e-03  → LR dropped to 5.00e-04
3894.0s 1016 Epoch 51 | Train: 0.4101 | Val: 0.4417 | LR: 5.00e-04
3894.0s 1017 ✓ Saved best model
3899.9s 1018 Epoch 52 | Train: 0.4100 | Val: 0.4419 | LR: 5.00e-04
3905.9s 1019 Epoch 53 | Train: 0.4099 | Val: 0.4417 | LR: 5.00e-04
3911.8s 1020 Epoch 54 | Train: 0.4099 | Val: 0.4415 | LR: 5.00e-04
3911.8s 1021 ✓ Saved best model
3917.8s 1022 Epoch 55 | Train: 0.4099 | Val: 0.4415 | LR: 5.00e-04
3923.7s 1023 Epoch 56 | Train: 0.4098 | Val: 0.4414 | LR: 5.00e-04
3923.7s 1024 ✓ Saved best model
3929.7s 1025 Epoch 57 | Train: 0.4098 | Val: 0.4418 | LR: 5.00e-04
3935.7s 1026 Epoch 58 | Train: 0.4098 | Val: 0.4413 | LR: 5.00e-04
3935.7s 1027 ✓ Saved best model
3941.7s 1028 Epoch 59 | Train: 0.4097 | Val: 0.4414 | LR: 5.00e-04
3947.7s 1029 Epoch 60 | Train: 0.4097 | Val: 0.4412 | LR: 5.00e-04
3947.7s 1030 ✓ Saved best model
3953.8s 1031 Epoch 61 | Train: 0.4097 | Val: 0.4416 | LR: 5.00e-04
3959.7s 1032 Epoch 62 | Train: 0.4097 | Val: 0.4412 | LR: 5.00e-04
3959.7s 1033 ✓ Saved best model
3965.7s 1034 Epoch 63 | Train: 0.4096 | Val: 0.4419 | LR: 5.00e-04
3971.7s 1035 Epoch 64 | Train: 0.4096 | Val: 0.4415 | LR: 5.00e-04
3977.6s 1036 Epoch 65 | Train: 0.4097 | Val: 0.4412 | LR: 5.00e-04
3983.6s 1037 Epoch 66 | Train: 0.4096 | Val: 0.4420 | LR: 5.00e-04  → LR dropped to 2.50e-04
3989.6s 1038 Epoch 67 | Train: 0.4087 | Val: 0.4405 | LR: 2.50e-04
3989.6s 1039 ✓ Saved best model
3995.5s 1040 Epoch 68 | Train: 0.4086 | Val: 0.4403 | LR: 2.50e-04
3995.5s 1041 ✓ Saved best model
4001.5s 1042 Epoch 69 | Train: 0.4085 | Val: 0.4403 | LR: 2.50e-04
4007.5s 1043 Epoch 70 | Train: 0.4085 | Val: 0.4403 | LR: 2.50e-04
4013.4s 1044 Epoch 71 | Train: 0.4085 | Val: 0.4401 | LR: 2.50e-04
4013.4s 1045 ✓ Saved best model
4019.5s 1046 Epoch 72 | Train: 0.4085 | Val: 0.4403 | LR: 2.50e-04
4025.4s 1047 Epoch 73 | Train: 0.4085 | Val: 0.4404 | LR: 2.50e-04
4031.4s 1048 Epoch 74 | Train: 0.4085 | Val: 0.4403 | LR: 2.50e-04
4037.5s 1049 Epoch 75 | Train: 0.4084 | Val: 0.4407 | LR: 2.50e-04
4043.6s 1050 Epoch 76 | Train: 0.4084 | Val: 0.4404 | LR: 2.50e-04
4049.5s 1051 Epoch 77 | Train: 0.4084 | Val: 0.4405 | LR: 2.50e-04  → LR dropped to 1.25e-04
4055.5s 1052 Epoch 78 | Train: 0.4079 | Val: 0.4398 | LR: 1.25e-04
4055.5s 1053 ✓ Saved best model
4061.5s 1054 Epoch 79 | Train: 0.4079 | Val: 0.4399 | LR: 1.25e-04
4067.6s 1055 Epoch 80 | Train: 0.4078 | Val: 0.4399 | LR: 1.25e-04
4067.6s 1056 Saved: /kaggle/working/loopsea_base_rnn_40.pt
4068.1s 1057 MAE  : 4.1686
4068.1s 1058 RMSE : 7.0048
4068.1s 1059 R2   : 0.5671
4068.1s 1060 MAPE : 11.61%
4068.1s 1061 
4068.1s 1062 =============== 80% Missing ===============
4068.1s 1063 
4068.1s 1064 --- Base LSTM ---
4068.1s 1065 
4068.1s 1066 ==============================
4068.1s 1067 BASELINE: LSTM | 80% MISSING
4068.1s 1068 ==============================
4070.7s 1069 /usr/local/lib/python3.12/dist-packages/numpy/lib/_nanfunctions_impl.py:1233: RuntimeWarning: All-NaN slice encountered
4070.7s 1070 return fnb._ureduce(a, func=_nanmedian, keepdims=keepdims,
4070.7s 1071 
4070.7s 1072 /usr/local/lib/python3.12/dist-packages/numpy/lib/_nanfunctions_impl.py:1233: RuntimeWarning: All-NaN slice encountered
4070.7s 1073 return fnb._ureduce(a, func=_nanmedian, keepdims=keepdims,
4072.3s 1074 Model: LSTM
4072.3s 1075 Parameters: 117,265
4078.9s 1076 Epoch 01 | Train: 0.1599 | Val: 0.1682 | LR: 1.00e-03
4078.9s 1077 ✓ Saved best model
4085.4s 1078 Epoch 02 | Train: 0.1591 | Val: 0.1682 | LR: 1.00e-03
4085.4s 1079 ✓ Saved best model
4092.0s 1080 Epoch 03 | Train: 0.1591 | Val: 0.1681 | LR: 1.00e-03
4092.0s 1081 ✓ Saved best model
4098.6s 1082 Epoch 04 | Train: 0.1586 | Val: 0.1682 | LR: 1.00e-03
4105.1s 1083 Epoch 05 | Train: 0.1585 | Val: 0.1681 | LR: 1.00e-03
4105.1s 1084 ✓ Saved best model
4111.7s 1085 Epoch 06 | Train: 0.1585 | Val: 0.1681 | LR: 1.00e-03
4111.7s 1086 ✓ Saved best model
4118.3s 1087 Epoch 07 | Train: 0.1584 | Val: 0.1681 | LR: 1.00e-03
4118.3s 1088 ✓ Saved best model
4125.0s 1089 Epoch 08 | Train: 0.1584 | Val: 0.1681 | LR: 1.00e-03
4125.0s 1090 ✓ Saved best model
4131.6s 1091 Epoch 09 | Train: 0.1584 | Val: 0.1681 | LR: 1.00e-03
4138.2s 1092 Epoch 10 | Train: 0.1584 | Val: 0.1681 | LR: 1.00e-03
4138.2s 1093 ✓ Saved best model
4144.9s 1094 Epoch 11 | Train: 0.1585 | Val: 0.1681 | LR: 1.00e-03
4151.7s 1095 Epoch 12 | Train: 0.1584 | Val: 0.1681 | LR: 1.00e-03
4158.1s 1096 Epoch 13 | Train: 0.1584 | Val: 0.1681 | LR: 1.00e-03
4158.1s 1097 ✓ Saved best model
4164.7s 1098 Epoch 14 | Train: 0.1584 | Val: 0.1681 | LR: 1.00e-03
4171.4s 1099 Epoch 15 | Train: 0.1586 | Val: 0.1681 | LR: 1.00e-03
4178.0s 1100 Epoch 16 | Train: 0.1585 | Val: 0.1681 | LR: 1.00e-03
4178.0s 1101 ✓ Saved best model
4184.7s 1102 Epoch 17 | Train: 0.1584 | Val: 0.1681 | LR: 1.00e-03
4191.4s 1103 Epoch 18 | Train: 0.1584 | Val: 0.1681 | LR: 1.00e-03
4198.1s 1104 Epoch 19 | Train: 0.1584 | Val: 0.1681 | LR: 1.00e-03  → LR dropped to 5.00e-04
4204.7s 1105 Epoch 20 | Train: 0.1583 | Val: 0.1680 | LR: 5.00e-04
4204.7s 1106 ✓ Saved best model
4211.3s 1107 Epoch 21 | Train: 0.1583 | Val: 0.1680 | LR: 5.00e-04
4211.3s 1108 ✓ Saved best model
4218.0s 1109 Epoch 22 | Train: 0.1583 | Val: 0.1680 | LR: 5.00e-04
4224.6s 1110 Epoch 23 | Train: 0.1583 | Val: 0.1680 | LR: 5.00e-04
4231.3s 1111 Epoch 24 | Train: 0.1583 | Val: 0.1680 | LR: 5.00e-04
4237.9s 1112 Epoch 25 | Train: 0.1583 | Val: 0.1680 | LR: 5.00e-04
4244.6s 1113 Epoch 26 | Train: 0.1583 | Val: 0.1680 | LR: 5.00e-04  → LR dropped to 2.50e-04
4251.4s 1114 Epoch 27 | Train: 0.1583 | Val: 0.1680 | LR: 2.50e-04
4251.4s 1115 ✓ Saved best model
4258.0s 1116 Epoch 28 | Train: 0.1583 | Val: 0.1680 | LR: 2.50e-04
4264.7s 1117 Epoch 29 | Train: 0.1583 | Val: 0.1680 | LR: 2.50e-04
4264.7s 1118 ✓ Saved best model
4271.2s 1119 Epoch 30 | Train: 0.1583 | Val: 0.1680 | LR: 2.50e-04
4277.9s 1120 Epoch 31 | Train: 0.1583 | Val: 0.1680 | LR: 2.50e-04
4277.9s 1121 ✓ Saved best model
4284.5s 1122 Epoch 32 | Train: 0.1583 | Val: 0.1680 | LR: 2.50e-04
4291.2s 1123 Epoch 33 | Train: 0.1583 | Val: 0.1680 | LR: 2.50e-04  → LR dropped to 1.25e-04
4297.8s 1124 Epoch 34 | Train: 0.1583 | Val: 0.1680 | LR: 1.25e-04
4297.8s 1125 ✓ Saved best model
4304.5s 1126 Epoch 35 | Train: 0.1583 | Val: 0.1680 | LR: 1.25e-04
4311.1s 1127 Epoch 36 | Train: 0.1583 | Val: 0.1680 | LR: 1.25e-04
4317.8s 1128 Epoch 37 | Train: 0.1583 | Val: 0.1680 | LR: 1.25e-04
4324.4s 1129 Epoch 38 | Train: 0.1583 | Val: 0.1680 | LR: 1.25e-04
4331.1s 1130 Epoch 39 | Train: 0.1583 | Val: 0.1680 | LR: 1.25e-04  → LR dropped to 6.25e-05
4337.7s 1131 Epoch 40 | Train: 0.1583 | Val: 0.1680 | LR: 6.25e-05
4337.7s 1132 ✓ Saved best model
4344.4s 1133 Epoch 41 | Train: 0.1583 | Val: 0.1680 | LR: 6.25e-05
4351.1s 1134 Epoch 42 | Train: 0.1583 | Val: 0.1680 | LR: 6.25e-05
4351.1s 1135 ✓ Saved best model
4357.8s 1136 Epoch 43 | Train: 0.1583 | Val: 0.1680 | LR: 6.25e-05
4364.4s 1137 Epoch 44 | Train: 0.1583 | Val: 0.1680 | LR: 6.25e-05
4364.4s 1138 ✓ Saved best model
4370.9s 1139 Epoch 45 | Train: 0.1583 | Val: 0.1680 | LR: 6.25e-05  → LR dropped to 3.13e-05
4377.6s 1140 Epoch 46 | Train: 0.1583 | Val: 0.1680 | LR: 3.13e-05
4384.2s 1141 Epoch 47 | Train: 0.1583 | Val: 0.1680 | LR: 3.13e-05
4390.8s 1142 Epoch 48 | Train: 0.1583 | Val: 0.1680 | LR: 3.13e-05
4397.4s 1143 Epoch 49 | Train: 0.1583 | Val: 0.1680 | LR: 3.13e-05
4404.0s 1144 Epoch 50 | Train: 0.1583 | Val: 0.1680 | LR: 3.13e-05
4410.6s 1145 Epoch 51 | Train: 0.1583 | Val: 0.1680 | LR: 3.13e-05  → LR dropped to 1.56e-05
4417.2s 1146 Epoch 52 | Train: 0.1583 | Val: 0.1680 | LR: 1.56e-05
4424.1s 1147 Epoch 53 | Train: 0.1583 | Val: 0.1680 | LR: 1.56e-05
4430.5s 1148 Epoch 54 | Train: 0.1583 | Val: 0.1680 | LR: 1.56e-05
4437.2s 1149 Epoch 55 | Train: 0.1583 | Val: 0.1680 | LR: 1.56e-05
4443.9s 1150 Epoch 56 | Train: 0.1583 | Val: 0.1680 | LR: 1.56e-05
4450.5s 1151 Epoch 57 | Train: 0.1583 | Val: 0.1680 | LR: 1.56e-05  → LR dropped to 1.00e-05
4457.1s 1152 Epoch 58 | Train: 0.1583 | Val: 0.1680 | LR: 1.00e-05
4463.9s 1153 Epoch 59 | Train: 0.1583 | Val: 0.1680 | LR: 1.00e-05
4463.9s 1154 Early stopping triggered
4463.9s 1155 Saved: /kaggle/working/loopsea_base_lstm_80.pt
4464.5s 1156 MAE  : 1.5371
4464.5s 1157 RMSE : 5.3284
4464.5s 1158 R2   : 0.5090
4464.5s 1159 MAPE : 5.65%
4464.5s 1160 
4464.5s 1161 --- Base RNN ---
4464.5s 1162 
4464.5s 1163 ==============================
4464.5s 1164 BASELINE: RNN | 80% MISSING
4464.5s 1165 ==============================
4465.9s 1166 /usr/local/lib/python3.12/dist-packages/numpy/lib/_nanfunctions_impl.py:1233: RuntimeWarning: All-NaN slice encountered
4465.9s 1167 return fnb._ureduce(a, func=_nanmedian, keepdims=keepdims,
4465.9s 1168 
4465.9s 1169 /usr/local/lib/python3.12/dist-packages/numpy/lib/_nanfunctions_impl.py:1233: RuntimeWarning: All-NaN slice encountered
4465.9s 1170 return fnb._ureduce(a, func=_nanmedian, keepdims=keepdims,
4467.4s 1171 Model: RNN
4467.4s 1172 Parameters: 39,505
4473.4s 1173 Epoch 01 | Train: 0.1628 | Val: 0.1683 | LR: 1.00e-03
4473.4s 1174 ✓ Saved best model
4479.3s 1175 Epoch 02 | Train: 0.1592 | Val: 0.1682 | LR: 1.00e-03
4479.3s 1176 ✓ Saved best model
4485.3s 1177 Epoch 03 | Train: 0.1591 | Val: 0.1682 | LR: 1.00e-03
4485.3s 1178 ✓ Saved best model
4491.3s 1179 Epoch 04 | Train: 0.1591 | Val: 0.1681 | LR: 1.00e-03
4491.3s 1180 ✓ Saved best model
4497.4s 1181 Epoch 05 | Train: 0.1591 | Val: 0.1681 | LR: 1.00e-03
4503.3s 1182 Epoch 06 | Train: 0.1590 | Val: 0.1681 | LR: 1.00e-03
4503.3s 1183 ✓ Saved best model
4509.3s 1184 Epoch 07 | Train: 0.1590 | Val: 0.1681 | LR: 1.00e-03
4509.3s 1185 ✓ Saved best model
4515.4s 1186 Epoch 08 | Train: 0.1590 | Val: 0.1681 | LR: 1.00e-03
4521.3s 1187 Epoch 09 | Train: 0.1590 | Val: 0.1681 | LR: 1.00e-03
4521.3s 1188 ✓ Saved best model
4527.3s 1189 Epoch 10 | Train: 0.1590 | Val: 0.1681 | LR: 1.00e-03
4533.3s 1190 Epoch 11 | Train: 0.1590 | Val: 0.1681 | LR: 1.00e-03
4533.3s 1191 ✓ Saved best model
4539.2s 1192 Epoch 12 | Train: 0.1590 | Val: 0.1681 | LR: 1.00e-03
4545.4s 1193 Epoch 13 | Train: 0.1590 | Val: 0.1681 | LR: 1.00e-03
4551.2s 1194 Epoch 14 | Train: 0.1590 | Val: 0.1681 | LR: 1.00e-03
4551.2s 1195 ✓ Saved best model
4557.3s 1196 Epoch 15 | Train: 0.1590 | Val: 0.1681 | LR: 1.00e-03
4557.3s 1197 ✓ Saved best model
4563.4s 1198 Epoch 16 | Train: 0.1590 | Val: 0.1680 | LR: 1.00e-03
4563.4s 1199 ✓ Saved best model
4569.4s 1200 Epoch 17 | Train: 0.1590 | Val: 0.1680 | LR: 1.00e-03
4575.7s 1201 Epoch 18 | Train: 0.1590 | Val: 0.1681 | LR: 1.00e-03
4581.5s 1202 Epoch 19 | Train: 0.1590 | Val: 0.1680 | LR: 1.00e-03
4587.5s 1203 Epoch 20 | Train: 0.1590 | Val: 0.1680 | LR: 1.00e-03
4587.5s 1204 ✓ Saved best model
4593.5s 1205 Epoch 21 | Train: 0.1590 | Val: 0.1681 | LR: 1.00e-03
4599.5s 1206 Epoch 22 | Train: 0.1590 | Val: 0.1680 | LR: 1.00e-03  → LR dropped to 5.00e-04
4605.5s 1207 Epoch 23 | Train: 0.1589 | Val: 0.1680 | LR: 5.00e-04
4605.5s 1208 ✓ Saved best model
4611.6s 1209 Epoch 24 | Train: 0.1589 | Val: 0.1680 | LR: 5.00e-04
4617.6s 1210 Epoch 25 | Train: 0.1589 | Val: 0.1680 | LR: 5.00e-04
4623.8s 1211 Epoch 26 | Train: 0.1589 | Val: 0.1680 | LR: 5.00e-04
4623.8s 1212 ✓ Saved best model
4629.8s 1213 Epoch 27 | Train: 0.1589 | Val: 0.1680 | LR: 5.00e-04
4635.7s 1214 Epoch 28 | Train: 0.1589 | Val: 0.1680 | LR: 5.00e-04
4641.8s 1215 Epoch 29 | Train: 0.1589 | Val: 0.1680 | LR: 5.00e-04  → LR dropped to 2.50e-04
4641.8s 1216 ✓ Saved best model
4647.8s 1217 Epoch 30 | Train: 0.1589 | Val: 0.1680 | LR: 2.50e-04
4647.8s 1218 ✓ Saved best model
4653.8s 1219 Epoch 31 | Train: 0.1589 | Val: 0.1680 | LR: 2.50e-04
4653.8s 1220 ✓ Saved best model
4659.9s 1221 Epoch 32 | Train: 0.1589 | Val: 0.1680 | LR: 2.50e-04
4659.9s 1222 ✓ Saved best model
4666.0s 1223 Epoch 33 | Train: 0.1589 | Val: 0.1680 | LR: 2.50e-04
4666.0s 1224 ✓ Saved best model
4672.1s 1225 Epoch 34 | Train: 0.1589 | Val: 0.1680 | LR: 2.50e-04
4678.1s 1226 Epoch 35 | Train: 0.1589 | Val: 0.1680 | LR: 2.50e-04  → LR dropped to 1.25e-04
4684.8s 1227 Epoch 36 | Train: 0.1589 | Val: 0.1680 | LR: 1.25e-04
4684.8s 1228 ✓ Saved best model
4690.8s 1229 Epoch 37 | Train: 0.1589 | Val: 0.1680 | LR: 1.25e-04
4690.8s 1230 ✓ Saved best model
4697.0s 1231 Epoch 38 | Train: 0.1589 | Val: 0.1680 | LR: 1.25e-04
4702.8s 1232 Epoch 39 | Train: 0.1589 | Val: 0.1680 | LR: 1.25e-04
4702.8s 1233 ✓ Saved best model
4708.9s 1234 Epoch 40 | Train: 0.1589 | Val: 0.1680 | LR: 1.25e-04
4708.9s 1235 ✓ Saved best model
4715.0s 1236 Epoch 41 | Train: 0.1589 | Val: 0.1680 | LR: 1.25e-04
4721.0s 1237 Epoch 42 | Train: 0.1589 | Val: 0.1680 | LR: 1.25e-04  → LR dropped to 6.25e-05
4727.0s 1238 Epoch 43 | Train: 0.1589 | Val: 0.1680 | LR: 6.25e-05
4727.0s 1239 ✓ Saved best model
4733.0s 1240 Epoch 44 | Train: 0.1589 | Val: 0.1680 | LR: 6.25e-05
4733.0s 1241 ✓ Saved best model
4739.1s 1242 Epoch 45 | Train: 0.1589 | Val: 0.1680 | LR: 6.25e-05
4745.1s 1243 Epoch 46 | Train: 0.1589 | Val: 0.1680 | LR: 6.25e-05
4751.1s 1244 Epoch 47 | Train: 0.1589 | Val: 0.1680 | LR: 6.25e-05
4751.1s 1245 ✓ Saved best model
4757.1s 1246 Epoch 48 | Train: 0.1589 | Val: 0.1680 | LR: 6.25e-05  → LR dropped to 3.13e-05
4763.2s 1247 Epoch 49 | Train: 0.1589 | Val: 0.1680 | LR: 3.13e-05
4763.2s 1248 ✓ Saved best model
4769.1s 1249 Epoch 50 | Train: 0.1589 | Val: 0.1680 | LR: 3.13e-05
4775.1s 1250 Epoch 51 | Train: 0.1589 | Val: 0.1680 | LR: 3.13e-05
4775.1s 1251 ✓ Saved best model
4781.1s 1252 Epoch 52 | Train: 0.1589 | Val: 0.1680 | LR: 3.13e-05
4787.0s 1253 Epoch 53 | Train: 0.1589 | Val: 0.1680 | LR: 3.13e-05
4787.0s 1254 ✓ Saved best model
4793.0s 1255 Epoch 54 | Train: 0.1589 | Val: 0.1680 | LR: 3.13e-05  → LR dropped to 1.56e-05
4793.0s 1256 ✓ Saved best model
4799.0s 1257 Epoch 55 | Train: 0.1589 | Val: 0.1680 | LR: 1.56e-05
4799.0s 1258 ✓ Saved best model
4805.1s 1259 Epoch 56 | Train: 0.1589 | Val: 0.1680 | LR: 1.56e-05
4805.1s 1260 ✓ Saved best model
4811.1s 1261 Epoch 57 | Train: 0.1589 | Val: 0.1680 | LR: 1.56e-05
4811.1s 1262 ✓ Saved best model
4817.0s 1263 Epoch 58 | Train: 0.1589 | Val: 0.1680 | LR: 1.56e-05
4817.0s 1264 ✓ Saved best model
4822.9s 1265 Epoch 59 | Train: 0.1589 | Val: 0.1680 | LR: 1.56e-05
4828.9s 1266 Epoch 60 | Train: 0.1589 | Val: 0.1680 | LR: 1.56e-05  → LR dropped to 1.00e-05
4834.9s 1267 Epoch 61 | Train: 0.1589 | Val: 0.1680 | LR: 1.00e-05
4834.9s 1268 ✓ Saved best model
4841.0s 1269 Epoch 62 | Train: 0.1589 | Val: 0.1680 | LR: 1.00e-05
4847.0s 1270 Epoch 63 | Train: 0.1589 | Val: 0.1680 | LR: 1.00e-05
4847.0s 1271 ✓ Saved best model
4853.1s 1272 Epoch 64 | Train: 0.1589 | Val: 0.1680 | LR: 1.00e-05
4859.1s 1273 Epoch 65 | Train: 0.1589 | Val: 0.1680 | LR: 1.00e-05
4865.0s 1274 Epoch 66 | Train: 0.1589 | Val: 0.1680 | LR: 1.00e-05
4870.9s 1275 Epoch 67 | Train: 0.1589 | Val: 0.1680 | LR: 1.00e-05
4876.9s 1276 Epoch 68 | Train: 0.1589 | Val: 0.1680 | LR: 1.00e-05
4882.9s 1277 Epoch 69 | Train: 0.1589 | Val: 0.1680 | LR: 1.00e-05
4888.9s 1278 Epoch 70 | Train: 0.1589 | Val: 0.1680 | LR: 1.00e-05
4895.0s 1279 Epoch 71 | Train: 0.1589 | Val: 0.1680 | LR: 1.00e-05
4900.9s 1280 Epoch 72 | Train: 0.1589 | Val: 0.1680 | LR: 1.00e-05
4906.7s 1281 Epoch 73 | Train: 0.1589 | Val: 0.1680 | LR: 1.00e-05
4912.7s 1282 Epoch 74 | Train: 0.1589 | Val: 0.1680 | LR: 1.00e-05
4918.5s 1283 Epoch 75 | Train: 0.1589 | Val: 0.1680 | LR: 1.00e-05
4924.5s 1284 Epoch 76 | Train: 0.1589 | Val: 0.1680 | LR: 1.00e-05
4930.4s 1285 Epoch 77 | Train: 0.1589 | Val: 0.1680 | LR: 1.00e-05
4936.6s 1286 Epoch 78 | Train: 0.1589 | Val: 0.1680 | LR: 1.00e-05
4936.6s 1287 Early stopping triggered
4936.6s 1288 Saved: /kaggle/working/loopsea_base_rnn_80.pt
4936.9s 1289 MAE  : 1.5370
4936.9s 1290 RMSE : 5.3284
4936.9s 1291 R2   : 0.5090
4936.9s 1292 MAPE : 5.65%
4936.9s 1293 
4936.9s 1294 ==================== FINAL SUMMARY ====================
4936.9s 1295 
4936.9s 1296 ### 0% Missing ###
4936.9s 1297 
4936.9s 1298 LSTM
4936.9s 1299 MAE  : 2.8897
4936.9s 1300 RMSE : 4.7292
4936.9s 1301 R2   : 0.8674
4936.9s 1302 MAPE : 7.90%
4936.9s 1303 
4936.9s 1304 RNN
4936.9s 1305 MAE  : 2.9526
4936.9s 1306 RMSE : 4.8393
4936.9s 1307 R2   : 0.8612
4936.9s 1308 MAPE : 8.27%
4936.9s 1309 
4936.9s 1310 ### 10% Missing ###
4936.9s 1311 
4936.9s 1312 LSTM
4936.9s 1313 MAE  : 3.3851
4936.9s 1314 RMSE : 5.7855
4936.9s 1315 R2   : 0.7839
4936.9s 1316 MAPE : 8.98%
4936.9s 1317 
4936.9s 1318 RNN
4936.9s 1319 MAE  : 3.4326
4936.9s 1320 RMSE : 5.8594
4936.9s 1321 R2   : 0.7784
4936.9s 1322 MAPE : 9.28%
4936.9s 1323 
4936.9s 1324 ### 20% Missing ###
4936.9s 1325 
4936.9s 1326 LSTM
4936.9s 1327 MAE  : 3.7566
4936.9s 1328 RMSE : 6.4320
4936.9s 1329 R2   : 0.7069
4936.9s 1330 MAPE : 9.83%
4936.9s 1331 
4936.9s 1332 RNN
4936.9s 1333 MAE  : 3.8011
4936.9s 1334 RMSE : 6.5000
4936.9s 1335 R2   : 0.7006
4936.9s 1336 MAPE : 10.18%
4936.9s 1337 
4936.9s 1338 ### 40% Missing ###
4936.9s 1339 
4936.9s 1340 LSTM
4936.9s 1341 MAE  : 4.1592
4936.9s 1342 RMSE : 6.9933
4936.9s 1343 R2   : 0.5685
4936.9s 1344 MAPE : 11.25%
4936.9s 1345 
4936.9s 1346 RNN
4936.9s 1347 MAE  : 4.1686
4936.9s 1348 RMSE : 7.0048
4936.9s 1349 R2   : 0.5671
4936.9s 1350 MAPE : 11.61%
4936.9s 1351 
4936.9s 1352 ### 80% Missing ###
4936.9s 1353 
4936.9s 1354 LSTM
4936.9s 1355 MAE  : 1.5371
4936.9s 1356 RMSE : 5.3284
4936.9s 1357 R2   : 0.5090
4936.9s 1358 MAPE : 5.65%
4936.9s 1359 
4936.9s 1360 RNN
4936.9s 1361 MAE  : 1.5370
4936.9s 1362 RMSE : 5.3284
4936.9s 1363 R2   : 0.5090
4936.9s 1364 MAPE : 5.65%
4944.8s 1365 /usr/local/lib/python3.12/dist-packages/mistune.py:435: SyntaxWarning: invalid escape sequence '\|'
4944.8s 1366 cells[i][c] = re.sub('\\\\\|', '|', cell)
4944.9s 1367 /usr/local/lib/python3.12/dist-packages/nbconvert/filters/filter_links.py:36: SyntaxWarning: invalid escape sequence '\_'
4944.9s 1368 text = re.sub(r'_', '\_', text) # Escape underscores in display text
4945.6s 1369 [NbConvertApp] Converting notebook __notebook__.ipynb to notebook
4948.5s 1370 [NbConvertApp] Writing 9028983 bytes to __notebook__.ipynb
4951.1s 1371 [NbConvertApp] Converting notebook __notebook__.ipynb to html
4954.0s 1372 [NbConvertApp] Writing 7596260 bytes to __results__.html