6.0s 1 0.00s - Debugger warning: It seems that frozen modules are being used, which may
6.0s 2 0.00s - make the debugger miss breakpoints. Please pass -Xfrozen_modules=off
6.0s 3 0.00s - to python to disable frozen modules.
6.0s 4 0.00s - Note: Debugging will proceed. Set PYDEVD_DISABLE_FILE_VALIDATION=1 to disable this validation.
6.6s 5 0.00s - Debugger warning: It seems that frozen modules are being used, which may
6.6s 6 0.00s - make the debugger miss breakpoints. Please pass -Xfrozen_modules=off
6.6s 7 0.00s - to python to disable frozen modules.
6.6s 8 0.00s - Note: Debugging will proceed. Set PYDEVD_DISABLE_FILE_VALIDATION=1 to disable this validation.
13.9s 9 Device: cuda
14.0s 10 /kaggle/input/datasets/chetanrnarware/pims-bay/missing_data/pemsbay_10percent_missing.csv
14.1s 11 
14.1s 12 ========== 10% Missing ==========
14.1s 13 
14.1s 14 ==============================
14.1s 15 STARTING EXPERIMENT: 10% MISSING
14.1s 16 ==============================
16.1s 17 /usr/local/lib/python3.12/dist-packages/numpy/lib/_nanfunctions_impl.py:1233: RuntimeWarning: All-NaN slice encountered
16.1s 18 return fnb._ureduce(a, func=_nanmedian, keepdims=keepdims,
16.1s 19 
16.1s 20 /usr/local/lib/python3.12/dist-packages/numpy/lib/_nanfunctions_impl.py:1233: RuntimeWarning: All-NaN slice encountered
16.1s 21 return fnb._ureduce(a, func=_nanmedian, keepdims=keepdims,
16.6s 22 Mean (first 5): [ 0.       67.564285 59.06071  59.074856 62.242554]
16.6s 23 Std  (first 5): [ 1.        8.230307 13.216922 11.836615  8.539279]
18.1s 24 Using device: cuda
18.1s 25 Parameters: 234,509
32.8s 26 Epoch 01 | Train: 0.4025 | Val: 0.3683 | LR: 1.00e-03
32.8s 27 ✓ Saved best model
42.5s 28 Epoch 02 | Train: 0.3419 | Val: 0.3555 | LR: 1.00e-03
42.5s 29 ✓ Saved best model
52.0s 30 Epoch 03 | Train: 0.3263 | Val: 0.3499 | LR: 1.00e-03
52.0s 31 ✓ Saved best model
61.6s 32 Epoch 04 | Train: 0.3178 | Val: 0.3441 | LR: 1.00e-03
61.6s 33 ✓ Saved best model
71.2s 34 Epoch 05 | Train: 0.3119 | Val: 0.3394 | LR: 1.00e-03
71.2s 35 ✓ Saved best model
80.8s 36 Epoch 06 | Train: 0.3078 | Val: 0.3367 | LR: 1.00e-03
80.8s 37 ✓ Saved best model
90.5s 38 Epoch 07 | Train: 0.3044 | Val: 0.3346 | LR: 1.00e-03
90.5s 39 ✓ Saved best model
100.0s 40 Epoch 08 | Train: 0.3018 | Val: 0.3330 | LR: 1.00e-03
100.0s 41 ✓ Saved best model
109.6s 42 Epoch 09 | Train: 0.2996 | Val: 0.3321 | LR: 1.00e-03
109.6s 43 ✓ Saved best model
119.3s 44 Epoch 10 | Train: 0.2980 | Val: 0.3296 | LR: 1.00e-03
119.3s 45 ✓ Saved best model
128.8s 46 Epoch 11 | Train: 0.2963 | Val: 0.3291 | LR: 1.00e-03
128.8s 47 ✓ Saved best model
138.3s 48 Epoch 12 | Train: 0.2951 | Val: 0.3289 | LR: 1.00e-03
138.3s 49 ✓ Saved best model
147.7s 50 Epoch 13 | Train: 0.2941 | Val: 0.3278 | LR: 1.00e-03
147.7s 51 ✓ Saved best model
157.2s 52 Epoch 14 | Train: 0.2932 | Val: 0.3267 | LR: 1.00e-03
157.2s 53 ✓ Saved best model
166.8s 54 Epoch 15 | Train: 0.2923 | Val: 0.3255 | LR: 1.00e-03
166.8s 55 ✓ Saved best model
176.3s 56 Epoch 16 | Train: 0.2917 | Val: 0.3249 | LR: 1.00e-03
176.3s 57 ✓ Saved best model
185.8s 58 Epoch 17 | Train: 0.2913 | Val: 0.3244 | LR: 1.00e-03
185.8s 59 ✓ Saved best model
195.4s 60 Epoch 18 | Train: 0.2906 | Val: 0.3237 | LR: 1.00e-03
195.4s 61 ✓ Saved best model
205.1s 62 Epoch 19 | Train: 0.2902 | Val: 0.3243 | LR: 1.00e-03
214.6s 63 Epoch 20 | Train: 0.2897 | Val: 0.3237 | LR: 1.00e-03
214.6s 64 ✓ Saved best model
224.1s 65 Epoch 21 | Train: 0.2893 | Val: 0.3240 | LR: 1.00e-03
233.5s 66 Epoch 22 | Train: 0.2890 | Val: 0.3226 | LR: 1.00e-03
233.5s 67 ✓ Saved best model
243.1s 68 Epoch 23 | Train: 0.2887 | Val: 0.3244 | LR: 1.00e-03
252.6s 69 Epoch 24 | Train: 0.2883 | Val: 0.3233 | LR: 1.00e-03
262.1s 70 Epoch 25 | Train: 0.2880 | Val: 0.3220 | LR: 1.00e-03
262.1s 71 ✓ Saved best model
271.6s 72 Epoch 26 | Train: 0.2878 | Val: 0.3221 | LR: 1.00e-03
281.1s 73 Epoch 27 | Train: 0.2876 | Val: 0.3235 | LR: 1.00e-03
290.7s 74 Epoch 28 | Train: 0.2873 | Val: 0.3218 | LR: 1.00e-03
290.7s 75 ✓ Saved best model
300.1s 76 Epoch 29 | Train: 0.2873 | Val: 0.3215 | LR: 1.00e-03
300.1s 77 ✓ Saved best model
309.7s 78 Epoch 30 | Train: 0.2870 | Val: 0.3213 | LR: 1.00e-03
309.7s 79 ✓ Saved best model
319.3s 80 Epoch 31 | Train: 0.2869 | Val: 0.3215 | LR: 1.00e-03
328.8s 81 Epoch 32 | Train: 0.2867 | Val: 0.3214 | LR: 1.00e-03
338.3s 82 Epoch 33 | Train: 0.2866 | Val: 0.3206 | LR: 1.00e-03
338.3s 83 ✓ Saved best model
347.8s 84 Epoch 34 | Train: 0.2865 | Val: 0.3204 | LR: 1.00e-03
347.8s 85 ✓ Saved best model
357.3s 86 Epoch 35 | Train: 0.2863 | Val: 0.3211 | LR: 1.00e-03
366.7s 87 Epoch 36 | Train: 0.2862 | Val: 0.3212 | LR: 1.00e-03
376.2s 88 Epoch 37 | Train: 0.2861 | Val: 0.3208 | LR: 1.00e-03
385.8s 89 Epoch 38 | Train: 0.2861 | Val: 0.3203 | LR: 1.00e-03
385.8s 90 ✓ Saved best model
395.3s 91 Epoch 39 | Train: 0.2859 | Val: 0.3195 | LR: 1.00e-03
395.3s 92 ✓ Saved best model
404.8s 93 Epoch 40 | Train: 0.2858 | Val: 0.3212 | LR: 1.00e-03
414.3s 94 Epoch 41 | Train: 0.2860 | Val: 0.3205 | LR: 1.00e-03
423.9s 95 Epoch 42 | Train: 0.2857 | Val: 0.3209 | LR: 1.00e-03
433.4s 96 Epoch 43 | Train: 0.2857 | Val: 0.3218 | LR: 1.00e-03
442.8s 97 Epoch 44 | Train: 0.2855 | Val: 0.3198 | LR: 1.00e-03
452.3s 98 Epoch 45 | Train: 0.2855 | Val: 0.3208 | LR: 1.00e-03  → LR dropped to 5.00e-04
461.8s 99 Epoch 46 | Train: 0.2823 | Val: 0.3179 | LR: 5.00e-04
461.8s 100 ✓ Saved best model
471.3s 101 Epoch 47 | Train: 0.2821 | Val: 0.3179 | LR: 5.00e-04
471.3s 102 ✓ Saved best model
480.8s 103 Epoch 48 | Train: 0.2821 | Val: 0.3176 | LR: 5.00e-04
480.8s 104 ✓ Saved best model
490.3s 105 Epoch 49 | Train: 0.2820 | Val: 0.3179 | LR: 5.00e-04
499.8s 106 Epoch 50 | Train: 0.2820 | Val: 0.3172 | LR: 5.00e-04
499.8s 107 ✓ Saved best model
509.3s 108 Epoch 51 | Train: 0.2818 | Val: 0.3170 | LR: 5.00e-04
509.3s 109 ✓ Saved best model
518.9s 110 Epoch 52 | Train: 0.2817 | Val: 0.3178 | LR: 5.00e-04
528.4s 111 Epoch 53 | Train: 0.2818 | Val: 0.3173 | LR: 5.00e-04
537.8s 112 Epoch 54 | Train: 0.2816 | Val: 0.3171 | LR: 5.00e-04
547.3s 113 Epoch 55 | Train: 0.2815 | Val: 0.3170 | LR: 5.00e-04
556.8s 114 Epoch 56 | Train: 0.2814 | Val: 0.3173 | LR: 5.00e-04
566.3s 115 Epoch 57 | Train: 0.2814 | Val: 0.3167 | LR: 5.00e-04
566.3s 116 ✓ Saved best model
575.7s 117 Epoch 58 | Train: 0.2812 | Val: 0.3166 | LR: 5.00e-04
575.7s 118 ✓ Saved best model
585.2s 119 Epoch 59 | Train: 0.2812 | Val: 0.3177 | LR: 5.00e-04
594.7s 120 Epoch 60 | Train: 0.2813 | Val: 0.3173 | LR: 5.00e-04
604.2s 121 Epoch 61 | Train: 0.2812 | Val: 0.3170 | LR: 5.00e-04
613.7s 122 Epoch 62 | Train: 0.2811 | Val: 0.3173 | LR: 5.00e-04
623.2s 123 Epoch 63 | Train: 0.2811 | Val: 0.3170 | LR: 5.00e-04
632.7s 124 Epoch 64 | Train: 0.2812 | Val: 0.3168 | LR: 5.00e-04  → LR dropped to 2.50e-04
642.2s 125 Epoch 65 | Train: 0.2793 | Val: 0.3154 | LR: 2.50e-04
642.2s 126 ✓ Saved best model
651.7s 127 Epoch 66 | Train: 0.2792 | Val: 0.3155 | LR: 2.50e-04
661.2s 128 Epoch 67 | Train: 0.2793 | Val: 0.3157 | LR: 2.50e-04
670.8s 129 Epoch 68 | Train: 0.2792 | Val: 0.3156 | LR: 2.50e-04
680.3s 130 Epoch 69 | Train: 0.2792 | Val: 0.3157 | LR: 2.50e-04
689.8s 131 Epoch 70 | Train: 0.2791 | Val: 0.3154 | LR: 2.50e-04
689.8s 132 ✓ Saved best model
699.3s 133 Epoch 71 | Train: 0.2791 | Val: 0.3154 | LR: 2.50e-04
699.3s 134 ✓ Saved best model
708.8s 135 Epoch 72 | Train: 0.2790 | Val: 0.3155 | LR: 2.50e-04
718.3s 136 Epoch 73 | Train: 0.2790 | Val: 0.3150 | LR: 2.50e-04
718.3s 137 ✓ Saved best model
727.8s 138 Epoch 74 | Train: 0.2790 | Val: 0.3156 | LR: 2.50e-04
737.3s 139 Epoch 75 | Train: 0.2790 | Val: 0.3152 | LR: 2.50e-04
747.0s 140 Epoch 76 | Train: 0.2790 | Val: 0.3155 | LR: 2.50e-04
756.5s 141 Epoch 77 | Train: 0.2789 | Val: 0.3152 | LR: 2.50e-04
766.0s 142 Epoch 78 | Train: 0.2789 | Val: 0.3152 | LR: 2.50e-04
775.6s 143 Epoch 79 | Train: 0.2789 | Val: 0.3150 | LR: 2.50e-04  → LR dropped to 1.25e-04
785.3s 144 Epoch 80 | Train: 0.2778 | Val: 0.3146 | LR: 1.25e-04
785.3s 145 ✓ Saved best model
785.3s 146 Saved: /kaggle/working/ilstm_attn_10.pt
786.6s 147 
786.6s 148 ==============================
786.6s 149 Normalized Results
786.6s 150 ==============================
786.6s 151 MAE  : 0.2833
786.6s 152 RMSE : 0.5613
786.6s 153 
786.6s 154 ==============================
786.6s 155 Denormalized Results (Real Scale)
786.6s 156 ==============================
786.6s 157 MAE  : 2.2233
786.6s 158 RMSE : 4.4390
786.6s 159 R2   : 0.6765
786.6s 160 MAPE : 4.82%
786.6s 161 
786.6s 162 FINAL RESULT 10%
786.6s 163 MAE  : 2.2233
786.6s 164 RMSE : 4.4390
786.6s 165 R2   : 0.6765
786.6s 166 MAPE : 4.82%
791.6s 167 /usr/local/lib/python3.12/dist-packages/mistune.py:435: SyntaxWarning: invalid escape sequence '\|'
791.6s 168 cells[i][c] = re.sub('\\\\\|', '|', cell)
791.8s 169 /usr/local/lib/python3.12/dist-packages/nbconvert/filters/filter_links.py:36: SyntaxWarning: invalid escape sequence '\_'
791.8s 170 text = re.sub(r'_', '\_', text) # Escape underscores in display text
792.4s 171 [NbConvertApp] Converting notebook __notebook__.ipynb to notebook
792.9s 172 [NbConvertApp] Writing 967316 bytes to __notebook__.ipynb
795.1s 173 [NbConvertApp] Converting notebook __notebook__.ipynb to html
796.1s 174 [NbConvertApp] Writing 1102916 bytes to __results__.html