6.7s 1 0.00s - Debugger warning: It seems that frozen modules are being used, which may
6.7s 2 0.00s - make the debugger miss breakpoints. Please pass -Xfrozen_modules=off
6.7s 3 0.00s - to python to disable frozen modules.
6.7s 4 0.00s - Note: Debugging will proceed. Set PYDEVD_DISABLE_FILE_VALIDATION=1 to disable this validation.
7.3s 5 0.00s - Debugger warning: It seems that frozen modules are being used, which may
7.3s 6 0.00s - make the debugger miss breakpoints. Please pass -Xfrozen_modules=off
7.3s 7 0.00s - to python to disable frozen modules.
7.3s 8 0.00s - Note: Debugging will proceed. Set PYDEVD_DISABLE_FILE_VALIDATION=1 to disable this validation.
15.4s 9 Device: cuda
15.4s 10 /kaggle/input/datasets/chetanrnarware/final-project-data/Final_Project_Data/LOOPSEA_10percent_missing.csv
15.6s 11 
15.6s 12 ========== 0% Missing ==========
15.6s 13 
15.6s 14 ==============================
15.6s 15 STARTING EXPERIMENT: 0% MISSING
15.6s 16 ==============================
22.8s 17 /usr/local/lib/python3.12/dist-packages/numpy/lib/_nanfunctions_impl.py:1233: RuntimeWarning: All-NaN slice encountered
22.8s 18 return fnb._ureduce(a, func=_nanmedian, keepdims=keepdims,
22.8s 19 
22.8s 20 /usr/local/lib/python3.12/dist-packages/numpy/lib/_nanfunctions_impl.py:1233: RuntimeWarning: All-NaN slice encountered
22.8s 21 return fnb._ureduce(a, func=_nanmedian, keepdims=keepdims,
23.3s 22 Mean (first 5): [ 0.       58.093338 59.632618 58.104042 58.192963]
23.3s 23 Std  (first 5): [ 1.        6.198632  7.757419 10.845945 10.054523]
25.3s 24 Using device: cuda
25.3s 25 Parameters: 159,395
49.8s 26 Epoch 01 | Train: 0.4220 | Val: 0.3852 | LR: 1.00e-03
49.8s 27 ✓ Saved best model
68.7s 28 Epoch 02 | Train: 0.3657 | Val: 0.3601 | LR: 1.00e-03
68.7s 29 ✓ Saved best model
87.7s 30 Epoch 03 | Train: 0.3511 | Val: 0.3483 | LR: 1.00e-03
87.7s 31 ✓ Saved best model
106.6s 32 Epoch 04 | Train: 0.3437 | Val: 0.3428 | LR: 1.00e-03
106.6s 33 ✓ Saved best model
125.5s 34 Epoch 05 | Train: 0.3396 | Val: 0.3418 | LR: 1.00e-03
125.5s 35 ✓ Saved best model
144.4s 36 Epoch 06 | Train: 0.3371 | Val: 0.3394 | LR: 1.00e-03
144.4s 37 ✓ Saved best model
163.2s 38 Epoch 07 | Train: 0.3352 | Val: 0.3383 | LR: 1.00e-03
163.2s 39 ✓ Saved best model
182.0s 40 Epoch 08 | Train: 0.3341 | Val: 0.3383 | LR: 1.00e-03
182.0s 41 ✓ Saved best model
200.8s 42 Epoch 09 | Train: 0.3331 | Val: 0.3340 | LR: 1.00e-03
200.8s 43 ✓ Saved best model
219.4s 44 Epoch 10 | Train: 0.3323 | Val: 0.3336 | LR: 1.00e-03
219.4s 45 ✓ Saved best model
238.0s 46 Epoch 11 | Train: 0.3318 | Val: 0.3367 | LR: 1.00e-03
256.8s 47 Epoch 12 | Train: 0.3312 | Val: 0.3341 | LR: 1.00e-03
275.5s 48 Epoch 13 | Train: 0.3309 | Val: 0.3327 | LR: 1.00e-03
275.5s 49 ✓ Saved best model
294.4s 50 Epoch 14 | Train: 0.3304 | Val: 0.3330 | LR: 1.00e-03
313.1s 51 Epoch 15 | Train: 0.3301 | Val: 0.3324 | LR: 1.00e-03
313.1s 52 ✓ Saved best model
331.8s 53 Epoch 16 | Train: 0.3299 | Val: 0.3337 | LR: 1.00e-03
350.6s 54 Epoch 17 | Train: 0.3296 | Val: 0.3316 | LR: 1.00e-03
350.6s 55 ✓ Saved best model
369.4s 56 Epoch 18 | Train: 0.3294 | Val: 0.3302 | LR: 1.00e-03
369.4s 57 ✓ Saved best model
388.1s 58 Epoch 19 | Train: 0.3292 | Val: 0.3309 | LR: 1.00e-03
406.9s 59 Epoch 20 | Train: 0.3290 | Val: 0.3316 | LR: 1.00e-03
425.7s 60 Epoch 21 | Train: 0.3288 | Val: 0.3309 | LR: 1.00e-03
444.6s 61 Epoch 22 | Train: 0.3286 | Val: 0.3299 | LR: 1.00e-03
444.6s 62 ✓ Saved best model
463.5s 63 Epoch 23 | Train: 0.3284 | Val: 0.3308 | LR: 1.00e-03
482.4s 64 Epoch 24 | Train: 0.3283 | Val: 0.3309 | LR: 1.00e-03
501.2s 65 Epoch 25 | Train: 0.3282 | Val: 0.3295 | LR: 1.00e-03
501.2s 66 ✓ Saved best model
519.9s 67 Epoch 26 | Train: 0.3280 | Val: 0.3310 | LR: 1.00e-03
538.7s 68 Epoch 27 | Train: 0.3279 | Val: 0.3293 | LR: 1.00e-03
538.7s 69 ✓ Saved best model
557.5s 70 Epoch 28 | Train: 0.3278 | Val: 0.3293 | LR: 1.00e-03
576.3s 71 Epoch 29 | Train: 0.3276 | Val: 0.3301 | LR: 1.00e-03
595.0s 72 Epoch 30 | Train: 0.3274 | Val: 0.3294 | LR: 1.00e-03
613.6s 73 Epoch 31 | Train: 0.3274 | Val: 0.3291 | LR: 1.00e-03
613.6s 74 ✓ Saved best model
632.2s 75 Epoch 32 | Train: 0.3273 | Val: 0.3288 | LR: 1.00e-03
632.2s 76 ✓ Saved best model
650.8s 77 Epoch 33 | Train: 0.3271 | Val: 0.3283 | LR: 1.00e-03
650.8s 78 ✓ Saved best model
669.5s 79 Epoch 34 | Train: 0.3269 | Val: 0.3288 | LR: 1.00e-03
688.3s 80 Epoch 35 | Train: 0.3268 | Val: 0.3283 | LR: 1.00e-03
688.3s 81 ✓ Saved best model
707.0s 82 Epoch 36 | Train: 0.3267 | Val: 0.3297 | LR: 1.00e-03
725.7s 83 Epoch 37 | Train: 0.3266 | Val: 0.3290 | LR: 1.00e-03
744.4s 84 Epoch 38 | Train: 0.3265 | Val: 0.3292 | LR: 1.00e-03
763.2s 85 Epoch 39 | Train: 0.3264 | Val: 0.3304 | LR: 1.00e-03  → LR dropped to 5.00e-04
781.9s 86 Epoch 40 | Train: 0.3231 | Val: 0.3248 | LR: 5.00e-04
781.9s 87 ✓ Saved best model
800.6s 88 Epoch 41 | Train: 0.3229 | Val: 0.3258 | LR: 5.00e-04
819.3s 89 Epoch 42 | Train: 0.3227 | Val: 0.3259 | LR: 5.00e-04
838.0s 90 Epoch 43 | Train: 0.3226 | Val: 0.3261 | LR: 5.00e-04
856.7s 91 Epoch 44 | Train: 0.3224 | Val: 0.3247 | LR: 5.00e-04
856.7s 92 ✓ Saved best model
875.4s 93 Epoch 45 | Train: 0.3223 | Val: 0.3248 | LR: 5.00e-04
894.1s 94 Epoch 46 | Train: 0.3222 | Val: 0.3244 | LR: 5.00e-04
894.1s 95 ✓ Saved best model
912.8s 96 Epoch 47 | Train: 0.3221 | Val: 0.3231 | LR: 5.00e-04
912.8s 97 ✓ Saved best model
931.5s 98 Epoch 48 | Train: 0.3221 | Val: 0.3249 | LR: 5.00e-04
950.2s 99 Epoch 49 | Train: 0.3219 | Val: 0.3244 | LR: 5.00e-04
968.8s 100 Epoch 50 | Train: 0.3219 | Val: 0.3232 | LR: 5.00e-04
987.5s 101 Epoch 51 | Train: 0.3218 | Val: 0.3240 | LR: 5.00e-04
1006.3s 102 Epoch 52 | Train: 0.3217 | Val: 0.3235 | LR: 5.00e-04
1024.9s 103 Epoch 53 | Train: 0.3217 | Val: 0.3231 | LR: 5.00e-04  → LR dropped to 2.50e-04
1024.9s 104 ✓ Saved best model
1043.5s 105 Epoch 54 | Train: 0.3198 | Val: 0.3219 | LR: 2.50e-04
1043.5s 106 ✓ Saved best model
1062.3s 107 Epoch 55 | Train: 0.3197 | Val: 0.3222 | LR: 2.50e-04
1081.0s 108 Epoch 56 | Train: 0.3196 | Val: 0.3220 | LR: 2.50e-04
1099.7s 109 Epoch 57 | Train: 0.3195 | Val: 0.3215 | LR: 2.50e-04
1099.7s 110 ✓ Saved best model
1118.5s 111 Epoch 58 | Train: 0.3194 | Val: 0.3222 | LR: 2.50e-04
1137.2s 112 Epoch 59 | Train: 0.3194 | Val: 0.3224 | LR: 2.50e-04
1156.0s 113 Epoch 60 | Train: 0.3193 | Val: 0.3230 | LR: 2.50e-04
1174.8s 114 Epoch 61 | Train: 0.3192 | Val: 0.3211 | LR: 2.50e-04
1174.8s 115 ✓ Saved best model
1193.6s 116 Epoch 62 | Train: 0.3192 | Val: 0.3225 | LR: 2.50e-04
1212.5s 117 Epoch 63 | Train: 0.3192 | Val: 0.3215 | LR: 2.50e-04
1231.3s 118 Epoch 64 | Train: 0.3191 | Val: 0.3224 | LR: 2.50e-04
1250.0s 119 Epoch 65 | Train: 0.3190 | Val: 0.3214 | LR: 2.50e-04
1268.7s 120 Epoch 66 | Train: 0.3190 | Val: 0.3224 | LR: 2.50e-04
1287.6s 121 Epoch 67 | Train: 0.3189 | Val: 0.3214 | LR: 2.50e-04  → LR dropped to 1.25e-04
1306.3s 122 Epoch 68 | Train: 0.3178 | Val: 0.3206 | LR: 1.25e-04
1306.3s 123 ✓ Saved best model
1325.0s 124 Epoch 69 | Train: 0.3178 | Val: 0.3206 | LR: 1.25e-04
1343.8s 125 Epoch 70 | Train: 0.3177 | Val: 0.3205 | LR: 1.25e-04
1343.8s 126 ✓ Saved best model
1362.5s 127 Epoch 71 | Train: 0.3177 | Val: 0.3204 | LR: 1.25e-04
1362.5s 128 ✓ Saved best model
1381.5s 129 Epoch 72 | Train: 0.3177 | Val: 0.3207 | LR: 1.25e-04
1400.1s 130 Epoch 73 | Train: 0.3176 | Val: 0.3206 | LR: 1.25e-04
1418.8s 131 Epoch 74 | Train: 0.3176 | Val: 0.3212 | LR: 1.25e-04
1437.4s 132 Epoch 75 | Train: 0.3176 | Val: 0.3205 | LR: 1.25e-04
1456.0s 133 Epoch 76 | Train: 0.3175 | Val: 0.3204 | LR: 1.25e-04
1456.0s 134 ✓ Saved best model
1474.6s 135 Epoch 77 | Train: 0.3175 | Val: 0.3206 | LR: 1.25e-04
1493.3s 136 Epoch 78 | Train: 0.3175 | Val: 0.3205 | LR: 1.25e-04
1512.1s 137 Epoch 79 | Train: 0.3175 | Val: 0.3205 | LR: 1.25e-04
1531.1s 138 Epoch 80 | Train: 0.3174 | Val: 0.3204 | LR: 1.25e-04
1531.1s 139 Saved: /kaggle/working/ilstm_attn_0.pt
1532.9s 140 
1532.9s 141 ==============================
1532.9s 142 Normalized Results
1532.9s 143 ==============================
1532.9s 144 MAE  : 0.2973
1532.9s 145 RMSE : 0.4832
1532.9s 146 
1532.9s 147 ==============================
1532.9s 148 Denormalized Results (Real Scale)
1532.9s 149 ==============================
1532.9s 150 MAE  : 2.8422
1532.9s 151 RMSE : 4.5405
1532.9s 152 R2   : 0.8778
1532.9s 153 MAPE : 7.66%
1532.9s 154 
1532.9s 155 FINAL RESULT 0%
1532.9s 156 MAE  : 2.8422
1532.9s 157 RMSE : 4.5405
1532.9s 158 R2   : 0.8778
1532.9s 159 MAPE : 7.66%
1533.2s 160 
1533.2s 161 ========== 10% Missing ==========
1533.2s 162 
1533.2s 163 ==============================
1533.2s 164 STARTING EXPERIMENT: 10% MISSING
1533.2s 165 ==============================
1537.7s 166 /usr/local/lib/python3.12/dist-packages/numpy/lib/_nanfunctions_impl.py:1233: RuntimeWarning: All-NaN slice encountered
1537.7s 167 return fnb._ureduce(a, func=_nanmedian, keepdims=keepdims,
1537.7s 168 
1537.7s 169 /usr/local/lib/python3.12/dist-packages/numpy/lib/_nanfunctions_impl.py:1233: RuntimeWarning: All-NaN slice encountered
1537.7s 170 return fnb._ureduce(a, func=_nanmedian, keepdims=keepdims,
1538.4s 171 Mean (first 5): [ 0.       58.090824 59.61623  58.10262  58.195614]
1538.4s 172 Std  (first 5): [ 1.         6.1984878  7.787687  10.837882  10.054236 ]
1539.9s 173 Using device: cuda
1539.9s 174 Parameters: 159,395
1558.7s 175 Epoch 01 | Train: 0.4507 | Val: 0.4205 | LR: 1.00e-03
1558.7s 176 ✓ Saved best model
1578.2s 177 Epoch 02 | Train: 0.4057 | Val: 0.4012 | LR: 1.00e-03
1578.2s 178 ✓ Saved best model
1597.5s 179 Epoch 03 | Train: 0.3935 | Val: 0.3921 | LR: 1.00e-03
1597.5s 180 ✓ Saved best model
1616.5s 181 Epoch 04 | Train: 0.3870 | Val: 0.3868 | LR: 1.00e-03
1616.5s 182 ✓ Saved best model
1635.4s 183 Epoch 05 | Train: 0.3828 | Val: 0.3829 | LR: 1.00e-03
1635.4s 184 ✓ Saved best model
1654.2s 185 Epoch 06 | Train: 0.3799 | Val: 0.3818 | LR: 1.00e-03
1654.2s 186 ✓ Saved best model
1673.1s 187 Epoch 07 | Train: 0.3780 | Val: 0.3797 | LR: 1.00e-03
1673.1s 188 ✓ Saved best model
1692.1s 189 Epoch 08 | Train: 0.3766 | Val: 0.3780 | LR: 1.00e-03
1692.1s 190 ✓ Saved best model
1710.9s 191 Epoch 09 | Train: 0.3756 | Val: 0.3777 | LR: 1.00e-03
1710.9s 192 ✓ Saved best model
1729.7s 193 Epoch 10 | Train: 0.3748 | Val: 0.3769 | LR: 1.00e-03
1729.7s 194 ✓ Saved best model
1748.4s 195 Epoch 11 | Train: 0.3742 | Val: 0.3758 | LR: 1.00e-03
1748.4s 196 ✓ Saved best model
1767.1s 197 Epoch 12 | Train: 0.3737 | Val: 0.3764 | LR: 1.00e-03
1786.0s 198 Epoch 13 | Train: 0.3732 | Val: 0.3750 | LR: 1.00e-03
1786.0s 199 ✓ Saved best model
1804.8s 200 Epoch 14 | Train: 0.3728 | Val: 0.3758 | LR: 1.00e-03
1823.6s 201 Epoch 15 | Train: 0.3724 | Val: 0.3751 | LR: 1.00e-03
1842.4s 202 Epoch 16 | Train: 0.3722 | Val: 0.3753 | LR: 1.00e-03
1861.0s 203 Epoch 17 | Train: 0.3718 | Val: 0.3749 | LR: 1.00e-03
1861.0s 204 ✓ Saved best model
1879.6s 205 Epoch 18 | Train: 0.3717 | Val: 0.3744 | LR: 1.00e-03
1879.6s 206 ✓ Saved best model
1898.3s 207 Epoch 19 | Train: 0.3714 | Val: 0.3749 | LR: 1.00e-03
1917.0s 208 Epoch 20 | Train: 0.3712 | Val: 0.3743 | LR: 1.00e-03
1917.0s 209 ✓ Saved best model
1935.8s 210 Epoch 21 | Train: 0.3710 | Val: 0.3745 | LR: 1.00e-03
1954.5s 211 Epoch 22 | Train: 0.3709 | Val: 0.3756 | LR: 1.00e-03
1973.3s 212 Epoch 23 | Train: 0.3706 | Val: 0.3748 | LR: 1.00e-03
1992.2s 213 Epoch 24 | Train: 0.3704 | Val: 0.3719 | LR: 1.00e-03
1992.2s 214 ✓ Saved best model
2011.0s 215 Epoch 25 | Train: 0.3703 | Val: 0.3717 | LR: 1.00e-03
2011.0s 216 ✓ Saved best model
2029.8s 217 Epoch 26 | Train: 0.3702 | Val: 0.3725 | LR: 1.00e-03
2048.7s 218 Epoch 27 | Train: 0.3700 | Val: 0.3731 | LR: 1.00e-03
2067.4s 219 Epoch 28 | Train: 0.3698 | Val: 0.3734 | LR: 1.00e-03
2086.2s 220 Epoch 29 | Train: 0.3698 | Val: 0.3723 | LR: 1.00e-03
2105.0s 221 Epoch 30 | Train: 0.3696 | Val: 0.3732 | LR: 1.00e-03
2123.8s 222 Epoch 31 | Train: 0.3694 | Val: 0.3724 | LR: 1.00e-03  → LR dropped to 5.00e-04
2142.7s 223 Epoch 32 | Train: 0.3661 | Val: 0.3696 | LR: 5.00e-04
2142.7s 224 ✓ Saved best model
2161.3s 225 Epoch 33 | Train: 0.3659 | Val: 0.3699 | LR: 5.00e-04
2180.1s 226 Epoch 34 | Train: 0.3657 | Val: 0.3694 | LR: 5.00e-04
2180.1s 227 ✓ Saved best model
2198.9s 228 Epoch 35 | Train: 0.3656 | Val: 0.3695 | LR: 5.00e-04
2217.7s 229 Epoch 36 | Train: 0.3654 | Val: 0.3697 | LR: 5.00e-04
2236.5s 230 Epoch 37 | Train: 0.3653 | Val: 0.3694 | LR: 5.00e-04
2255.1s 231 Epoch 38 | Train: 0.3652 | Val: 0.3694 | LR: 5.00e-04
2273.6s 232 Epoch 39 | Train: 0.3650 | Val: 0.3694 | LR: 5.00e-04
2292.3s 233 Epoch 40 | Train: 0.3650 | Val: 0.3683 | LR: 5.00e-04
2292.3s 234 ✓ Saved best model
2311.1s 235 Epoch 41 | Train: 0.3649 | Val: 0.3672 | LR: 5.00e-04
2311.1s 236 ✓ Saved best model
2329.8s 237 Epoch 42 | Train: 0.3648 | Val: 0.3679 | LR: 5.00e-04
2348.5s 238 Epoch 43 | Train: 0.3648 | Val: 0.3681 | LR: 5.00e-04
2367.3s 239 Epoch 44 | Train: 0.3646 | Val: 0.3687 | LR: 5.00e-04
2386.0s 240 Epoch 45 | Train: 0.3646 | Val: 0.3675 | LR: 5.00e-04
2404.8s 241 Epoch 46 | Train: 0.3645 | Val: 0.3687 | LR: 5.00e-04
2423.5s 242 Epoch 47 | Train: 0.3645 | Val: 0.3674 | LR: 5.00e-04  → LR dropped to 2.50e-04
2442.3s 243 Epoch 48 | Train: 0.3625 | Val: 0.3670 | LR: 2.50e-04
2442.3s 244 ✓ Saved best model
2460.9s 245 Epoch 49 | Train: 0.3624 | Val: 0.3664 | LR: 2.50e-04
2460.9s 246 ✓ Saved best model
2479.8s 247 Epoch 50 | Train: 0.3624 | Val: 0.3658 | LR: 2.50e-04
2479.8s 248 ✓ Saved best model
2498.5s 249 Epoch 51 | Train: 0.3623 | Val: 0.3662 | LR: 2.50e-04
2517.3s 250 Epoch 52 | Train: 0.3622 | Val: 0.3665 | LR: 2.50e-04
2536.0s 251 Epoch 53 | Train: 0.3621 | Val: 0.3665 | LR: 2.50e-04
2554.8s 252 Epoch 54 | Train: 0.3621 | Val: 0.3658 | LR: 2.50e-04
2554.8s 253 ✓ Saved best model
2573.5s 254 Epoch 55 | Train: 0.3620 | Val: 0.3669 | LR: 2.50e-04
2592.4s 255 Epoch 56 | Train: 0.3620 | Val: 0.3657 | LR: 2.50e-04
2592.4s 256 ✓ Saved best model
2611.3s 257 Epoch 57 | Train: 0.3619 | Val: 0.3650 | LR: 2.50e-04
2611.3s 258 ✓ Saved best model
2630.1s 259 Epoch 58 | Train: 0.3619 | Val: 0.3647 | LR: 2.50e-04
2630.1s 260 ✓ Saved best model
2648.7s 261 Epoch 59 | Train: 0.3618 | Val: 0.3659 | LR: 2.50e-04
2667.5s 262 Epoch 60 | Train: 0.3618 | Val: 0.3658 | LR: 2.50e-04
2686.0s 263 Epoch 61 | Train: 0.3617 | Val: 0.3657 | LR: 2.50e-04
2704.7s 264 Epoch 62 | Train: 0.3617 | Val: 0.3655 | LR: 2.50e-04
2723.4s 265 Epoch 63 | Train: 0.3616 | Val: 0.3659 | LR: 2.50e-04
2742.1s 266 Epoch 64 | Train: 0.3616 | Val: 0.3656 | LR: 2.50e-04  → LR dropped to 1.25e-04
2760.7s 267 Epoch 65 | Train: 0.3605 | Val: 0.3644 | LR: 1.25e-04
2760.7s 268 ✓ Saved best model
2779.5s 269 Epoch 66 | Train: 0.3604 | Val: 0.3649 | LR: 1.25e-04
2798.2s 270 Epoch 67 | Train: 0.3604 | Val: 0.3655 | LR: 1.25e-04
2816.8s 271 Epoch 68 | Train: 0.3603 | Val: 0.3646 | LR: 1.25e-04
2835.5s 272 Epoch 69 | Train: 0.3603 | Val: 0.3648 | LR: 1.25e-04
2854.3s 273 Epoch 70 | Train: 0.3603 | Val: 0.3641 | LR: 1.25e-04
2854.3s 274 ✓ Saved best model
2873.1s 275 Epoch 71 | Train: 0.3602 | Val: 0.3642 | LR: 1.25e-04
2891.8s 276 Epoch 72 | Train: 0.3602 | Val: 0.3648 | LR: 1.25e-04
2910.4s 277 Epoch 73 | Train: 0.3602 | Val: 0.3644 | LR: 1.25e-04
2929.3s 278 Epoch 74 | Train: 0.3601 | Val: 0.3652 | LR: 1.25e-04
2948.1s 279 Epoch 75 | Train: 0.3601 | Val: 0.3651 | LR: 1.25e-04
2966.8s 280 Epoch 76 | Train: 0.3601 | Val: 0.3643 | LR: 1.25e-04  → LR dropped to 6.25e-05
2985.6s 281 Epoch 77 | Train: 0.3594 | Val: 0.3643 | LR: 6.25e-05
3004.3s 282 Epoch 78 | Train: 0.3594 | Val: 0.3639 | LR: 6.25e-05
3004.3s 283 ✓ Saved best model
3023.2s 284 Epoch 79 | Train: 0.3594 | Val: 0.3642 | LR: 6.25e-05
3042.2s 285 Epoch 80 | Train: 0.3594 | Val: 0.3638 | LR: 6.25e-05
3042.2s 286 ✓ Saved best model
3042.2s 287 Saved: /kaggle/working/ilstm_attn_10.pt
3043.9s 288 
3043.9s 289 ==============================
3043.9s 290 Normalized Results
3043.9s 291 ==============================
3043.9s 292 MAE  : 0.3334
3043.9s 293 RMSE : 0.5527
3043.9s 294 
3043.9s 295 ==============================
3043.9s 296 Denormalized Results (Real Scale)
3043.9s 297 ==============================
3043.9s 298 MAE  : 3.2763
3043.9s 299 RMSE : 5.5341
3043.9s 300 R2   : 0.8023
3043.9s 301 MAPE : 8.57%
3043.9s 302 
3043.9s 303 FINAL RESULT 10%
3043.9s 304 MAE  : 3.2763
3043.9s 305 RMSE : 5.5341
3043.9s 306 R2   : 0.8023
3043.9s 307 MAPE : 8.57%
3044.2s 308 
3044.2s 309 ========== 20% Missing ==========
3044.2s 310 
3044.2s 311 ==============================
3044.2s 312 STARTING EXPERIMENT: 20% MISSING
3044.2s 313 ==============================
3047.8s 314 /usr/local/lib/python3.12/dist-packages/numpy/lib/_nanfunctions_impl.py:1233: RuntimeWarning: All-NaN slice encountered
3047.8s 315 return fnb._ureduce(a, func=_nanmedian, keepdims=keepdims,
3047.8s 316 
3047.8s 317 /usr/local/lib/python3.12/dist-packages/numpy/lib/_nanfunctions_impl.py:1233: RuntimeWarning: All-NaN slice encountered
3047.8s 318 return fnb._ureduce(a, func=_nanmedian, keepdims=keepdims,
3048.6s 319 Mean (first 5): [ 0.       58.085007 59.62886  58.126823 58.20619 ]
3048.6s 320 Std  (first 5): [ 1.         6.223538   7.7497163 10.825538  10.053891 ]
3050.1s 321 Using device: cuda
3050.1s 322 Parameters: 159,395
3068.8s 323 Epoch 01 | Train: 0.4684 | Val: 0.4475 | LR: 1.00e-03
3068.8s 324 ✓ Saved best model
3087.5s 325 Epoch 02 | Train: 0.4341 | Val: 0.4314 | LR: 1.00e-03
3087.5s 326 ✓ Saved best model
3106.2s 327 Epoch 03 | Train: 0.4242 | Val: 0.4249 | LR: 1.00e-03
3106.2s 328 ✓ Saved best model
3125.0s 329 Epoch 04 | Train: 0.4187 | Val: 0.4202 | LR: 1.00e-03
3125.0s 330 ✓ Saved best model
3143.7s 331 Epoch 05 | Train: 0.4152 | Val: 0.4167 | LR: 1.00e-03
3143.7s 332 ✓ Saved best model
3162.5s 333 Epoch 06 | Train: 0.4129 | Val: 0.4152 | LR: 1.00e-03
3162.5s 334 ✓ Saved best model
3181.2s 335 Epoch 07 | Train: 0.4112 | Val: 0.4134 | LR: 1.00e-03
3181.2s 336 ✓ Saved best model
3199.9s 337 Epoch 08 | Train: 0.4100 | Val: 0.4123 | LR: 1.00e-03
3199.9s 338 ✓ Saved best model
3218.7s 339 Epoch 09 | Train: 0.4090 | Val: 0.4118 | LR: 1.00e-03
3218.7s 340 ✓ Saved best model
3237.6s 341 Epoch 10 | Train: 0.4083 | Val: 0.4108 | LR: 1.00e-03
3237.6s 342 ✓ Saved best model
3256.3s 343 Epoch 11 | Train: 0.4076 | Val: 0.4110 | LR: 1.00e-03
3275.0s 344 Epoch 12 | Train: 0.4071 | Val: 0.4094 | LR: 1.00e-03
3275.0s 345 ✓ Saved best model
3293.8s 346 Epoch 13 | Train: 0.4068 | Val: 0.4099 | LR: 1.00e-03
3312.6s 347 Epoch 14 | Train: 0.4063 | Val: 0.4094 | LR: 1.00e-03
3312.6s 348 ✓ Saved best model
3331.4s 349 Epoch 15 | Train: 0.4061 | Val: 0.4085 | LR: 1.00e-03
3331.4s 350 ✓ Saved best model
3350.2s 351 Epoch 16 | Train: 0.4057 | Val: 0.4085 | LR: 1.00e-03
3350.2s 352 ✓ Saved best model
3368.9s 353 Epoch 17 | Train: 0.4056 | Val: 0.4087 | LR: 1.00e-03
3387.7s 354 Epoch 18 | Train: 0.4053 | Val: 0.4086 | LR: 1.00e-03
3406.4s 355 Epoch 19 | Train: 0.4051 | Val: 0.4080 | LR: 1.00e-03
3406.4s 356 ✓ Saved best model
3425.2s 357 Epoch 20 | Train: 0.4050 | Val: 0.4081 | LR: 1.00e-03
3443.9s 358 Epoch 21 | Train: 0.4048 | Val: 0.4075 | LR: 1.00e-03
3443.9s 359 ✓ Saved best model
3462.6s 360 Epoch 22 | Train: 0.4047 | Val: 0.4084 | LR: 1.00e-03
3481.4s 361 Epoch 23 | Train: 0.4044 | Val: 0.4069 | LR: 1.00e-03
3481.4s 362 ✓ Saved best model
3500.1s 363 Epoch 24 | Train: 0.4044 | Val: 0.4073 | LR: 1.00e-03
3518.8s 364 Epoch 25 | Train: 0.4042 | Val: 0.4079 | LR: 1.00e-03
3537.6s 365 Epoch 26 | Train: 0.4040 | Val: 0.4081 | LR: 1.00e-03
3556.4s 366 Epoch 27 | Train: 0.4040 | Val: 0.4075 | LR: 1.00e-03
3575.3s 367 Epoch 28 | Train: 0.4038 | Val: 0.4071 | LR: 1.00e-03
3594.1s 368 Epoch 29 | Train: 0.4038 | Val: 0.4085 | LR: 1.00e-03  → LR dropped to 5.00e-04
3613.0s 369 Epoch 30 | Train: 0.4006 | Val: 0.4047 | LR: 5.00e-04
3613.0s 370 ✓ Saved best model
3631.9s 371 Epoch 31 | Train: 0.4004 | Val: 0.4048 | LR: 5.00e-04
3650.8s 372 Epoch 32 | Train: 0.4002 | Val: 0.4042 | LR: 5.00e-04
3650.8s 373 ✓ Saved best model
3669.9s 374 Epoch 33 | Train: 0.4001 | Val: 0.4043 | LR: 5.00e-04
3688.8s 375 Epoch 34 | Train: 0.3999 | Val: 0.4045 | LR: 5.00e-04
3707.7s 376 Epoch 35 | Train: 0.3998 | Val: 0.4035 | LR: 5.00e-04
3707.7s 377 ✓ Saved best model
3726.5s 378 Epoch 36 | Train: 0.3997 | Val: 0.4042 | LR: 5.00e-04
3745.3s 379 Epoch 37 | Train: 0.3997 | Val: 0.4041 | LR: 5.00e-04
3764.1s 380 Epoch 38 | Train: 0.3995 | Val: 0.4039 | LR: 5.00e-04
3782.8s 381 Epoch 39 | Train: 0.3995 | Val: 0.4037 | LR: 5.00e-04
3801.5s 382 Epoch 40 | Train: 0.3994 | Val: 0.4038 | LR: 5.00e-04
3820.2s 383 Epoch 41 | Train: 0.3993 | Val: 0.4040 | LR: 5.00e-04  → LR dropped to 2.50e-04
3839.0s 384 Epoch 42 | Train: 0.3975 | Val: 0.4025 | LR: 2.50e-04
3839.0s 385 ✓ Saved best model
3858.1s 386 Epoch 43 | Train: 0.3974 | Val: 0.4020 | LR: 2.50e-04
3858.1s 387 ✓ Saved best model
3876.9s 388 Epoch 44 | Train: 0.3973 | Val: 0.4016 | LR: 2.50e-04
3876.9s 389 ✓ Saved best model
3895.6s 390 Epoch 45 | Train: 0.3973 | Val: 0.4023 | LR: 2.50e-04
3914.3s 391 Epoch 46 | Train: 0.3972 | Val: 0.4018 | LR: 2.50e-04
3933.2s 392 Epoch 47 | Train: 0.3971 | Val: 0.4019 | LR: 2.50e-04
3952.1s 393 Epoch 48 | Train: 0.3970 | Val: 0.4015 | LR: 2.50e-04
3952.1s 394 ✓ Saved best model
3971.0s 395 Epoch 49 | Train: 0.3970 | Val: 0.4016 | LR: 2.50e-04
3989.9s 396 Epoch 50 | Train: 0.3969 | Val: 0.4022 | LR: 2.50e-04
4008.9s 397 Epoch 51 | Train: 0.3969 | Val: 0.4016 | LR: 2.50e-04
4027.9s 398 Epoch 52 | Train: 0.3968 | Val: 0.4017 | LR: 2.50e-04
4046.8s 399 Epoch 53 | Train: 0.3968 | Val: 0.4016 | LR: 2.50e-04
4065.7s 400 Epoch 54 | Train: 0.3967 | Val: 0.4016 | LR: 2.50e-04  → LR dropped to 1.25e-04
4084.6s 401 Epoch 55 | Train: 0.3957 | Val: 0.4012 | LR: 1.25e-04
4084.6s 402 ✓ Saved best model
4103.6s 403 Epoch 56 | Train: 0.3956 | Val: 0.4011 | LR: 1.25e-04
4103.6s 404 ✓ Saved best model
4122.6s 405 Epoch 57 | Train: 0.3956 | Val: 0.4010 | LR: 1.25e-04
4122.6s 406 ✓ Saved best model
4141.6s 407 Epoch 58 | Train: 0.3955 | Val: 0.4010 | LR: 1.25e-04
4141.6s 408 ✓ Saved best model
4160.6s 409 Epoch 59 | Train: 0.3955 | Val: 0.4009 | LR: 1.25e-04
4160.6s 410 ✓ Saved best model
4179.6s 411 Epoch 60 | Train: 0.3955 | Val: 0.4007 | LR: 1.25e-04
4179.6s 412 ✓ Saved best model
4198.5s 413 Epoch 61 | Train: 0.3954 | Val: 0.4009 | LR: 1.25e-04
4217.5s 414 Epoch 62 | Train: 0.3954 | Val: 0.4006 | LR: 1.25e-04
4217.5s 415 ✓ Saved best model
4236.3s 416 Epoch 63 | Train: 0.3954 | Val: 0.4006 | LR: 1.25e-04
4255.2s 417 Epoch 64 | Train: 0.3953 | Val: 0.4008 | LR: 1.25e-04
4273.9s 418 Epoch 65 | Train: 0.3953 | Val: 0.4005 | LR: 1.25e-04
4273.9s 419 ✓ Saved best model
4292.6s 420 Epoch 66 | Train: 0.3953 | Val: 0.4005 | LR: 1.25e-04
4311.4s 421 Epoch 67 | Train: 0.3953 | Val: 0.4004 | LR: 1.25e-04
4311.4s 422 ✓ Saved best model
4330.2s 423 Epoch 68 | Train: 0.3952 | Val: 0.4007 | LR: 1.25e-04
4349.0s 424 Epoch 69 | Train: 0.3952 | Val: 0.4002 | LR: 1.25e-04
4349.0s 425 ✓ Saved best model
4367.8s 426 Epoch 70 | Train: 0.3952 | Val: 0.4013 | LR: 1.25e-04
4386.8s 427 Epoch 71 | Train: 0.3951 | Val: 0.4004 | LR: 1.25e-04
4405.7s 428 Epoch 72 | Train: 0.3951 | Val: 0.4005 | LR: 1.25e-04
4424.5s 429 Epoch 73 | Train: 0.3951 | Val: 0.4001 | LR: 1.25e-04
4424.5s 430 ✓ Saved best model
4443.4s 431 Epoch 74 | Train: 0.3951 | Val: 0.4000 | LR: 1.25e-04
4443.4s 432 ✓ Saved best model
4462.2s 433 Epoch 75 | Train: 0.3950 | Val: 0.4006 | LR: 1.25e-04
4481.4s 434 Epoch 76 | Train: 0.3950 | Val: 0.4005 | LR: 1.25e-04
4500.3s 435 Epoch 77 | Train: 0.3950 | Val: 0.4005 | LR: 1.25e-04
4519.1s 436 Epoch 78 | Train: 0.3950 | Val: 0.4008 | LR: 1.25e-04
4538.0s 437 Epoch 79 | Train: 0.3950 | Val: 0.4005 | LR: 1.25e-04
4557.0s 438 Epoch 80 | Train: 0.3949 | Val: 0.4002 | LR: 1.25e-04  → LR dropped to 6.25e-05
4557.0s 439 Saved: /kaggle/working/ilstm_attn_20.pt
4558.7s 440 
4558.7s 441 ==============================
4558.7s 442 Normalized Results
4558.7s 443 ==============================
4558.7s 444 MAE  : 0.3644
4558.7s 445 RMSE : 0.5984
4558.7s 446 
4558.7s 447 ==============================
4558.7s 448 Denormalized Results (Real Scale)
4558.7s 449 ==============================
4558.7s 450 MAE  : 3.6673
4558.7s 451 RMSE : 6.2295
4558.7s 452 R2   : 0.7250
4558.7s 453 MAPE : 9.42%
4558.7s 454 
4558.7s 455 FINAL RESULT 20%
4558.7s 456 MAE  : 3.6673
4558.7s 457 RMSE : 6.2295
4558.7s 458 R2   : 0.7250
4558.7s 459 MAPE : 9.42%
4558.9s 460 
4558.9s 461 ========== 40% Missing ==========
4558.9s 462 
4558.9s 463 ==============================
4558.9s 464 STARTING EXPERIMENT: 40% MISSING
4558.9s 465 ==============================
4562.3s 466 /usr/local/lib/python3.12/dist-packages/numpy/lib/_nanfunctions_impl.py:1233: RuntimeWarning: All-NaN slice encountered
4562.3s 467 return fnb._ureduce(a, func=_nanmedian, keepdims=keepdims,
4562.3s 468 
4562.3s 469 /usr/local/lib/python3.12/dist-packages/numpy/lib/_nanfunctions_impl.py:1233: RuntimeWarning: All-NaN slice encountered
4562.3s 470 return fnb._ureduce(a, func=_nanmedian, keepdims=keepdims,
4563.3s 471 Mean (first 5): [ 0.       58.08847  59.643993 58.079865 58.21302 ]
4563.3s 472 Std  (first 5): [ 1.         6.1987867  7.738735  10.910724  10.071639 ]
4564.8s 473 Using device: cuda
4564.8s 474 Parameters: 159,395
4583.8s 475 Epoch 01 | Train: 0.4699 | Val: 0.4550 | LR: 1.00e-03
4583.8s 476 ✓ Saved best model
4602.6s 477 Epoch 02 | Train: 0.4553 | Val: 0.4496 | LR: 1.00e-03
4602.6s 478 ✓ Saved best model
4621.5s 479 Epoch 03 | Train: 0.4509 | Val: 0.4462 | LR: 1.00e-03
4621.5s 480 ✓ Saved best model
4640.3s 481 Epoch 04 | Train: 0.4483 | Val: 0.4438 | LR: 1.00e-03
4640.3s 482 ✓ Saved best model
4659.2s 483 Epoch 05 | Train: 0.4466 | Val: 0.4427 | LR: 1.00e-03
4659.2s 484 ✓ Saved best model
4678.1s 485 Epoch 06 | Train: 0.4454 | Val: 0.4426 | LR: 1.00e-03
4678.1s 486 ✓ Saved best model
4696.9s 487 Epoch 07 | Train: 0.4445 | Val: 0.4419 | LR: 1.00e-03
4696.9s 488 ✓ Saved best model
4715.7s 489 Epoch 08 | Train: 0.4437 | Val: 0.4414 | LR: 1.00e-03
4715.7s 490 ✓ Saved best model
4734.6s 491 Epoch 09 | Train: 0.4432 | Val: 0.4408 | LR: 1.00e-03
4734.6s 492 ✓ Saved best model
4753.6s 493 Epoch 10 | Train: 0.4428 | Val: 0.4408 | LR: 1.00e-03
4772.4s 494 Epoch 11 | Train: 0.4425 | Val: 0.4405 | LR: 1.00e-03
4772.4s 495 ✓ Saved best model
4791.4s 496 Epoch 12 | Train: 0.4422 | Val: 0.4409 | LR: 1.00e-03
4810.3s 497 Epoch 13 | Train: 0.4419 | Val: 0.4395 | LR: 1.00e-03
4810.3s 498 ✓ Saved best model
4829.2s 499 Epoch 14 | Train: 0.4417 | Val: 0.4398 | LR: 1.00e-03
4848.0s 500 Epoch 15 | Train: 0.4415 | Val: 0.4393 | LR: 1.00e-03
4848.0s 501 ✓ Saved best model
4866.9s 502 Epoch 16 | Train: 0.4413 | Val: 0.4395 | LR: 1.00e-03
4885.7s 503 Epoch 17 | Train: 0.4412 | Val: 0.4390 | LR: 1.00e-03
4885.7s 504 ✓ Saved best model
4904.6s 505 Epoch 18 | Train: 0.4411 | Val: 0.4402 | LR: 1.00e-03
4923.3s 506 Epoch 19 | Train: 0.4409 | Val: 0.4391 | LR: 1.00e-03
4942.2s 507 Epoch 20 | Train: 0.4407 | Val: 0.4392 | LR: 1.00e-03
4961.1s 508 Epoch 21 | Train: 0.4407 | Val: 0.4387 | LR: 1.00e-03
4961.1s 509 ✓ Saved best model
4980.1s 510 Epoch 22 | Train: 0.4405 | Val: 0.4398 | LR: 1.00e-03
4998.9s 511 Epoch 23 | Train: 0.4405 | Val: 0.4383 | LR: 1.00e-03
4998.9s 512 ✓ Saved best model
5017.8s 513 Epoch 24 | Train: 0.4404 | Val: 0.4386 | LR: 1.00e-03
5036.7s 514 Epoch 25 | Train: 0.4403 | Val: 0.4388 | LR: 1.00e-03
5055.7s 515 Epoch 26 | Train: 0.4403 | Val: 0.4399 | LR: 1.00e-03
5074.4s 516 Epoch 27 | Train: 0.4402 | Val: 0.4382 | LR: 1.00e-03
5074.4s 517 ✓ Saved best model
5093.2s 518 Epoch 28 | Train: 0.4401 | Val: 0.4386 | LR: 1.00e-03
5112.2s 519 Epoch 29 | Train: 0.4401 | Val: 0.4383 | LR: 1.00e-03
5131.2s 520 Epoch 30 | Train: 0.4400 | Val: 0.4382 | LR: 1.00e-03
5131.2s 521 ✓ Saved best model
5150.2s 522 Epoch 31 | Train: 0.4400 | Val: 0.4381 | LR: 1.00e-03
5150.2s 523 ✓ Saved best model
5169.1s 524 Epoch 32 | Train: 0.4399 | Val: 0.4386 | LR: 1.00e-03
5188.1s 525 Epoch 33 | Train: 0.4399 | Val: 0.4391 | LR: 1.00e-03
5207.3s 526 Epoch 34 | Train: 0.4398 | Val: 0.4385 | LR: 1.00e-03
5226.3s 527 Epoch 35 | Train: 0.4398 | Val: 0.4379 | LR: 1.00e-03
5226.3s 528 ✓ Saved best model
5245.4s 529 Epoch 36 | Train: 0.4398 | Val: 0.4382 | LR: 1.00e-03
5264.4s 530 Epoch 37 | Train: 0.4397 | Val: 0.4383 | LR: 1.00e-03
5283.5s 531 Epoch 38 | Train: 0.4396 | Val: 0.4376 | LR: 1.00e-03
5283.5s 532 ✓ Saved best model
5302.5s 533 Epoch 39 | Train: 0.4396 | Val: 0.4385 | LR: 1.00e-03
5321.6s 534 Epoch 40 | Train: 0.4396 | Val: 0.4380 | LR: 1.00e-03
5340.8s 535 Epoch 41 | Train: 0.4396 | Val: 0.4380 | LR: 1.00e-03
5359.9s 536 Epoch 42 | Train: 0.4395 | Val: 0.4383 | LR: 1.00e-03
5378.9s 537 Epoch 43 | Train: 0.4395 | Val: 0.4385 | LR: 1.00e-03
5398.1s 538 Epoch 44 | Train: 0.4395 | Val: 0.4375 | LR: 1.00e-03
5398.1s 539 ✓ Saved best model
5417.3s 540 Epoch 45 | Train: 0.4394 | Val: 0.4379 | LR: 1.00e-03
5436.3s 541 Epoch 46 | Train: 0.4394 | Val: 0.4381 | LR: 1.00e-03
5455.2s 542 Epoch 47 | Train: 0.4394 | Val: 0.4379 | LR: 1.00e-03
5474.2s 543 Epoch 48 | Train: 0.4393 | Val: 0.4380 | LR: 1.00e-03
5493.1s 544 Epoch 49 | Train: 0.4393 | Val: 0.4386 | LR: 1.00e-03
5511.8s 545 Epoch 50 | Train: 0.4393 | Val: 0.4377 | LR: 1.00e-03  → LR dropped to 5.00e-04
5530.6s 546 Epoch 51 | Train: 0.4371 | Val: 0.4365 | LR: 5.00e-04
5530.6s 547 ✓ Saved best model
5549.5s 548 Epoch 52 | Train: 0.4369 | Val: 0.4369 | LR: 5.00e-04
5568.6s 549 Epoch 53 | Train: 0.4368 | Val: 0.4368 | LR: 5.00e-04
5587.6s 550 Epoch 54 | Train: 0.4368 | Val: 0.4358 | LR: 5.00e-04
5587.6s 551 ✓ Saved best model
5606.4s 552 Epoch 55 | Train: 0.4367 | Val: 0.4360 | LR: 5.00e-04
5625.2s 553 Epoch 56 | Train: 0.4366 | Val: 0.4355 | LR: 5.00e-04
5625.2s 554 ✓ Saved best model
5644.2s 555 Epoch 57 | Train: 0.4366 | Val: 0.4358 | LR: 5.00e-04
5663.2s 556 Epoch 58 | Train: 0.4366 | Val: 0.4357 | LR: 5.00e-04
5682.0s 557 Epoch 59 | Train: 0.4365 | Val: 0.4364 | LR: 5.00e-04
5701.0s 558 Epoch 60 | Train: 0.4365 | Val: 0.4359 | LR: 5.00e-04
5720.1s 559 Epoch 61 | Train: 0.4364 | Val: 0.4365 | LR: 5.00e-04
5739.1s 560 Epoch 62 | Train: 0.4364 | Val: 0.4360 | LR: 5.00e-04  → LR dropped to 2.50e-04
5758.1s 561 Epoch 63 | Train: 0.4351 | Val: 0.4349 | LR: 2.50e-04
5758.1s 562 ✓ Saved best model
5777.1s 563 Epoch 64 | Train: 0.4350 | Val: 0.4352 | LR: 2.50e-04
5796.1s 564 Epoch 65 | Train: 0.4350 | Val: 0.4351 | LR: 2.50e-04
5815.1s 565 Epoch 66 | Train: 0.4349 | Val: 0.4355 | LR: 2.50e-04
5834.1s 566 Epoch 67 | Train: 0.4349 | Val: 0.4352 | LR: 2.50e-04
5853.2s 567 Epoch 68 | Train: 0.4348 | Val: 0.4351 | LR: 2.50e-04
5872.2s 568 Epoch 69 | Train: 0.4348 | Val: 0.4353 | LR: 2.50e-04  → LR dropped to 1.25e-04
5891.1s 569 Epoch 70 | Train: 0.4341 | Val: 0.4350 | LR: 1.25e-04
5909.9s 570 Epoch 71 | Train: 0.4340 | Val: 0.4350 | LR: 1.25e-04
5928.7s 571 Epoch 72 | Train: 0.4340 | Val: 0.4349 | LR: 1.25e-04
5928.7s 572 ✓ Saved best model
5947.5s 573 Epoch 73 | Train: 0.4340 | Val: 0.4343 | LR: 1.25e-04
5947.5s 574 ✓ Saved best model
5966.6s 575 Epoch 74 | Train: 0.4339 | Val: 0.4346 | LR: 1.25e-04
5985.6s 576 Epoch 75 | Train: 0.4339 | Val: 0.4347 | LR: 1.25e-04
6004.6s 577 Epoch 76 | Train: 0.4339 | Val: 0.4345 | LR: 1.25e-04
6023.5s 578 Epoch 77 | Train: 0.4339 | Val: 0.4345 | LR: 1.25e-04
6042.6s 579 Epoch 78 | Train: 0.4338 | Val: 0.4344 | LR: 1.25e-04
6061.7s 580 Epoch 79 | Train: 0.4338 | Val: 0.4342 | LR: 1.25e-04
6061.7s 581 ✓ Saved best model
6080.9s 582 Epoch 80 | Train: 0.4338 | Val: 0.4343 | LR: 1.25e-04
6080.9s 583 Saved: /kaggle/working/ilstm_attn_40.pt
6082.8s 584 
6082.8s 585 ==============================
6082.8s 586 Normalized Results
6082.8s 587 ==============================
6082.8s 588 MAE  : 0.3935
6082.8s 589 RMSE : 0.6390
6082.8s 590 
6082.8s 591 ==============================
6082.8s 592 Denormalized Results (Real Scale)
6082.8s 593 ==============================
6082.8s 594 MAE  : 4.1243
6082.8s 595 RMSE : 6.8639
6082.8s 596 R2   : 0.5843
6082.8s 597 MAPE : 11.11%
6082.8s 598 
6082.8s 599 FINAL RESULT 40%
6082.8s 600 MAE  : 4.1243
6082.8s 601 RMSE : 6.8639
6082.8s 602 R2   : 0.5843
6082.8s 603 MAPE : 11.11%
6083.1s 604 
6083.1s 605 ========== 80% Missing ==========
6083.1s 606 
6083.1s 607 ==============================
6083.1s 608 STARTING EXPERIMENT: 80% MISSING
6083.1s 609 ==============================
6084.8s 610 /usr/local/lib/python3.12/dist-packages/numpy/lib/_nanfunctions_impl.py:1233: RuntimeWarning: All-NaN slice encountered
6084.8s 611 return fnb._ureduce(a, func=_nanmedian, keepdims=keepdims,
6084.8s 612 
6084.8s 613 /usr/local/lib/python3.12/dist-packages/numpy/lib/_nanfunctions_impl.py:1233: RuntimeWarning: All-NaN slice encountered
6084.8s 614 return fnb._ureduce(a, func=_nanmedian, keepdims=keepdims,
6085.6s 615 Mean (first 5): [ 0.       58.069035 59.650677 58.140713 58.207787]
6085.6s 616 Std  (first 5): [ 1.        6.169877  7.77707  10.761494  9.955578]
6087.1s 617 Using device: cuda
6087.1s 618 Parameters: 159,395
6106.2s 619 Epoch 01 | Train: 0.2048 | Val: 0.1682 | LR: 1.00e-03
6106.2s 620 ✓ Saved best model
6125.3s 621 Epoch 02 | Train: 0.1980 | Val: 0.1681 | LR: 1.00e-03
6125.3s 622 ✓ Saved best model
6144.3s 623 Epoch 03 | Train: 0.1969 | Val: 0.1681 | LR: 1.00e-03
6144.3s 624 ✓ Saved best model
6163.2s 625 Epoch 04 | Train: 0.1965 | Val: 0.1681 | LR: 1.00e-03
6163.2s 626 ✓ Saved best model
6182.2s 627 Epoch 05 | Train: 0.1961 | Val: 0.1681 | LR: 1.00e-03
6182.2s 628 ✓ Saved best model
6201.2s 629 Epoch 06 | Train: 0.1958 | Val: 0.1681 | LR: 1.00e-03
6220.3s 630 Epoch 07 | Train: 0.1955 | Val: 0.1681 | LR: 1.00e-03
6239.3s 631 Epoch 08 | Train: 0.1954 | Val: 0.1681 | LR: 1.00e-03
6258.3s 632 Epoch 09 | Train: 0.1953 | Val: 0.1681 | LR: 1.00e-03
6258.3s 633 ✓ Saved best model
6277.3s 634 Epoch 10 | Train: 0.1952 | Val: 0.1681 | LR: 1.00e-03
6296.3s 635 Epoch 11 | Train: 0.1951 | Val: 0.1681 | LR: 1.00e-03  → LR dropped to 5.00e-04
6315.1s 636 Epoch 12 | Train: 0.1947 | Val: 0.1680 | LR: 5.00e-04
6315.1s 637 ✓ Saved best model
6334.0s 638 Epoch 13 | Train: 0.1947 | Val: 0.1680 | LR: 5.00e-04
6334.0s 639 ✓ Saved best model
6352.9s 640 Epoch 14 | Train: 0.1946 | Val: 0.1680 | LR: 5.00e-04
6371.9s 641 Epoch 15 | Train: 0.1946 | Val: 0.1680 | LR: 5.00e-04
6391.1s 642 Epoch 16 | Train: 0.1946 | Val: 0.1680 | LR: 5.00e-04
6410.1s 643 Epoch 17 | Train: 0.1945 | Val: 0.1680 | LR: 5.00e-04
6429.2s 644 Epoch 18 | Train: 0.1945 | Val: 0.1680 | LR: 5.00e-04  → LR dropped to 2.50e-04
6448.1s 645 Epoch 19 | Train: 0.1943 | Val: 0.1680 | LR: 2.50e-04
6448.1s 646 ✓ Saved best model
6467.2s 647 Epoch 20 | Train: 0.1943 | Val: 0.1680 | LR: 2.50e-04
6486.2s 648 Epoch 21 | Train: 0.1943 | Val: 0.1680 | LR: 2.50e-04
6505.1s 649 Epoch 22 | Train: 0.1942 | Val: 0.1680 | LR: 2.50e-04
6524.1s 650 Epoch 23 | Train: 0.1942 | Val: 0.1680 | LR: 2.50e-04
6543.1s 651 Epoch 24 | Train: 0.1942 | Val: 0.1680 | LR: 2.50e-04
6562.1s 652 Epoch 25 | Train: 0.1942 | Val: 0.1680 | LR: 2.50e-04  → LR dropped to 1.25e-04
6581.0s 653 Epoch 26 | Train: 0.1941 | Val: 0.1680 | LR: 1.25e-04
6581.0s 654 ✓ Saved best model
6600.0s 655 Epoch 27 | Train: 0.1941 | Val: 0.1680 | LR: 1.25e-04
6600.0s 656 ✓ Saved best model
6619.0s 657 Epoch 28 | Train: 0.1941 | Val: 0.1680 | LR: 1.25e-04
6638.0s 658 Epoch 29 | Train: 0.1940 | Val: 0.1680 | LR: 1.25e-04
6657.2s 659 Epoch 30 | Train: 0.1940 | Val: 0.1680 | LR: 1.25e-04
6676.2s 660 Epoch 31 | Train: 0.1940 | Val: 0.1680 | LR: 1.25e-04  → LR dropped to 6.25e-05
6695.2s 661 Epoch 32 | Train: 0.1940 | Val: 0.1680 | LR: 6.25e-05
6714.2s 662 Epoch 33 | Train: 0.1939 | Val: 0.1680 | LR: 6.25e-05
6733.0s 663 Epoch 34 | Train: 0.1939 | Val: 0.1680 | LR: 6.25e-05
6751.9s 664 Epoch 35 | Train: 0.1939 | Val: 0.1680 | LR: 6.25e-05
6770.6s 665 Epoch 36 | Train: 0.1939 | Val: 0.1680 | LR: 6.25e-05
6789.6s 666 Epoch 37 | Train: 0.1939 | Val: 0.1680 | LR: 6.25e-05  → LR dropped to 3.13e-05
6808.5s 667 Epoch 38 | Train: 0.1939 | Val: 0.1680 | LR: 3.13e-05
6808.5s 668 ✓ Saved best model
6827.4s 669 Epoch 39 | Train: 0.1939 | Val: 0.1680 | LR: 3.13e-05
6846.5s 670 Epoch 40 | Train: 0.1939 | Val: 0.1680 | LR: 3.13e-05
6846.5s 671 ✓ Saved best model
6865.4s 672 Epoch 41 | Train: 0.1939 | Val: 0.1680 | LR: 3.13e-05
6884.4s 673 Epoch 42 | Train: 0.1939 | Val: 0.1680 | LR: 3.13e-05
6903.3s 674 Epoch 43 | Train: 0.1938 | Val: 0.1680 | LR: 3.13e-05  → LR dropped to 1.56e-05
6903.3s 675 ✓ Saved best model
6922.4s 676 Epoch 44 | Train: 0.1938 | Val: 0.1680 | LR: 1.56e-05
6922.4s 677 ✓ Saved best model
6941.4s 678 Epoch 45 | Train: 0.1938 | Val: 0.1680 | LR: 1.56e-05
6941.4s 679 ✓ Saved best model
6960.5s 680 Epoch 46 | Train: 0.1938 | Val: 0.1680 | LR: 1.56e-05
6960.5s 681 ✓ Saved best model
6979.6s 682 Epoch 47 | Train: 0.1938 | Val: 0.1680 | LR: 1.56e-05
6998.7s 683 Epoch 48 | Train: 0.1938 | Val: 0.1680 | LR: 1.56e-05
7017.5s 684 Epoch 49 | Train: 0.1938 | Val: 0.1680 | LR: 1.56e-05  → LR dropped to 1.00e-05
7017.5s 685 ✓ Saved best model
7036.6s 686 Epoch 50 | Train: 0.1938 | Val: 0.1680 | LR: 1.00e-05
7036.6s 687 ✓ Saved best model
7055.6s 688 Epoch 51 | Train: 0.1938 | Val: 0.1680 | LR: 1.00e-05
7055.6s 689 ✓ Saved best model
7074.7s 690 Epoch 52 | Train: 0.1938 | Val: 0.1680 | LR: 1.00e-05
7093.7s 691 Epoch 53 | Train: 0.1938 | Val: 0.1680 | LR: 1.00e-05
7093.7s 692 ✓ Saved best model
7112.7s 693 Epoch 54 | Train: 0.1938 | Val: 0.1680 | LR: 1.00e-05
7131.7s 694 Epoch 55 | Train: 0.1938 | Val: 0.1680 | LR: 1.00e-05
7150.5s 695 Epoch 56 | Train: 0.1938 | Val: 0.1680 | LR: 1.00e-05
7150.5s 696 ✓ Saved best model
7169.2s 697 Epoch 57 | Train: 0.1938 | Val: 0.1680 | LR: 1.00e-05
7188.1s 698 Epoch 58 | Train: 0.1938 | Val: 0.1680 | LR: 1.00e-05
7207.2s 699 Epoch 59 | Train: 0.1938 | Val: 0.1680 | LR: 1.00e-05
7226.3s 700 Epoch 60 | Train: 0.1938 | Val: 0.1680 | LR: 1.00e-05
7245.3s 701 Epoch 61 | Train: 0.1938 | Val: 0.1680 | LR: 1.00e-05
7264.3s 702 Epoch 62 | Train: 0.1938 | Val: 0.1680 | LR: 1.00e-05
7283.4s 703 Epoch 63 | Train: 0.1938 | Val: 0.1680 | LR: 1.00e-05
7283.4s 704 ✓ Saved best model
7302.4s 705 Epoch 64 | Train: 0.1938 | Val: 0.1680 | LR: 1.00e-05
7321.3s 706 Epoch 65 | Train: 0.1938 | Val: 0.1680 | LR: 1.00e-05
7340.2s 707 Epoch 66 | Train: 0.1938 | Val: 0.1680 | LR: 1.00e-05
7359.1s 708 Epoch 67 | Train: 0.1938 | Val: 0.1680 | LR: 1.00e-05
7378.0s 709 Epoch 68 | Train: 0.1938 | Val: 0.1680 | LR: 1.00e-05
7397.0s 710 Epoch 69 | Train: 0.1938 | Val: 0.1680 | LR: 1.00e-05
7415.9s 711 Epoch 70 | Train: 0.1938 | Val: 0.1680 | LR: 1.00e-05
7434.9s 712 Epoch 71 | Train: 0.1938 | Val: 0.1680 | LR: 1.00e-05
7454.1s 713 Epoch 72 | Train: 0.1938 | Val: 0.1680 | LR: 1.00e-05
7473.1s 714 Epoch 73 | Train: 0.1938 | Val: 0.1680 | LR: 1.00e-05
7492.2s 715 Epoch 74 | Train: 0.1938 | Val: 0.1680 | LR: 1.00e-05
7511.2s 716 Epoch 75 | Train: 0.1938 | Val: 0.1680 | LR: 1.00e-05
7530.1s 717 Epoch 76 | Train: 0.1938 | Val: 0.1680 | LR: 1.00e-05
7549.1s 718 Epoch 77 | Train: 0.1938 | Val: 0.1680 | LR: 1.00e-05
7568.3s 719 Epoch 78 | Train: 0.1938 | Val: 0.1680 | LR: 1.00e-05
7568.3s 720 Early stopping triggered
7568.3s 721 Saved: /kaggle/working/ilstm_attn_80.pt
7570.1s 722 
7570.1s 723 ==============================
7570.1s 724 Normalized Results
7570.1s 725 ==============================
7570.1s 726 MAE  : 0.1444
7570.1s 727 RMSE : 0.4860
7570.1s 728 
7570.1s 729 ==============================
7570.1s 730 Denormalized Results (Real Scale)
7570.1s 731 ==============================
7570.1s 732 MAE  : 1.5373
7570.1s 733 RMSE : 5.3283
7570.1s 734 R2   : 0.5090
7570.1s 735 MAPE : 5.85%
7570.1s 736 
7570.1s 737 FINAL RESULT 80%
7570.1s 738 MAE  : 1.5373
7570.1s 739 RMSE : 5.3283
7570.1s 740 R2   : 0.5090
7570.1s 741 MAPE : 5.85%
7570.2s 742 
7570.2s 743 ==============================
7570.2s 744 FINAL SUMMARY (LOOP-SEA ILSTM-Attention)
7570.2s 745 ==============================
7570.2s 746 0% -> MAE: 2.8422, RMSE: 4.5405, R2: 0.8778, MAPE: 7.66%
7570.2s 747 10% -> MAE: 3.2763, RMSE: 5.5341, R2: 0.8023, MAPE: 8.57%
7570.2s 748 20% -> MAE: 3.6673, RMSE: 6.2295, R2: 0.7250, MAPE: 9.42%
7570.2s 749 40% -> MAE: 4.1243, RMSE: 6.8639, R2: 0.5843, MAPE: 11.11%
7570.2s 750 80% -> MAE: 1.5373, RMSE: 5.3283, R2: 0.5090, MAPE: 5.85%
7576.4s 751 /usr/local/lib/python3.12/dist-packages/mistune.py:435: SyntaxWarning: invalid escape sequence '\|'
7576.4s 752 cells[i][c] = re.sub('\\\\\|', '|', cell)
7576.6s 753 /usr/local/lib/python3.12/dist-packages/nbconvert/filters/filter_links.py:36: SyntaxWarning: invalid escape sequence '\_'
7576.6s 754 text = re.sub(r'_', '\_', text) # Escape underscores in display text
7577.2s 755 [NbConvertApp] Converting notebook __notebook__.ipynb to notebook
7578.8s 756 [NbConvertApp] Writing 4723890 bytes to __notebook__.ipynb
7581.2s 757 [NbConvertApp] Converting notebook __notebook__.ipynb to html
7583.0s 758 [NbConvertApp] Writing 4128213 bytes to __results__.html